mode: set
lfr-tunnel/pkg/mail/mail.go:30.45,32.2 1 1
lfr-tunnel/pkg/mail/mail.go:35.91,45.27 5 1
lfr-tunnel/pkg/mail/mail.go:45.27,47.3 1 0
lfr-tunnel/pkg/mail/mail.go:47.8,49.3 1 1
lfr-tunnel/pkg/mail/mail.go:50.2,50.16 1 1
lfr-tunnel/pkg/mail/mail.go:50.16,52.3 1 0
lfr-tunnel/pkg/mail/mail.go:53.2,56.16 3 1
lfr-tunnel/pkg/mail/mail.go:56.16,58.3 1 0
lfr-tunnel/pkg/mail/mail.go:59.2,61.27 2 1
lfr-tunnel/pkg/mail/mail.go:61.27,62.43 1 1
lfr-tunnel/pkg/mail/mail.go:62.43,63.48 1 1
lfr-tunnel/pkg/mail/mail.go:63.48,65.5 1 0
lfr-tunnel/pkg/mail/mail.go:69.2,69.30 1 1
lfr-tunnel/pkg/mail/mail.go:69.30,71.38 2 1
lfr-tunnel/pkg/mail/mail.go:71.38,73.4 1 0
lfr-tunnel/pkg/mail/mail.go:76.2,77.73 2 1
lfr-tunnel/pkg/mail/mail.go:77.73,79.3 1 1
lfr-tunnel/pkg/mail/mail.go:80.2,80.41 1 1
lfr-tunnel/pkg/mail/mail.go:80.41,82.3 1 0
lfr-tunnel/pkg/mail/mail.go:83.2,83.35 1 1
lfr-tunnel/pkg/mail/mail.go:83.35,85.3 1 0
lfr-tunnel/pkg/mail/mail.go:87.2,88.16 2 1
lfr-tunnel/pkg/mail/mail.go:88.16,90.3 1 0
lfr-tunnel/pkg/mail/mail.go:91.2,101.28 9 1
lfr-tunnel/pkg/mail/mail.go:101.28,103.3 1 1
lfr-tunnel/pkg/mail/mail.go:105.2,108.21 2 1
lfr-tunnel/pkg/mail/mail.go:108.21,112.3 3 1
lfr-tunnel/pkg/mail/mail.go:115.2,115.16 1 1
lfr-tunnel/pkg/mail/mail.go:115.16,119.3 3 1
lfr-tunnel/pkg/mail/mail.go:121.2,124.16 3 1
lfr-tunnel/pkg/mail/mail.go:124.16,126.3 1 0
lfr-tunnel/pkg/mail/mail.go:128.2,128.12 1 1
lfr-tunnel/pkg/mcp/server.go:57.23,59.2 1 0
lfr-tunnel/pkg/mcp/server.go:62.43,65.21 3 1
lfr-tunnel/pkg/mcp/server.go:65.21,67.63 2 1
lfr-tunnel/pkg/mcp/server.go:67.63,69.12 2 0
lfr-tunnel/pkg/mcp/server.go:71.3,71.22 1 1
lfr-tunnel/pkg/mcp/server.go:75.34,76.20 1 1
lfr-tunnel/pkg/mcp/server.go:77.20,86.29 2 1
lfr-tunnel/pkg/mcp/server.go:88.21,88.21 0 0
lfr-tunnel/pkg/mcp/server.go:91.20,163.61 2 1
lfr-tunnel/pkg/mcp/server.go:165.20,170.61 2 1
lfr-tunnel/pkg/mcp/server.go:170.61,173.4 2 0
lfr-tunnel/pkg/mcp/server.go:174.3,174.56 1 1
lfr-tunnel/pkg/mcp/server.go:176.10,177.77 1 0
lfr-tunnel/pkg/mcp/server.go:181.72,182.14 1 1
lfr-tunnel/pkg/mcp/server.go:183.27,185.17 2 1
lfr-tunnel/pkg/mcp/server.go:185.17,187.4 1 0
lfr-tunnel/pkg/mcp/server.go:187.9,189.4 1 1
lfr-tunnel/pkg/mcp/server.go:191.22,200.17 4 0
lfr-tunnel/pkg/mcp/server.go:200.17,202.4 1 0
lfr-tunnel/pkg/mcp/server.go:202.9,204.4 1 0
lfr-tunnel/pkg/mcp/server.go:206.21,213.17 4 0
lfr-tunnel/pkg/mcp/server.go:213.17,215.4 1 0
lfr-tunnel/pkg/mcp/server.go:215.9,217.4 1 0
lfr-tunnel/pkg/mcp/server.go:219.23,224.24 3 1
lfr-tunnel/pkg/mcp/server.go:224.24,226.4 1 0
lfr-tunnel/pkg/mcp/server.go:228.3,229.17 2 1
lfr-tunnel/pkg/mcp/server.go:229.17,231.4 1 0
lfr-tunnel/pkg/mcp/server.go:231.9,233.4 1 1
lfr-tunnel/pkg/mcp/server.go:235.24,239.81 2 0
lfr-tunnel/pkg/mcp/server.go:239.81,242.4 2 0
lfr-tunnel/pkg/mcp/server.go:244.3,245.17 2 0
lfr-tunnel/pkg/mcp/server.go:245.17,247.4 1 0
lfr-tunnel/pkg/mcp/server.go:247.9,249.4 1 0
lfr-tunnel/pkg/mcp/server.go:251.10,252.65 1 1
lfr-tunnel/pkg/mcp/server.go:257.45,259.16 2 1
lfr-tunnel/pkg/mcp/server.go:259.16,261.3 1 0
lfr-tunnel/pkg/mcp/server.go:262.2,264.16 3 1
lfr-tunnel/pkg/mcp/server.go:264.16,265.25 1 1
lfr-tunnel/pkg/mcp/server.go:265.25,267.4 1 1
lfr-tunnel/pkg/mcp/server.go:268.3,268.18 1 0
lfr-tunnel/pkg/mcp/server.go:271.2,272.26 2 1
lfr-tunnel/pkg/mcp/server.go:272.26,273.104 1 1
lfr-tunnel/pkg/mcp/server.go:273.104,276.18 3 1
lfr-tunnel/pkg/mcp/server.go:276.18,277.13 1 0
lfr-tunnel/pkg/mcp/server.go:279.4,280.55 2 1
lfr-tunnel/pkg/mcp/server.go:280.55,281.13 1 0
lfr-tunnel/pkg/mcp/server.go:285.4,285.32 1 1
lfr-tunnel/pkg/mcp/server.go:285.32,287.13 2 0
lfr-tunnel/pkg/mcp/server.go:291.4,300.6 2 1
lfr-tunnel/pkg/mcp/server.go:304.2,304.69 1 1
lfr-tunnel/pkg/mcp/server.go:308.76,310.16 2 1
lfr-tunnel/pkg/mcp/server.go:310.16,312.3 1 0
lfr-tunnel/pkg/mcp/server.go:314.2,315.21 2 1
lfr-tunnel/pkg/mcp/server.go:315.21,317.3 1 1
lfr-tunnel/pkg/mcp/server.go:318.2,318.17 1 1
lfr-tunnel/pkg/mcp/server.go:318.17,320.3 1 1
lfr-tunnel/pkg/mcp/server.go:321.2,321.22 1 1
lfr-tunnel/pkg/mcp/server.go:321.22,323.3 1 1
lfr-tunnel/pkg/mcp/server.go:325.2,326.36 2 1
lfr-tunnel/pkg/mcp/server.go:326.36,328.3 1 0
lfr-tunnel/pkg/mcp/server.go:331.2,335.26 4 1
lfr-tunnel/pkg/mcp/server.go:335.26,338.17 3 1
lfr-tunnel/pkg/mcp/server.go:338.17,339.12 1 0
lfr-tunnel/pkg/mcp/server.go:341.3,341.27 1 1
lfr-tunnel/pkg/mcp/server.go:341.27,342.105 1 1
lfr-tunnel/pkg/mcp/server.go:342.105,346.84 4 1
lfr-tunnel/pkg/mcp/server.go:346.84,348.11 2 0
lfr-tunnel/pkg/mcp/server.go:352.3,352.19 1 1
lfr-tunnel/pkg/mcp/server.go:352.19,353.9 1 0
lfr-tunnel/pkg/mcp/server.go:357.2,357.18 1 1
lfr-tunnel/pkg/mcp/server.go:357.18,363.3 1 1
lfr-tunnel/pkg/mcp/server.go:365.2,370.8 1 0
lfr-tunnel/pkg/mcp/server.go:374.56,376.16 2 1
lfr-tunnel/pkg/mcp/server.go:376.16,378.3 1 0
lfr-tunnel/pkg/mcp/server.go:380.2,381.21 2 1
lfr-tunnel/pkg/mcp/server.go:381.21,383.3 1 1
lfr-tunnel/pkg/mcp/server.go:385.2,387.16 3 1
lfr-tunnel/pkg/mcp/server.go:387.16,389.3 1 1
lfr-tunnel/pkg/mcp/server.go:391.2,394.8 1 0
lfr-tunnel/pkg/mcp/server.go:398.51,400.16 2 1
lfr-tunnel/pkg/mcp/server.go:400.16,402.3 1 0
lfr-tunnel/pkg/mcp/server.go:404.2,406.16 3 1
lfr-tunnel/pkg/mcp/server.go:406.16,408.3 1 0
lfr-tunnel/pkg/mcp/server.go:409.2,411.38 2 1
lfr-tunnel/pkg/mcp/server.go:411.38,413.3 1 0
lfr-tunnel/pkg/mcp/server.go:415.2,418.66 2 1
lfr-tunnel/pkg/mcp/server.go:418.66,420.3 1 0
lfr-tunnel/pkg/mcp/server.go:422.2,423.26 2 1
lfr-tunnel/pkg/mcp/server.go:423.26,425.3 1 0
lfr-tunnel/pkg/mcp/server.go:427.2,427.57 1 1
lfr-tunnel/pkg/mcp/server.go:431.59,433.16 2 1
lfr-tunnel/pkg/mcp/server.go:433.16,435.3 1 0
lfr-tunnel/pkg/mcp/server.go:437.2,438.16 2 1
lfr-tunnel/pkg/mcp/server.go:438.16,440.3 1 0
lfr-tunnel/pkg/mcp/server.go:442.2,444.16 3 1
lfr-tunnel/pkg/mcp/server.go:444.16,446.3 1 0
lfr-tunnel/pkg/mcp/server.go:447.2,449.38 2 1
lfr-tunnel/pkg/mcp/server.go:449.38,452.3 2 1
lfr-tunnel/pkg/mcp/server.go:454.2,455.67 2 0
lfr-tunnel/pkg/mcp/server.go:455.67,457.3 1 0
lfr-tunnel/pkg/mcp/server.go:459.2,459.20 1 0
lfr-tunnel/pkg/mcp/server.go:464.51,466.16 2 1
lfr-tunnel/pkg/mcp/server.go:466.16,468.3 1 0
lfr-tunnel/pkg/mcp/server.go:469.2,471.16 3 1
lfr-tunnel/pkg/mcp/server.go:471.16,473.3 1 0
lfr-tunnel/pkg/mcp/server.go:475.2,475.26 1 1
lfr-tunnel/pkg/mcp/server.go:475.26,476.104 1 1
lfr-tunnel/pkg/mcp/server.go:476.104,479.18 3 1
lfr-tunnel/pkg/mcp/server.go:479.18,480.13 1 0
lfr-tunnel/pkg/mcp/server.go:482.4,483.82 2 1
lfr-tunnel/pkg/mcp/server.go:483.82,485.5 1 1
lfr-tunnel/pkg/mcp/server.go:489.2,489.58 1 0
lfr-tunnel/pkg/mcp/server.go:492.49,495.16 3 1
lfr-tunnel/pkg/mcp/server.go:495.16,497.3 1 1
lfr-tunnel/pkg/mcp/server.go:498.2,501.65 3 1
lfr-tunnel/pkg/mcp/server.go:501.65,503.3 1 1
lfr-tunnel/pkg/mcp/server.go:504.2,504.50 1 0
lfr-tunnel/pkg/mcp/server.go:507.33,509.2 1 1
lfr-tunnel/pkg/mcp/server.go:513.53,521.2 3 1
lfr-tunnel/pkg/mcp/server.go:523.58,534.2 3 1
lfr-tunnel/pkg/mcp/server.go:536.59,547.2 3 1
lfr-tunnel/pkg/mcp/server.go:549.51,560.2 2 1
lfr-tunnel/pkg/config/config.go:155.42,229.2 2 1
lfr-tunnel/pkg/config/config.go:232.42,238.2 1 1
lfr-tunnel/pkg/config/config.go:241.59,244.16 2 1
lfr-tunnel/pkg/config/config.go:244.16,246.17 2 1
lfr-tunnel/pkg/config/config.go:246.17,248.4 1 0
lfr-tunnel/pkg/config/config.go:249.3,252.41 3 1
lfr-tunnel/pkg/config/config.go:252.41,254.4 1 0
lfr-tunnel/pkg/config/config.go:258.2,258.48 1 1
lfr-tunnel/pkg/config/config.go:258.48,260.29 2 1
lfr-tunnel/pkg/config/config.go:260.29,262.4 1 1
lfr-tunnel/pkg/config/config.go:263.3,263.24 1 1
lfr-tunnel/pkg/config/config.go:265.2,265.50 1 1
lfr-tunnel/pkg/config/config.go:265.50,267.3 1 1
lfr-tunnel/pkg/config/config.go:268.2,268.55 1 1
lfr-tunnel/pkg/config/config.go:268.55,270.3 1 0
lfr-tunnel/pkg/config/config.go:271.2,271.57 1 1
lfr-tunnel/pkg/config/config.go:271.57,273.3 1 0
lfr-tunnel/pkg/config/config.go:274.2,274.49 1 1
lfr-tunnel/pkg/config/config.go:274.49,276.3 1 0
lfr-tunnel/pkg/config/config.go:277.2,277.48 1 1
lfr-tunnel/pkg/config/config.go:277.48,279.3 1 0
lfr-tunnel/pkg/config/config.go:280.2,280.55 1 1
lfr-tunnel/pkg/config/config.go:280.55,282.3 1 0
lfr-tunnel/pkg/config/config.go:283.2,283.59 1 1
lfr-tunnel/pkg/config/config.go:283.59,285.3 1 0
lfr-tunnel/pkg/config/config.go:286.2,286.58 1 1
lfr-tunnel/pkg/config/config.go:286.58,288.3 1 0
lfr-tunnel/pkg/config/config.go:289.2,289.55 1 1
lfr-tunnel/pkg/config/config.go:289.55,291.3 1 0
lfr-tunnel/pkg/config/config.go:292.2,292.59 1 1
lfr-tunnel/pkg/config/config.go:292.59,294.3 1 0
lfr-tunnel/pkg/config/config.go:295.2,295.50 1 1
lfr-tunnel/pkg/config/config.go:295.50,297.3 1 1
lfr-tunnel/pkg/config/config.go:298.2,298.48 1 1
lfr-tunnel/pkg/config/config.go:298.48,300.3 1 0
lfr-tunnel/pkg/config/config.go:301.2,301.50 1 1
lfr-tunnel/pkg/config/config.go:301.50,303.3 1 0
lfr-tunnel/pkg/config/config.go:304.2,304.50 1 1
lfr-tunnel/pkg/config/config.go:304.50,305.46 1 0
lfr-tunnel/pkg/config/config.go:305.46,307.4 1 0
lfr-tunnel/pkg/config/config.go:309.2,309.54 1 1
lfr-tunnel/pkg/config/config.go:309.54,311.3 1 0
lfr-tunnel/pkg/config/config.go:312.2,312.54 1 1
lfr-tunnel/pkg/config/config.go:312.54,314.3 1 0
lfr-tunnel/pkg/config/config.go:315.2,315.50 1 1
lfr-tunnel/pkg/config/config.go:315.50,317.3 1 0
lfr-tunnel/pkg/config/config.go:318.2,318.52 1 1
lfr-tunnel/pkg/config/config.go:318.52,320.3 1 0
lfr-tunnel/pkg/config/config.go:321.2,321.54 1 1
lfr-tunnel/pkg/config/config.go:321.54,323.3 1 0
lfr-tunnel/pkg/config/config.go:324.2,324.51 1 1
lfr-tunnel/pkg/config/config.go:324.51,326.3 1 0
lfr-tunnel/pkg/config/config.go:327.2,327.51 1 1
lfr-tunnel/pkg/config/config.go:327.51,329.3 1 0
lfr-tunnel/pkg/config/config.go:330.2,330.56 1 1
lfr-tunnel/pkg/config/config.go:330.56,332.29 2 0
lfr-tunnel/pkg/config/config.go:332.29,334.4 1 0
lfr-tunnel/pkg/config/config.go:335.3,335.36 1 0
lfr-tunnel/pkg/config/config.go:338.2,338.61 1 1
lfr-tunnel/pkg/config/config.go:338.61,340.3 1 0
lfr-tunnel/pkg/config/config.go:341.2,341.59 1 1
lfr-tunnel/pkg/config/config.go:341.59,343.3 1 0
lfr-tunnel/pkg/config/config.go:344.2,344.51 1 1
lfr-tunnel/pkg/config/config.go:344.51,346.3 1 1
lfr-tunnel/pkg/config/config.go:347.2,347.58 1 1
lfr-tunnel/pkg/config/config.go:347.58,349.3 1 0
lfr-tunnel/pkg/config/config.go:350.2,350.51 1 1
lfr-tunnel/pkg/config/config.go:350.51,352.3 1 0
lfr-tunnel/pkg/config/config.go:353.2,353.64 1 1
lfr-tunnel/pkg/config/config.go:353.64,354.52 1 0
lfr-tunnel/pkg/config/config.go:354.52,356.4 1 0
lfr-tunnel/pkg/config/config.go:358.2,358.59 1 1
lfr-tunnel/pkg/config/config.go:358.59,360.3 1 1
lfr-tunnel/pkg/config/config.go:361.2,361.62 1 1
lfr-tunnel/pkg/config/config.go:361.62,363.3 1 1
lfr-tunnel/pkg/config/config.go:364.2,364.53 1 1
lfr-tunnel/pkg/config/config.go:364.53,366.3 1 1
lfr-tunnel/pkg/config/config.go:367.2,367.65 1 1
lfr-tunnel/pkg/config/config.go:367.65,368.50 1 0
lfr-tunnel/pkg/config/config.go:368.50,370.4 1 0
lfr-tunnel/pkg/config/config.go:372.2,372.67 1 1
lfr-tunnel/pkg/config/config.go:372.67,373.50 1 0
lfr-tunnel/pkg/config/config.go:373.50,375.4 1 0
lfr-tunnel/pkg/config/config.go:377.2,377.66 1 1
lfr-tunnel/pkg/config/config.go:377.66,378.49 1 0
lfr-tunnel/pkg/config/config.go:378.49,380.4 1 0
lfr-tunnel/pkg/config/config.go:382.2,382.56 1 1
lfr-tunnel/pkg/config/config.go:382.56,383.52 1 0
lfr-tunnel/pkg/config/config.go:383.52,385.4 1 0
lfr-tunnel/pkg/config/config.go:387.2,387.59 1 1
lfr-tunnel/pkg/config/config.go:387.59,388.49 1 0
lfr-tunnel/pkg/config/config.go:388.49,390.4 1 0
lfr-tunnel/pkg/config/config.go:392.2,392.51 1 1
lfr-tunnel/pkg/config/config.go:392.51,394.3 1 1
lfr-tunnel/pkg/config/config.go:395.2,395.60 1 1
lfr-tunnel/pkg/config/config.go:395.60,397.3 1 0
lfr-tunnel/pkg/config/config.go:398.2,398.65 1 1
lfr-tunnel/pkg/config/config.go:398.65,400.3 1 1
lfr-tunnel/pkg/config/config.go:401.2,401.54 1 1
lfr-tunnel/pkg/config/config.go:401.54,403.53 2 1
lfr-tunnel/pkg/config/config.go:403.53,404.58 1 1
lfr-tunnel/pkg/config/config.go:404.58,406.5 1 1
lfr-tunnel/pkg/config/config.go:408.3,408.33 1 1
lfr-tunnel/pkg/config/config.go:408.33,411.31 3 1
lfr-tunnel/pkg/config/config.go:411.31,413.21 2 1
lfr-tunnel/pkg/config/config.go:413.21,415.6 1 1
lfr-tunnel/pkg/config/config.go:417.4,417.18 1 1
lfr-tunnel/pkg/config/config.go:417.18,419.5 1 1
lfr-tunnel/pkg/config/config.go:423.2,423.17 1 1
lfr-tunnel/pkg/config/config.go:427.59,430.16 2 1
lfr-tunnel/pkg/config/config.go:430.16,432.17 2 1
lfr-tunnel/pkg/config/config.go:432.17,434.4 1 0
lfr-tunnel/pkg/config/config.go:435.3,438.41 3 1
lfr-tunnel/pkg/config/config.go:438.41,440.4 1 0
lfr-tunnel/pkg/config/config.go:444.2,444.25 1 1
lfr-tunnel/pkg/config/config.go:444.25,446.26 2 1
lfr-tunnel/pkg/config/config.go:446.26,448.18 2 1
lfr-tunnel/pkg/config/config.go:448.18,450.5 1 1
lfr-tunnel/pkg/config/config.go:452.3,452.26 1 1
lfr-tunnel/pkg/config/config.go:452.26,453.59 1 1
lfr-tunnel/pkg/config/config.go:453.59,455.96 2 1
lfr-tunnel/pkg/config/config.go:455.96,456.88 1 0
lfr-tunnel/pkg/config/config.go:456.88,458.7 1 0
lfr-tunnel/pkg/config/config.go:459.11,461.6 1 1
lfr-tunnel/pkg/config/config.go:463.5,463.53 1 1
lfr-tunnel/pkg/config/config.go:469.2,469.25 1 1
lfr-tunnel/pkg/config/config.go:469.25,471.17 2 1
lfr-tunnel/pkg/config/config.go:471.17,476.28 2 1
lfr-tunnel/pkg/config/config.go:476.28,477.75 1 1
lfr-tunnel/pkg/config/config.go:477.75,480.11 3 1
lfr-tunnel/pkg/config/config.go:487.2,487.54 1 1
lfr-tunnel/pkg/config/config.go:487.54,489.3 1 1
lfr-tunnel/pkg/config/config.go:489.8,489.58 1 1
lfr-tunnel/pkg/config/config.go:489.58,491.3 1 1
lfr-tunnel/pkg/config/config.go:491.8,491.54 1 1
lfr-tunnel/pkg/config/config.go:491.54,493.3 1 0
lfr-tunnel/pkg/config/config.go:495.2,495.53 1 1
lfr-tunnel/pkg/config/config.go:495.53,497.3 1 1
lfr-tunnel/pkg/config/config.go:497.8,497.53 1 1
lfr-tunnel/pkg/config/config.go:497.53,499.3 1 1
lfr-tunnel/pkg/config/config.go:501.2,501.57 1 1
lfr-tunnel/pkg/config/config.go:501.57,503.3 1 0
lfr-tunnel/pkg/config/config.go:503.8,503.57 1 1
lfr-tunnel/pkg/config/config.go:503.57,505.3 1 1
lfr-tunnel/pkg/config/config.go:507.2,507.53 1 1
lfr-tunnel/pkg/config/config.go:507.53,510.30 3 1
lfr-tunnel/pkg/config/config.go:510.30,512.48 2 1
lfr-tunnel/pkg/config/config.go:512.48,514.5 1 1
lfr-tunnel/pkg/config/config.go:516.3,516.21 1 1
lfr-tunnel/pkg/config/config.go:516.21,518.4 1 1
lfr-tunnel/pkg/config/config.go:521.2,521.52 1 1
lfr-tunnel/pkg/config/config.go:521.52,523.3 1 1
lfr-tunnel/pkg/config/config.go:525.2,525.56 1 1
lfr-tunnel/pkg/config/config.go:525.56,527.3 1 0
lfr-tunnel/pkg/config/config.go:527.8,527.56 1 1
lfr-tunnel/pkg/config/config.go:527.56,529.3 1 1
lfr-tunnel/pkg/config/config.go:531.2,531.61 1 1
lfr-tunnel/pkg/config/config.go:531.61,533.3 1 0
lfr-tunnel/pkg/config/config.go:533.8,533.61 1 1
lfr-tunnel/pkg/config/config.go:533.61,535.3 1 1
lfr-tunnel/pkg/config/config.go:537.2,537.54 1 1
lfr-tunnel/pkg/config/config.go:537.54,539.3 1 0
lfr-tunnel/pkg/config/config.go:539.8,539.54 1 1
lfr-tunnel/pkg/config/config.go:539.54,541.3 1 0
lfr-tunnel/pkg/config/config.go:543.2,543.61 1 1
lfr-tunnel/pkg/config/config.go:543.61,545.3 1 0
lfr-tunnel/pkg/config/config.go:545.8,545.61 1 1
lfr-tunnel/pkg/config/config.go:545.61,547.3 1 0
lfr-tunnel/pkg/config/config.go:549.2,549.55 1 1
lfr-tunnel/pkg/config/config.go:549.55,550.52 1 0
lfr-tunnel/pkg/config/config.go:550.52,552.4 1 0
lfr-tunnel/pkg/config/config.go:553.8,553.55 1 1
lfr-tunnel/pkg/config/config.go:553.55,554.52 1 0
lfr-tunnel/pkg/config/config.go:554.52,556.4 1 0
lfr-tunnel/pkg/config/config.go:559.2,559.57 1 1
lfr-tunnel/pkg/config/config.go:559.57,561.3 1 0
lfr-tunnel/pkg/config/config.go:561.8,561.57 1 1
lfr-tunnel/pkg/config/config.go:561.57,563.3 1 0
lfr-tunnel/pkg/config/config.go:565.2,565.17 1 1
lfr-tunnel/pkg/config/config.go:570.44,571.18 1 1
lfr-tunnel/pkg/config/config.go:571.18,573.3 1 0
lfr-tunnel/pkg/config/config.go:575.2,576.36 2 1
lfr-tunnel/pkg/config/config.go:576.36,578.3 1 0
lfr-tunnel/pkg/config/config.go:579.2,580.38 2 1
lfr-tunnel/pkg/config/config.go:580.38,582.3 1 1
lfr-tunnel/pkg/config/config.go:583.2,583.15 1 0
lfr-tunnel/pkg/config/config.go:588.52,590.16 2 1
lfr-tunnel/pkg/config/config.go:590.16,592.3 1 0
lfr-tunnel/pkg/config/config.go:593.2,596.21 3 1
lfr-tunnel/pkg/config/config.go:596.21,598.49 2 1
lfr-tunnel/pkg/config/config.go:598.49,599.12 1 1
lfr-tunnel/pkg/config/config.go:603.3,603.41 1 1
lfr-tunnel/pkg/config/config.go:603.41,606.4 2 1
lfr-tunnel/pkg/config/config.go:609.3,609.39 1 1
lfr-tunnel/pkg/config/config.go:609.39,612.4 2 1
lfr-tunnel/pkg/config/config.go:615.3,616.22 2 1
lfr-tunnel/pkg/config/config.go:616.22,617.12 1 0
lfr-tunnel/pkg/config/config.go:619.3,622.54 3 1
lfr-tunnel/pkg/config/config.go:622.54,625.66 1 1
lfr-tunnel/pkg/config/config.go:625.66,626.22 1 1
lfr-tunnel/pkg/config/config.go:626.22,628.6 1 1
lfr-tunnel/pkg/config/config.go:630.4,630.19 1 1
lfr-tunnel/pkg/config/config.go:633.2,633.26 1 0
lfr-tunnel/pkg/config/config.go:637.58,638.31 1 1
lfr-tunnel/pkg/config/config.go:638.31,640.3 1 0
lfr-tunnel/pkg/config/config.go:641.2,641.44 1 1
lfr-tunnel/pkg/config/config.go:641.44,642.35 1 1
lfr-tunnel/pkg/config/config.go:642.35,644.4 1 1
lfr-tunnel/pkg/nginx/maintenance.go:19.68,23.2 1 1
lfr-tunnel/pkg/nginx/maintenance.go:25.62,27.16 2 1
lfr-tunnel/pkg/nginx/maintenance.go:27.16,28.75 1 1
lfr-tunnel/pkg/nginx/maintenance.go:28.75,30.4 1 0
lfr-tunnel/pkg/nginx/maintenance.go:32.2,32.13 1 1
lfr-tunnel/pkg/nginx/maintenance.go:36.117,38.23 2 1
lfr-tunnel/pkg/nginx/maintenance.go:38.23,41.3 2 1
lfr-tunnel/pkg/nginx/maintenance.go:43.2,44.54 2 1
lfr-tunnel/pkg/nginx/maintenance.go:44.54,47.3 2 0
lfr-tunnel/pkg/nginx/maintenance.go:48.2,48.75 1 1
lfr-tunnel/pkg/nginx/maintenance.go:48.75,51.3 2 0
lfr-tunnel/pkg/nginx/maintenance.go:53.2,55.20 3 1
lfr-tunnel/pkg/nginx/maintenance.go:55.20,57.3 1 1
lfr-tunnel/pkg/nginx/maintenance.go:59.2,65.78 6 1
lfr-tunnel/pkg/nginx/maintenance.go:65.78,67.3 1 0
lfr-tunnel/pkg/nginx/maintenance.go:67.8,69.3 1 1
lfr-tunnel/pkg/nginx/maintenance.go:71.2,72.62 2 1
lfr-tunnel/pkg/nginx/maintenance.go:72.62,74.79 2 0
lfr-tunnel/pkg/nginx/maintenance.go:74.79,76.4 1 0
lfr-tunnel/pkg/nginx/maintenance.go:76.9,78.4 1 0
lfr-tunnel/pkg/nginx/maintenance.go:83.40,85.23 2 1
lfr-tunnel/pkg/nginx/maintenance.go:85.23,87.3 1 1
lfr-tunnel/pkg/nginx/maintenance.go:89.2,92.55 4 1
lfr-tunnel/pkg/nginx/maintenance.go:96.46,98.23 2 1
lfr-tunnel/pkg/nginx/maintenance.go:98.23,99.49 1 1
lfr-tunnel/pkg/nginx/maintenance.go:99.49,101.4 1 1
lfr-tunnel/pkg/nginx/maintenance.go:103.2,103.14 1 1
lfr-tunnel/pkg/logger/logger.go:10.45,12.35 2 1
lfr-tunnel/pkg/logger/logger.go:13.15,14.26 1 1
lfr-tunnel/pkg/logger/logger.go:15.14,16.25 1 1
lfr-tunnel/pkg/logger/logger.go:17.25,18.25 1 0
lfr-tunnel/pkg/logger/logger.go:19.15,20.26 1 0
lfr-tunnel/pkg/logger/logger.go:21.10,22.25 1 0
lfr-tunnel/pkg/logger/logger.go:25.2,30.16 3 1
lfr-tunnel/pkg/logger/logger.go:30.16,32.3 1 1
lfr-tunnel/pkg/logger/logger.go:32.8,34.3 1 1
lfr-tunnel/pkg/logger/logger.go:36.2,37.25 2 1
lfr-tunnel/pkg/client/client.go:68.44,69.23 1 1
lfr-tunnel/pkg/client/client.go:69.23,71.3 1 1
lfr-tunnel/pkg/client/client.go:72.2,72.71 1 1
lfr-tunnel/pkg/client/client.go:77.66,85.85 5 1
lfr-tunnel/pkg/client/client.go:85.85,86.17 1 1
lfr-tunnel/pkg/client/client.go:86.17,88.4 1 0
lfr-tunnel/pkg/client/client.go:90.3,90.16 1 1
lfr-tunnel/pkg/client/client.go:90.16,95.41 2 1
lfr-tunnel/pkg/client/client.go:95.41,97.5 1 0
lfr-tunnel/pkg/client/client.go:98.4,98.14 1 1
lfr-tunnel/pkg/client/client.go:102.3,102.80 1 1
lfr-tunnel/pkg/client/client.go:102.80,104.18 2 1
lfr-tunnel/pkg/client/client.go:104.18,106.5 1 0
lfr-tunnel/pkg/client/client.go:107.4,111.44 4 1
lfr-tunnel/pkg/client/client.go:111.44,112.38 1 1
lfr-tunnel/pkg/client/client.go:112.38,114.13 2 1
lfr-tunnel/pkg/client/client.go:114.13,115.15 1 0
lfr-tunnel/pkg/client/client.go:118.6,119.17 2 1
lfr-tunnel/pkg/client/client.go:119.17,120.15 1 0
lfr-tunnel/pkg/client/client.go:123.6,124.33 2 1
lfr-tunnel/pkg/client/client.go:125.15,126.15 1 1
lfr-tunnel/pkg/client/client.go:127.19,128.20 1 0
lfr-tunnel/pkg/client/client.go:129.18,130.32 1 0
lfr-tunnel/pkg/client/client.go:133.6,133.38 1 1
lfr-tunnel/pkg/client/client.go:133.38,141.7 3 1
lfr-tunnel/pkg/client/client.go:145.3,145.13 1 1
lfr-tunnel/pkg/client/client.go:148.2,148.22 1 1
lfr-tunnel/pkg/client/client.go:152.264,154.43 1 1
lfr-tunnel/pkg/client/client.go:154.43,156.3 1 0
lfr-tunnel/pkg/client/client.go:157.2,158.16 2 1
lfr-tunnel/pkg/client/client.go:158.16,160.3 1 0
lfr-tunnel/pkg/client/client.go:162.2,177.16 3 1
lfr-tunnel/pkg/client/client.go:177.16,179.3 1 0
lfr-tunnel/pkg/client/client.go:181.2,182.16 2 1
lfr-tunnel/pkg/client/client.go:182.16,184.3 1 0
lfr-tunnel/pkg/client/client.go:185.2,188.68 3 1
lfr-tunnel/pkg/client/client.go:188.68,190.3 1 0
lfr-tunnel/pkg/client/client.go:192.2,192.38 1 1
lfr-tunnel/pkg/client/client.go:192.38,193.26 1 1
lfr-tunnel/pkg/client/client.go:193.26,199.4 1 1
lfr-tunnel/pkg/client/client.go:200.3,203.4 1 0
lfr-tunnel/pkg/client/client.go:206.2,206.33 1 1
lfr-tunnel/pkg/client/client.go:206.33,208.3 1 0
lfr-tunnel/pkg/client/client.go:210.2,210.22 1 1
lfr-tunnel/pkg/client/client.go:214.141,216.43 1 1
lfr-tunnel/pkg/client/client.go:216.43,218.3 1 0
lfr-tunnel/pkg/client/client.go:221.2,231.16 3 1
lfr-tunnel/pkg/client/client.go:231.16,233.3 1 0
lfr-tunnel/pkg/client/client.go:236.2,240.33 3 1
lfr-tunnel/pkg/client/client.go:240.33,242.3 1 1
lfr-tunnel/pkg/client/client.go:245.2,245.12 1 1
lfr-tunnel/pkg/client/client.go:245.12,247.17 2 1
lfr-tunnel/pkg/client/client.go:247.17,249.4 1 0
lfr-tunnel/pkg/client/client.go:250.3,251.35 2 1
lfr-tunnel/pkg/client/client.go:251.35,252.32 1 0
lfr-tunnel/pkg/client/client.go:252.32,254.5 1 0
lfr-tunnel/pkg/client/client.go:254.10,256.5 1 0
lfr-tunnel/pkg/client/client.go:259.3,262.7 3 1
lfr-tunnel/pkg/client/client.go:262.7,263.11 1 1
lfr-tunnel/pkg/client/client.go:264.22,265.11 1 1
lfr-tunnel/pkg/client/client.go:266.20,271.29 4 0
lfr-tunnel/pkg/client/client.go:271.29,274.20 3 0
lfr-tunnel/pkg/client/client.go:274.20,281.42 6 0
lfr-tunnel/pkg/client/client.go:281.42,283.8 1 0
lfr-tunnel/pkg/client/client.go:284.7,284.25 1 0
lfr-tunnel/pkg/client/client.go:292.2,292.37 1 1
lfr-tunnel/pkg/client/client.go:292.37,294.3 1 0
lfr-tunnel/pkg/client/client.go:297.2,297.12 1 1
lfr-tunnel/pkg/client/client.go:297.12,299.23 2 1
lfr-tunnel/pkg/client/client.go:299.23,303.33 4 0
lfr-tunnel/pkg/client/client.go:303.33,305.5 1 0
lfr-tunnel/pkg/client/client.go:306.4,306.82 1 0
lfr-tunnel/pkg/client/client.go:311.2,311.17 1 1
lfr-tunnel/pkg/client/client.go:321.62,325.2 3 1
lfr-tunnel/pkg/client/client.go:327.52,334.44 4 1
lfr-tunnel/pkg/client/client.go:334.44,336.3 1 1
lfr-tunnel/pkg/client/client.go:336.8,336.56 1 1
lfr-tunnel/pkg/client/client.go:336.56,342.23 6 0
lfr-tunnel/pkg/client/client.go:342.23,345.18 3 0
lfr-tunnel/pkg/client/client.go:345.18,349.42 4 0
lfr-tunnel/pkg/client/client.go:349.42,351.6 1 0
lfr-tunnel/pkg/client/client.go:354.8,354.50 1 1
lfr-tunnel/pkg/client/client.go:354.50,357.30 3 0
lfr-tunnel/pkg/client/client.go:357.30,359.4 1 0
lfr-tunnel/pkg/client/client.go:360.8,360.49 1 1
lfr-tunnel/pkg/client/client.go:360.49,362.3 1 1
lfr-tunnel/pkg/client/client.go:362.8,362.59 1 1
lfr-tunnel/pkg/client/client.go:362.59,366.3 3 0
lfr-tunnel/pkg/client/client.go:369.74,370.33 1 1
lfr-tunnel/pkg/client/client.go:370.33,372.3 1 1
lfr-tunnel/pkg/client/client.go:374.2,376.28 3 1
lfr-tunnel/pkg/client/client.go:376.28,378.3 1 0
lfr-tunnel/pkg/client/client.go:380.2,381.37 2 1
lfr-tunnel/pkg/client/client.go:381.37,383.3 1 0
lfr-tunnel/pkg/client/client.go:384.2,390.23 3 1
lfr-tunnel/pkg/client/client.go:395.42,397.91 1 1
lfr-tunnel/pkg/client/client.go:397.91,399.3 1 1
lfr-tunnel/pkg/client/client.go:401.2,401.66 1 1
lfr-tunnel/pkg/client/client.go:401.66,403.3 1 0
lfr-tunnel/pkg/client/client.go:405.2,405.76 1 1
lfr-tunnel/pkg/client/client.go:405.76,407.3 1 0
lfr-tunnel/pkg/client/client.go:408.2,408.14 1 1
lfr-tunnel/pkg/client/client.go:412.41,414.29 2 1
lfr-tunnel/pkg/client/client.go:414.29,417.17 3 1
lfr-tunnel/pkg/client/client.go:417.17,420.4 2 1
lfr-tunnel/pkg/client/client.go:422.2,422.15 1 1
lfr-tunnel/pkg/client/inspector.go:23.71,26.67 2 1
lfr-tunnel/pkg/client/inspector.go:26.67,27.24 1 0
lfr-tunnel/pkg/client/inspector.go:27.24,30.4 2 0
lfr-tunnel/pkg/client/inspector.go:31.3,32.32 2 0
lfr-tunnel/pkg/client/inspector.go:35.2,35.76 1 1
lfr-tunnel/pkg/client/inspector.go:35.76,52.3 5 0
lfr-tunnel/pkg/client/inspector.go:54.2,54.78 1 1
lfr-tunnel/pkg/client/inspector.go:54.78,66.17 10 0
lfr-tunnel/pkg/client/inspector.go:66.17,69.4 2 0
lfr-tunnel/pkg/client/inspector.go:71.3,72.65 2 0
lfr-tunnel/pkg/client/inspector.go:72.65,75.4 2 0
lfr-tunnel/pkg/client/inspector.go:75.9,78.4 2 0
lfr-tunnel/pkg/client/inspector.go:81.2,81.75 1 1
lfr-tunnel/pkg/client/inspector.go:81.75,87.70 4 0
lfr-tunnel/pkg/client/inspector.go:87.70,89.4 1 0
lfr-tunnel/pkg/client/inspector.go:92.3,93.37 2 0
lfr-tunnel/pkg/client/inspector.go:93.37,95.46 2 0
lfr-tunnel/pkg/client/inspector.go:95.46,97.5 1 0
lfr-tunnel/pkg/client/inspector.go:98.4,98.56 1 0
lfr-tunnel/pkg/client/inspector.go:99.9,101.4 1 0
lfr-tunnel/pkg/client/inspector.go:104.3,106.17 3 0
lfr-tunnel/pkg/client/inspector.go:106.17,109.4 2 0
lfr-tunnel/pkg/client/inspector.go:111.3,112.105 2 0
lfr-tunnel/pkg/client/inspector.go:112.105,114.4 1 0
lfr-tunnel/pkg/client/inspector.go:116.3,117.36 2 0
lfr-tunnel/pkg/client/inspector.go:117.36,119.4 1 0
lfr-tunnel/pkg/client/inspector.go:121.3,157.38 3 0
lfr-tunnel/pkg/client/inspector.go:160.2,160.85 1 1
lfr-tunnel/pkg/client/inspector.go:160.85,161.34 1 0
lfr-tunnel/pkg/client/inspector.go:161.34,164.4 2 0
lfr-tunnel/pkg/client/inspector.go:166.3,172.62 2 0
lfr-tunnel/pkg/client/inspector.go:172.62,175.4 2 0
lfr-tunnel/pkg/client/inspector.go:177.3,186.59 9 0
lfr-tunnel/pkg/client/inspector.go:186.59,189.4 2 0
lfr-tunnel/pkg/client/inspector.go:191.3,192.22 2 0
lfr-tunnel/pkg/client/inspector.go:192.22,195.4 2 0
lfr-tunnel/pkg/client/inspector.go:196.3,211.17 7 0
lfr-tunnel/pkg/client/inspector.go:211.17,214.4 2 0
lfr-tunnel/pkg/client/inspector.go:216.3,221.17 5 0
lfr-tunnel/pkg/client/inspector.go:221.17,224.4 2 0
lfr-tunnel/pkg/client/inspector.go:225.3,227.39 2 0
lfr-tunnel/pkg/client/inspector.go:227.39,231.4 3 0
lfr-tunnel/pkg/client/inspector.go:233.3,234.44 2 0
lfr-tunnel/pkg/client/inspector.go:237.2,237.82 1 1
lfr-tunnel/pkg/client/inspector.go:237.82,238.34 1 0
lfr-tunnel/pkg/client/inspector.go:238.34,241.4 2 0
lfr-tunnel/pkg/client/inspector.go:243.3,246.62 2 0
lfr-tunnel/pkg/client/inspector.go:246.62,249.4 2 0
lfr-tunnel/pkg/client/inspector.go:251.3,256.36 5 0
lfr-tunnel/pkg/client/inspector.go:259.2,259.77 1 1
lfr-tunnel/pkg/client/inspector.go:259.77,260.34 1 0
lfr-tunnel/pkg/client/inspector.go:260.34,263.4 2 0
lfr-tunnel/pkg/client/inspector.go:265.3,268.62 2 0
lfr-tunnel/pkg/client/inspector.go:268.62,271.4 2 0
lfr-tunnel/pkg/client/inspector.go:273.3,275.38 3 0
lfr-tunnel/pkg/client/inspector.go:275.38,276.24 1 0
lfr-tunnel/pkg/client/inspector.go:276.24,278.10 2 0
lfr-tunnel/pkg/client/inspector.go:281.3,283.20 2 0
lfr-tunnel/pkg/client/inspector.go:283.20,286.4 2 0
lfr-tunnel/pkg/client/inspector.go:289.3,290.17 2 0
lfr-tunnel/pkg/client/inspector.go:290.17,295.4 4 0
lfr-tunnel/pkg/client/inspector.go:297.3,304.5 4 0
lfr-tunnel/pkg/client/inspector.go:307.2,308.63 2 1
lfr-tunnel/pkg/client/inspector.go:308.63,310.3 1 0
lfr-tunnel/pkg/client/inspector.go:310.8,310.23 1 1
lfr-tunnel/pkg/client/inspector.go:310.23,312.3 1 0
lfr-tunnel/pkg/client/inspector.go:314.2,318.26 4 1
lfr-tunnel/pkg/client/inspector.go:318.26,321.17 3 1
lfr-tunnel/pkg/client/inspector.go:321.17,322.9 1 1
lfr-tunnel/pkg/client/inspector.go:324.3,324.62 1 1
lfr-tunnel/pkg/client/inspector.go:324.62,326.12 2 1
lfr-tunnel/pkg/client/inspector.go:328.3,328.72 1 0
lfr-tunnel/pkg/client/inspector.go:330.2,330.16 1 1
lfr-tunnel/pkg/client/inspector.go:330.16,332.3 1 0
lfr-tunnel/pkg/client/inspector.go:334.2,334.12 1 1
lfr-tunnel/pkg/client/inspector.go:334.12,336.121 2 1
lfr-tunnel/pkg/client/inspector.go:336.121,338.4 1 0
lfr-tunnel/pkg/client/inspector.go:341.2,341.24 1 1
lfr-tunnel/pkg/client/inspector.go:345.22,346.50 1 1
lfr-tunnel/pkg/client/inspector.go:346.50,348.3 1 0
lfr-tunnel/pkg/client/inspector.go:350.2,350.71 1 1
lfr-tunnel/pkg/client/inspector.go:350.71,352.17 2 1
lfr-tunnel/pkg/client/inspector.go:352.17,356.43 2 0
lfr-tunnel/pkg/client/inspector.go:356.43,358.5 1 0
lfr-tunnel/pkg/client/inspector.go:361.2,361.14 1 1
lfr-tunnel/pkg/client/inspector.go:365.86,366.22 1 1
lfr-tunnel/pkg/client/inspector.go:366.22,368.3 1 0
lfr-tunnel/pkg/client/inspector.go:369.2,374.26 4 1
lfr-tunnel/pkg/client/inspector.go:374.26,376.3 1 1
lfr-tunnel/pkg/client/inspector.go:378.2,379.16 2 1
lfr-tunnel/pkg/client/inspector.go:379.16,381.3 1 0
lfr-tunnel/pkg/client/inspector.go:384.2,384.38 1 1
lfr-tunnel/pkg/client/inspector.go:384.38,386.3 1 1
lfr-tunnel/pkg/client/inspector.go:389.2,391.69 1 1
lfr-tunnel/pkg/client/inspector.go:391.69,393.4 1 0
lfr-tunnel/pkg/client/inspector.go:396.2,408.16 3 1
lfr-tunnel/pkg/client/inspector.go:408.16,413.3 4 0
lfr-tunnel/pkg/client/inspector.go:414.2,421.31 5 1
lfr-tunnel/pkg/client/inspector.go:421.31,423.3 1 1
lfr-tunnel/pkg/client/inspector.go:424.2,432.17 6 1
lfr-tunnel/pkg/client/interceptor.go:84.83,86.28 2 1
lfr-tunnel/pkg/client/interceptor.go:86.28,88.22 2 1
lfr-tunnel/pkg/client/interceptor.go:88.22,90.4 1 1
lfr-tunnel/pkg/client/interceptor.go:93.2,93.22 1 1
lfr-tunnel/pkg/client/interceptor.go:93.22,95.3 1 1
lfr-tunnel/pkg/client/interceptor.go:97.2,111.3 2 1
lfr-tunnel/pkg/client/interceptor.go:115.95,116.12 1 1
lfr-tunnel/pkg/client/interceptor.go:116.12,117.7 1 1
lfr-tunnel/pkg/client/interceptor.go:117.7,126.15 6 1
lfr-tunnel/pkg/client/interceptor.go:126.15,128.5 1 0
lfr-tunnel/pkg/client/interceptor.go:128.10,131.19 2 0
lfr-tunnel/pkg/client/interceptor.go:131.19,133.6 1 0
lfr-tunnel/pkg/client/interceptor.go:133.11,135.6 1 0
lfr-tunnel/pkg/client/interceptor.go:139.4,144.45 5 0
lfr-tunnel/pkg/client/interceptor.go:144.45,151.19 3 0
lfr-tunnel/pkg/client/interceptor.go:151.19,153.6 1 0
lfr-tunnel/pkg/client/interceptor.go:160.59,164.35 4 1
lfr-tunnel/pkg/client/interceptor.go:164.35,166.3 1 0
lfr-tunnel/pkg/client/interceptor.go:170.89,175.15 5 1
lfr-tunnel/pkg/client/interceptor.go:175.15,177.3 1 0
lfr-tunnel/pkg/client/interceptor.go:178.2,179.32 2 1
lfr-tunnel/pkg/client/interceptor.go:183.72,186.16 2 1
lfr-tunnel/pkg/client/interceptor.go:186.16,188.3 1 0
lfr-tunnel/pkg/client/interceptor.go:190.2,204.43 6 1
lfr-tunnel/pkg/client/interceptor.go:204.43,208.126 2 1
lfr-tunnel/pkg/client/interceptor.go:208.126,210.4 1 1
lfr-tunnel/pkg/client/interceptor.go:212.3,214.36 3 1
lfr-tunnel/pkg/client/interceptor.go:214.36,216.4 1 1
lfr-tunnel/pkg/client/interceptor.go:220.2,220.75 1 1
lfr-tunnel/pkg/client/interceptor.go:220.75,225.14 4 1
lfr-tunnel/pkg/client/interceptor.go:225.14,228.4 2 1
lfr-tunnel/pkg/client/interceptor.go:230.3,230.24 1 1
lfr-tunnel/pkg/client/interceptor.go:234.2,234.12 1 1
lfr-tunnel/pkg/client/interceptor.go:234.12,235.55 1 1
lfr-tunnel/pkg/client/interceptor.go:235.55,237.4 1 0
lfr-tunnel/pkg/client/interceptor.go:240.2,240.24 1 1
lfr-tunnel/pkg/client/interceptor.go:250.85,257.26 4 1
lfr-tunnel/pkg/client/interceptor.go:257.26,259.3 1 1
lfr-tunnel/pkg/client/interceptor.go:262.2,263.21 2 1
lfr-tunnel/pkg/client/interceptor.go:263.21,266.34 3 1
lfr-tunnel/pkg/client/interceptor.go:266.34,270.4 3 0
lfr-tunnel/pkg/client/interceptor.go:271.3,279.4 3 1
lfr-tunnel/pkg/client/interceptor.go:283.2,285.31 3 1
lfr-tunnel/pkg/client/interceptor.go:285.31,289.3 3 1
lfr-tunnel/pkg/client/interceptor.go:290.2,293.28 3 1
lfr-tunnel/pkg/client/interceptor.go:293.28,295.3 1 1
lfr-tunnel/pkg/client/interceptor.go:295.8,297.3 1 0
lfr-tunnel/pkg/client/interceptor.go:300.2,309.26 6 1
lfr-tunnel/pkg/client/interceptor.go:309.26,311.3 1 1
lfr-tunnel/pkg/client/interceptor.go:312.2,314.30 2 1
lfr-tunnel/pkg/client/interceptor.go:314.30,316.57 1 1
lfr-tunnel/pkg/client/interceptor.go:316.57,317.80 1 1
lfr-tunnel/pkg/client/interceptor.go:317.80,323.116 3 1
lfr-tunnel/pkg/client/interceptor.go:323.116,325.64 2 0
lfr-tunnel/pkg/client/interceptor.go:325.64,327.7 1 0
lfr-tunnel/pkg/client/interceptor.go:330.5,330.17 1 1
lfr-tunnel/pkg/client/interceptor.go:330.17,333.26 3 1
lfr-tunnel/pkg/client/interceptor.go:333.26,334.28 1 1
lfr-tunnel/pkg/client/interceptor.go:334.28,336.8 1 0
lfr-tunnel/pkg/client/interceptor.go:337.7,339.50 3 1
lfr-tunnel/pkg/client/interceptor.go:346.3,346.60 1 1
lfr-tunnel/pkg/client/interceptor.go:346.60,348.38 2 1
lfr-tunnel/pkg/client/interceptor.go:348.38,351.32 3 1
lfr-tunnel/pkg/client/interceptor.go:351.32,353.64 2 1
lfr-tunnel/pkg/client/interceptor.go:353.64,356.18 3 1
lfr-tunnel/pkg/client/interceptor.go:356.18,357.16 1 1
lfr-tunnel/pkg/client/interceptor.go:360.6,360.39 1 1
lfr-tunnel/pkg/client/interceptor.go:362.5,362.65 1 1
lfr-tunnel/pkg/client/interceptor.go:364.4,364.41 1 1
lfr-tunnel/pkg/client/interceptor.go:368.2,379.16 2 1
lfr-tunnel/pkg/client/interceptor.go:379.16,383.3 3 0
lfr-tunnel/pkg/client/interceptor.go:386.2,387.21 2 1
lfr-tunnel/pkg/client/interceptor.go:387.21,390.34 3 1
lfr-tunnel/pkg/client/interceptor.go:390.34,394.4 3 1
lfr-tunnel/pkg/client/interceptor.go:395.3,403.4 3 1
lfr-tunnel/pkg/client/interceptor.go:406.2,408.31 3 1
lfr-tunnel/pkg/client/interceptor.go:408.31,412.3 3 1
lfr-tunnel/pkg/client/interceptor.go:413.2,416.28 3 1
lfr-tunnel/pkg/client/interceptor.go:416.28,418.3 1 1
lfr-tunnel/pkg/client/interceptor.go:418.8,420.3 1 1
lfr-tunnel/pkg/client/interceptor.go:422.2,431.17 8 1
lfr-tunnel/pkg/client/interceptor.go:434.50,458.2 3 1
lfr-tunnel/pkg/client/interceptor.go:460.55,461.31 1 1
lfr-tunnel/pkg/client/interceptor.go:461.31,463.3 1 0
lfr-tunnel/pkg/client/interceptor.go:464.2,464.41 1 1
lfr-tunnel/pkg/client/interceptor.go:467.38,468.19 1 1
lfr-tunnel/pkg/client/interceptor.go:468.19,470.3 1 0
lfr-tunnel/pkg/client/interceptor.go:471.2,471.14 1 1
lfr-tunnel/pkg/client/interceptor.go:479.62,481.32 2 1
lfr-tunnel/pkg/client/interceptor.go:481.32,483.17 2 1
lfr-tunnel/pkg/client/interceptor.go:483.17,485.4 1 0
lfr-tunnel/pkg/client/interceptor.go:487.3,488.15 2 1
lfr-tunnel/pkg/client/interceptor.go:488.15,490.21 2 1
lfr-tunnel/pkg/client/interceptor.go:490.21,492.5 1 0
lfr-tunnel/pkg/client/interceptor.go:493.4,494.63 2 1
lfr-tunnel/pkg/client/interceptor.go:494.63,496.5 1 0
lfr-tunnel/pkg/client/interceptor.go:497.4,497.16 1 1
lfr-tunnel/pkg/client/interceptor.go:500.2,500.15 1 1
lfr-tunnel/pkg/client/interceptor.go:503.50,505.17 2 1
lfr-tunnel/pkg/client/interceptor.go:505.17,507.3 1 1
lfr-tunnel/pkg/client/interceptor.go:509.2,509.61 1 1
lfr-tunnel/pkg/client/interceptor.go:509.61,511.3 1 1
lfr-tunnel/pkg/client/interceptor.go:513.2,515.26 3 1
lfr-tunnel/pkg/client/interceptor.go:515.26,516.41 1 1
lfr-tunnel/pkg/client/interceptor.go:516.41,518.4 1 1
lfr-tunnel/pkg/client/interceptor.go:518.9,520.9 2 1
lfr-tunnel/pkg/client/interceptor.go:524.2,525.16 2 1
lfr-tunnel/pkg/client/interceptor.go:525.16,527.3 1 1
lfr-tunnel/pkg/client/interceptor.go:529.2,531.16 3 1
lfr-tunnel/pkg/client/interceptor.go:532.18,533.25 1 0
lfr-tunnel/pkg/client/interceptor.go:534.28,535.28 1 1
lfr-tunnel/pkg/client/interceptor.go:536.28,537.37 1 1
lfr-tunnel/pkg/client/interceptor.go:538.28,539.46 1 0
lfr-tunnel/pkg/client/interceptor.go:540.24,541.19 1 0
lfr-tunnel/pkg/client/interceptor.go:542.28,543.22 1 0
lfr-tunnel/pkg/client/interceptor.go:544.28,545.31 1 1
lfr-tunnel/pkg/client/interceptor.go:546.10,547.63 1 0
lfr-tunnel/pkg/client/interceptor.go:550.2,551.22 2 1
lfr-tunnel/pkg/client/interceptor.go:551.22,553.3 1 0
lfr-tunnel/pkg/client/interceptor.go:554.2,554.25 1 1
lfr-tunnel/pkg/client/login.go:17.39,22.74 3 1
lfr-tunnel/pkg/client/login.go:22.74,27.37 4 1
lfr-tunnel/pkg/client/login.go:27.37,30.4 2 0
lfr-tunnel/pkg/client/login.go:31.3,31.34 1 1
lfr-tunnel/pkg/client/login.go:31.34,34.19 3 1
lfr-tunnel/pkg/client/login.go:34.19,38.5 3 1
lfr-tunnel/pkg/client/login.go:40.3,40.39 1 0
lfr-tunnel/pkg/client/login.go:43.2,44.12 2 1
lfr-tunnel/pkg/client/login.go:44.12,46.3 1 1
lfr-tunnel/pkg/client/login.go:48.2,49.45 2 1
lfr-tunnel/pkg/client/login.go:49.45,51.3 1 0
lfr-tunnel/pkg/client/login.go:53.2,60.12 5 1
lfr-tunnel/pkg/client/login.go:60.12,62.72 2 1
lfr-tunnel/pkg/client/login.go:62.72,64.4 1 0
lfr-tunnel/pkg/client/login.go:68.2,77.16 6 1
lfr-tunnel/pkg/client/login.go:77.16,79.3 1 0
lfr-tunnel/pkg/client/login.go:80.2,81.47 2 1
lfr-tunnel/pkg/client/login.go:81.47,83.3 1 0
lfr-tunnel/pkg/client/login.go:85.2,86.69 2 1
lfr-tunnel/pkg/client/login.go:86.69,88.3 1 0
lfr-tunnel/pkg/client/login.go:90.2,91.12 2 1
lfr-tunnel/pkg/client/login.go:94.36,98.22 3 1
lfr-tunnel/pkg/client/login.go:99.17,101.33 2 0
lfr-tunnel/pkg/client/login.go:102.16,103.15 1 1
lfr-tunnel/pkg/client/login.go:104.10,105.19 1 0
lfr-tunnel/pkg/client/login.go:107.2,108.43 2 1
lfr-tunnel/pkg/client/service_installer.go:14.29,16.16 2 1
lfr-tunnel/pkg/client/service_installer.go:16.16,18.3 1 0
lfr-tunnel/pkg/client/service_installer.go:20.2,20.22 1 1
lfr-tunnel/pkg/client/service_installer.go:21.16,22.32 1 1
lfr-tunnel/pkg/client/service_installer.go:23.15,24.31 1 0
lfr-tunnel/pkg/client/service_installer.go:25.17,26.33 1 0
lfr-tunnel/pkg/client/service_installer.go:27.10,28.70 1 0
lfr-tunnel/pkg/client/service_installer.go:32.42,34.16 2 1
lfr-tunnel/pkg/client/service_installer.go:34.16,36.3 1 0
lfr-tunnel/pkg/client/service_installer.go:38.2,61.67 3 1
lfr-tunnel/pkg/client/service_installer.go:61.67,63.3 1 0
lfr-tunnel/pkg/client/service_installer.go:64.2,64.76 1 1
lfr-tunnel/pkg/client/service_installer.go:64.76,66.3 1 0
lfr-tunnel/pkg/client/service_installer.go:69.2,70.34 2 1
lfr-tunnel/pkg/client/service_installer.go:70.34,72.3 1 0
lfr-tunnel/pkg/client/service_installer.go:74.2,76.12 3 1
lfr-tunnel/pkg/client/service_installer.go:79.41,81.16 2 1
lfr-tunnel/pkg/client/service_installer.go:81.16,83.3 1 0
lfr-tunnel/pkg/client/service_installer.go:85.2,86.54 2 1
lfr-tunnel/pkg/client/service_installer.go:86.54,88.3 1 0
lfr-tunnel/pkg/client/service_installer.go:90.2,104.80 3 1
lfr-tunnel/pkg/client/service_installer.go:104.80,106.3 1 0
lfr-tunnel/pkg/client/service_installer.go:109.2,115.12 6 1
lfr-tunnel/pkg/client/service_installer.go:118.43,120.16 2 1
lfr-tunnel/pkg/client/service_installer.go:120.16,122.3 1 0
lfr-tunnel/pkg/client/service_installer.go:125.2,126.54 2 1
lfr-tunnel/pkg/client/service_installer.go:126.54,128.3 1 0
lfr-tunnel/pkg/client/service_installer.go:130.2,137.72 3 1
lfr-tunnel/pkg/client/service_installer.go:137.72,139.3 1 0
lfr-tunnel/pkg/client/service_installer.go:141.2,143.12 3 1
lfr-tunnel/pkg/client/state.go:46.57,48.16 2 1
lfr-tunnel/pkg/client/state.go:48.16,50.3 1 0
lfr-tunnel/pkg/client/state.go:51.2,52.47 2 1
lfr-tunnel/pkg/client/state.go:52.47,54.3 1 0
lfr-tunnel/pkg/client/state.go:55.2,57.77 3 1
lfr-tunnel/pkg/client/state.go:61.61,63.16 2 1
lfr-tunnel/pkg/client/state.go:63.16,65.3 1 0
lfr-tunnel/pkg/client/state.go:66.2,67.16 2 1
lfr-tunnel/pkg/client/state.go:67.16,69.3 1 0
lfr-tunnel/pkg/client/state.go:70.2,70.39 1 1
lfr-tunnel/pkg/client/state.go:74.36,76.16 2 1
lfr-tunnel/pkg/client/state.go:76.16,78.3 1 1
lfr-tunnel/pkg/client/state.go:82.86,84.16 2 1
lfr-tunnel/pkg/client/state.go:84.16,86.3 1 0
lfr-tunnel/pkg/client/state.go:88.2,89.53 2 1
lfr-tunnel/pkg/client/state.go:89.53,91.3 1 0
lfr-tunnel/pkg/client/state.go:93.2,93.55 1 1
lfr-tunnel/pkg/client/state.go:93.55,96.3 2 1
lfr-tunnel/pkg/client/state.go:98.2,114.16 4 1
lfr-tunnel/pkg/client/state.go:114.16,116.39 2 1
lfr-tunnel/pkg/client/state.go:116.39,128.67 2 1
lfr-tunnel/pkg/client/state.go:128.67,134.5 5 1
lfr-tunnel/pkg/client/state.go:138.2,138.42 1 1
lfr-tunnel/pkg/client/state.go:143.33,144.14 1 1
lfr-tunnel/pkg/client/state.go:144.14,146.3 1 0
lfr-tunnel/pkg/client/state.go:147.2,148.16 2 1
lfr-tunnel/pkg/client/state.go:148.16,150.3 1 0
lfr-tunnel/pkg/client/state.go:151.2,151.31 1 1
lfr-tunnel/pkg/client/state.go:151.31,154.69 3 0
lfr-tunnel/pkg/client/state.go:154.69,156.4 1 0
lfr-tunnel/pkg/client/state.go:157.3,157.15 1 0
lfr-tunnel/pkg/client/state.go:159.2,160.19 2 1
lfr-tunnel/pkg/client/tui.go:22.59,27.26 4 1
lfr-tunnel/pkg/client/tui.go:27.26,28.14 1 1
lfr-tunnel/pkg/client/tui.go:28.14,30.23 2 1
lfr-tunnel/pkg/client/tui.go:30.23,32.5 1 0
lfr-tunnel/pkg/client/tui.go:35.2,35.20 1 1
lfr-tunnel/pkg/client/tui.go:38.43,44.2 5 1
lfr-tunnel/pkg/client/tui.go:48.100,63.12 8 1
lfr-tunnel/pkg/client/tui.go:63.12,68.7 4 1
lfr-tunnel/pkg/client/tui.go:68.7,69.11 1 1
lfr-tunnel/pkg/client/tui.go:70.22,71.11 1 1
lfr-tunnel/pkg/client/tui.go:72.20,73.52 1 0
lfr-tunnel/pkg/client/tui.go:79.2,79.16 1 1
lfr-tunnel/pkg/client/tui.go:79.16,84.3 4 1
lfr-tunnel/pkg/client/tui.go:87.82,106.36 17 0
lfr-tunnel/pkg/client/tui.go:106.36,108.45 2 0
lfr-tunnel/pkg/client/tui.go:108.45,110.4 1 0
lfr-tunnel/pkg/client/tui.go:111.3,111.71 1 0
lfr-tunnel/pkg/client/tui.go:113.2,123.15 7 0
lfr-tunnel/pkg/client/tui.go:124.19,125.44 1 0
lfr-tunnel/pkg/client/tui.go:126.20,127.45 1 0
lfr-tunnel/pkg/client/tui.go:129.2,135.24 5 0
lfr-tunnel/pkg/client/tui.go:135.24,137.3 1 0
lfr-tunnel/pkg/client/tui.go:138.2,153.23 12 0
lfr-tunnel/pkg/client/tui.go:153.23,156.26 2 0
lfr-tunnel/pkg/client/tui.go:156.26,158.4 1 0
lfr-tunnel/pkg/client/tui.go:159.8,163.19 3 0
lfr-tunnel/pkg/client/tui.go:163.19,165.4 1 0
lfr-tunnel/pkg/client/tui.go:166.3,167.44 2 0
lfr-tunnel/pkg/client/tui.go:167.44,176.32 7 0
lfr-tunnel/pkg/client/tui.go:176.32,178.5 1 0
lfr-tunnel/pkg/client/tui.go:180.4,181.13 2 0
lfr-tunnel/pkg/client/tui.go:184.3,184.36 1 0
lfr-tunnel/pkg/client/tui.go:184.36,186.4 1 0
lfr-tunnel/pkg/client/tui.go:188.2,196.64 7 0
lfr-tunnel/pkg/client/tui.go:196.64,197.13 1 0
lfr-tunnel/pkg/client/tui.go:197.13,200.22 2 0
lfr-tunnel/pkg/client/tui.go:200.22,202.5 1 0
lfr-tunnel/pkg/client/tui.go:203.4,204.17 2 0
lfr-tunnel/pkg/client/tui.go:207.2,207.42 1 0
lfr-tunnel/pkg/client/tui.go:207.42,209.3 1 0
lfr-tunnel/pkg/client/tui.go:210.2,210.22 1 0
lfr-tunnel/pkg/client/tui.go:213.34,215.14 2 1
lfr-tunnel/pkg/client/tui.go:215.14,217.3 1 1
lfr-tunnel/pkg/client/tui.go:218.2,219.42 2 1
lfr-tunnel/pkg/client/tui.go:219.42,222.3 2 1
lfr-tunnel/pkg/client/tui.go:223.2,223.72 1 1
lfr-tunnel/pkg/client/tui.go:226.49,227.26 1 1
lfr-tunnel/pkg/client/tui.go:227.26,229.3 1 1
lfr-tunnel/pkg/client/tui.go:230.2,236.11 7 1
lfr-tunnel/pkg/client/tui.go:236.11,238.3 1 1
lfr-tunnel/pkg/client/tui.go:239.2,239.39 1 1
lfr-tunnel/pkg/client/tui.go:242.37,243.17 1 1
lfr-tunnel/pkg/client/tui.go:243.17,245.3 1 1
lfr-tunnel/pkg/client/tui.go:246.2,247.35 2 1
lfr-tunnel/pkg/client/tui.go:247.35,249.3 1 1
lfr-tunnel/pkg/client/tui.go:249.8,249.42 1 1
lfr-tunnel/pkg/client/tui.go:249.42,251.3 1 1
lfr-tunnel/pkg/client/tui.go:251.8,251.26 1 1
lfr-tunnel/pkg/client/tui.go:251.26,253.3 1 1
lfr-tunnel/pkg/client/tui.go:254.2,254.78 1 1
lfr-tunnel/pkg/client/upgrade.go:32.60,35.16 3 1
lfr-tunnel/pkg/client/upgrade.go:35.16,37.3 1 0
lfr-tunnel/pkg/client/upgrade.go:38.2,40.38 2 1
lfr-tunnel/pkg/client/upgrade.go:40.38,42.3 1 0
lfr-tunnel/pkg/client/upgrade.go:44.2,45.64 2 1
lfr-tunnel/pkg/client/upgrade.go:45.64,47.3 1 0
lfr-tunnel/pkg/client/upgrade.go:49.2,52.39 3 1
lfr-tunnel/pkg/client/upgrade.go:52.39,55.3 1 1
lfr-tunnel/pkg/client/upgrade.go:57.2,57.16 1 1
lfr-tunnel/pkg/client/upgrade.go:62.65,72.21 7 1
lfr-tunnel/pkg/client/upgrade.go:72.21,76.53 4 1
lfr-tunnel/pkg/client/upgrade.go:76.53,78.69 2 1
lfr-tunnel/pkg/client/upgrade.go:78.69,80.33 2 1
lfr-tunnel/pkg/client/upgrade.go:80.33,84.6 3 0
lfr-tunnel/pkg/client/upgrade.go:87.5,88.26 2 1
lfr-tunnel/pkg/client/upgrade.go:88.26,90.6 1 1
lfr-tunnel/pkg/client/upgrade.go:91.5,93.64 2 1
lfr-tunnel/pkg/client/upgrade.go:93.64,96.23 2 1
lfr-tunnel/pkg/client/upgrade.go:96.23,102.7 5 1
lfr-tunnel/pkg/client/upgrade.go:102.12,102.31 1 1
lfr-tunnel/pkg/client/upgrade.go:102.31,108.7 5 1
lfr-tunnel/pkg/client/upgrade.go:108.12,108.51 1 1
lfr-tunnel/pkg/client/upgrade.go:108.51,114.7 5 1
lfr-tunnel/pkg/client/upgrade.go:114.12,114.68 1 1
lfr-tunnel/pkg/client/upgrade.go:114.68,120.7 5 0
lfr-tunnel/pkg/client/upgrade.go:123.6,123.28 1 1
lfr-tunnel/pkg/client/upgrade.go:123.28,124.100 1 1
lfr-tunnel/pkg/client/upgrade.go:124.100,126.8 1 0
lfr-tunnel/pkg/client/upgrade.go:126.13,128.8 1 1
lfr-tunnel/pkg/client/upgrade.go:130.7,132.30 3 1
lfr-tunnel/pkg/client/upgrade.go:132.30,134.37 2 0
lfr-tunnel/pkg/client/upgrade.go:134.37,136.9 1 0
lfr-tunnel/pkg/client/upgrade.go:138.7,139.109 2 1
lfr-tunnel/pkg/client/upgrade.go:143.4,143.21 1 1
lfr-tunnel/pkg/client/upgrade.go:144.9,145.19 1 0
lfr-tunnel/pkg/client/upgrade.go:145.19,147.5 1 0
lfr-tunnel/pkg/client/upgrade.go:148.4,148.108 1 0
lfr-tunnel/pkg/client/upgrade.go:153.2,153.17 1 1
lfr-tunnel/pkg/client/upgrade.go:153.17,156.17 3 1
lfr-tunnel/pkg/client/upgrade.go:156.17,158.4 1 0
lfr-tunnel/pkg/client/upgrade.go:159.3,161.39 2 1
lfr-tunnel/pkg/client/upgrade.go:161.39,163.4 1 0
lfr-tunnel/pkg/client/upgrade.go:165.3,166.65 2 1
lfr-tunnel/pkg/client/upgrade.go:166.65,168.4 1 0
lfr-tunnel/pkg/client/upgrade.go:170.3,171.31 2 1
lfr-tunnel/pkg/client/upgrade.go:171.31,174.4 2 0
lfr-tunnel/pkg/client/upgrade.go:176.3,179.32 3 1
lfr-tunnel/pkg/client/upgrade.go:179.32,181.4 1 0
lfr-tunnel/pkg/client/upgrade.go:183.3,183.36 1 1
lfr-tunnel/pkg/client/upgrade.go:183.36,184.22 1 1
lfr-tunnel/pkg/client/upgrade.go:185.23,186.36 1 1
lfr-tunnel/pkg/client/upgrade.go:187.25,188.37 1 1
lfr-tunnel/pkg/client/upgrade.go:192.3,192.24 1 1
lfr-tunnel/pkg/client/upgrade.go:192.24,194.4 1 0
lfr-tunnel/pkg/client/upgrade.go:196.3,196.25 1 1
lfr-tunnel/pkg/client/upgrade.go:196.25,198.4 1 0
lfr-tunnel/pkg/client/upgrade.go:201.2,203.16 3 1
lfr-tunnel/pkg/client/upgrade.go:203.16,205.3 1 0
lfr-tunnel/pkg/client/upgrade.go:206.2,208.41 2 1
lfr-tunnel/pkg/client/upgrade.go:208.41,210.3 1 0
lfr-tunnel/pkg/client/upgrade.go:212.2,213.16 2 1
lfr-tunnel/pkg/client/upgrade.go:213.16,215.3 1 0
lfr-tunnel/pkg/client/upgrade.go:216.2,220.20 3 1
lfr-tunnel/pkg/client/upgrade.go:220.20,222.17 2 0
lfr-tunnel/pkg/client/upgrade.go:222.17,224.4 1 0
lfr-tunnel/pkg/client/upgrade.go:228.2,229.16 2 1
lfr-tunnel/pkg/client/upgrade.go:229.16,231.3 1 0
lfr-tunnel/pkg/client/upgrade.go:233.2,235.31 3 1
lfr-tunnel/pkg/client/upgrade.go:235.31,237.3 1 0
lfr-tunnel/pkg/client/upgrade.go:239.2,241.16 3 1
lfr-tunnel/pkg/client/upgrade.go:241.16,243.3 1 0
lfr-tunnel/pkg/client/upgrade.go:244.2,246.46 2 1
lfr-tunnel/pkg/client/upgrade.go:246.46,248.3 1 0
lfr-tunnel/pkg/client/upgrade.go:251.2,252.16 2 1
lfr-tunnel/pkg/client/upgrade.go:252.16,254.3 1 0
lfr-tunnel/pkg/client/upgrade.go:255.2,255.15 1 1
lfr-tunnel/pkg/client/upgrade.go:255.15,258.3 2 1
lfr-tunnel/pkg/client/upgrade.go:260.2,260.64 1 1
lfr-tunnel/pkg/client/upgrade.go:260.64,262.3 1 0
lfr-tunnel/pkg/client/upgrade.go:263.2,267.16 3 1
lfr-tunnel/pkg/client/upgrade.go:267.16,269.3 1 0
lfr-tunnel/pkg/client/upgrade.go:271.2,273.29 3 1
lfr-tunnel/pkg/client/upgrade.go:273.29,275.51 2 1
lfr-tunnel/pkg/client/upgrade.go:275.51,277.9 2 1
lfr-tunnel/pkg/client/upgrade.go:281.2,281.24 1 1
lfr-tunnel/pkg/client/upgrade.go:281.24,283.3 1 0
lfr-tunnel/pkg/client/upgrade.go:285.2,285.34 1 1
lfr-tunnel/pkg/client/upgrade.go:285.34,287.3 1 1
lfr-tunnel/pkg/client/upgrade.go:289.2,292.31 2 1
lfr-tunnel/pkg/client/upgrade.go:292.31,295.54 3 0
lfr-tunnel/pkg/client/upgrade.go:295.54,297.4 1 0
lfr-tunnel/pkg/client/upgrade.go:298.3,298.55 1 0
lfr-tunnel/pkg/client/upgrade.go:298.55,302.4 2 0
lfr-tunnel/pkg/client/upgrade.go:303.3,304.77 2 0
lfr-tunnel/pkg/client/upgrade.go:305.8,307.55 1 1
lfr-tunnel/pkg/client/upgrade.go:307.55,309.4 1 0
lfr-tunnel/pkg/client/upgrade.go:310.3,310.86 1 1
lfr-tunnel/pkg/client/upgrade.go:313.2,313.12 1 1
lfr-tunnel/pkg/client/upgrade.go:316.53,318.16 2 1
lfr-tunnel/pkg/client/upgrade.go:318.16,320.3 1 0
lfr-tunnel/pkg/client/upgrade.go:321.2,324.41 3 1
lfr-tunnel/pkg/client/upgrade.go:324.41,326.3 1 0
lfr-tunnel/pkg/client/upgrade.go:328.2,328.44 1 1
lfr-tunnel/pkg/client/upgrade.go:348.77,351.16 3 1
lfr-tunnel/pkg/client/upgrade.go:351.16,353.3 1 0
lfr-tunnel/pkg/client/upgrade.go:354.2,356.38 2 1
lfr-tunnel/pkg/client/upgrade.go:356.38,358.3 1 0
lfr-tunnel/pkg/client/upgrade.go:360.2,361.65 2 1
lfr-tunnel/pkg/client/upgrade.go:361.65,363.3 1 0
lfr-tunnel/pkg/client/upgrade.go:364.2,364.19 1 1
lfr-tunnel/pkg/client/upgrade.go:368.41,375.46 5 1
lfr-tunnel/pkg/client/upgrade.go:375.46,377.18 2 1
lfr-tunnel/pkg/client/upgrade.go:377.18,379.4 1 1
lfr-tunnel/pkg/client/upgrade.go:380.3,380.18 1 1
lfr-tunnel/pkg/client/upgrade.go:380.18,382.4 1 1
lfr-tunnel/pkg/client/upgrade.go:383.3,383.14 1 1
lfr-tunnel/pkg/client/upgrade.go:383.14,385.4 1 1
lfr-tunnel/pkg/client/upgrade.go:385.9,385.21 1 1
lfr-tunnel/pkg/client/upgrade.go:385.21,387.4 1 1
lfr-tunnel/pkg/client/upgrade.go:389.2,389.10 1 1
lfr-tunnel/pkg/db/audit.go:12.56,14.2 1 1
lfr-tunnel/pkg/db/audit.go:17.67,18.26 1 1
lfr-tunnel/pkg/db/audit.go:18.26,20.3 1 1
lfr-tunnel/pkg/db/audit.go:21.2,24.16 3 1
lfr-tunnel/pkg/db/audit.go:24.16,26.3 1 0
lfr-tunnel/pkg/db/audit.go:27.2,28.16 2 1
lfr-tunnel/pkg/db/audit.go:28.16,30.3 1 0
lfr-tunnel/pkg/db/audit.go:31.2,32.12 2 1
lfr-tunnel/pkg/db/audit.go:36.85,37.35 1 1
lfr-tunnel/pkg/db/audit.go:37.35,39.3 1 1
lfr-tunnel/pkg/db/audit.go:41.2,45.21 3 1
lfr-tunnel/pkg/db/audit.go:45.21,48.3 2 1
lfr-tunnel/pkg/db/audit.go:49.2,49.20 1 1
lfr-tunnel/pkg/db/audit.go:49.20,52.3 2 1
lfr-tunnel/pkg/db/audit.go:53.2,53.22 1 1
lfr-tunnel/pkg/db/audit.go:53.22,56.3 2 1
lfr-tunnel/pkg/db/audit.go:58.2,62.16 4 1
lfr-tunnel/pkg/db/audit.go:62.16,64.3 1 0
lfr-tunnel/pkg/db/audit.go:65.2,65.15 1 1
lfr-tunnel/pkg/db/audit.go:65.15,65.35 1 1
lfr-tunnel/pkg/db/audit.go:67.2,68.18 2 1
lfr-tunnel/pkg/db/audit.go:68.18,71.122 3 1
lfr-tunnel/pkg/db/audit.go:71.122,73.4 1 0
lfr-tunnel/pkg/db/audit.go:74.3,74.20 1 1
lfr-tunnel/pkg/db/audit.go:74.20,76.4 1 1
lfr-tunnel/pkg/db/audit.go:77.3,77.15 1 1
lfr-tunnel/pkg/db/audit.go:77.15,79.4 1 1
lfr-tunnel/pkg/db/audit.go:80.3,80.32 1 1
lfr-tunnel/pkg/db/audit.go:82.2,82.28 1 1
lfr-tunnel/pkg/db/blacklist.go:11.64,13.2 1 1
lfr-tunnel/pkg/db/blacklist.go:16.74,20.2 3 1
lfr-tunnel/pkg/db/blacklist.go:23.69,27.2 3 1
lfr-tunnel/pkg/db/blacklist.go:30.73,34.26 4 1
lfr-tunnel/pkg/db/blacklist.go:34.26,36.3 1 1
lfr-tunnel/pkg/db/blacklist.go:37.2,37.16 1 1
lfr-tunnel/pkg/db/blacklist.go:37.16,39.3 1 0
lfr-tunnel/pkg/db/blacklist.go:40.2,40.18 1 1
lfr-tunnel/pkg/db/blacklist.go:44.82,47.16 3 1
lfr-tunnel/pkg/db/blacklist.go:47.16,49.3 1 0
lfr-tunnel/pkg/db/blacklist.go:50.2,50.15 1 1
lfr-tunnel/pkg/db/blacklist.go:50.15,50.35 1 1
lfr-tunnel/pkg/db/blacklist.go:52.2,53.18 2 1
lfr-tunnel/pkg/db/blacklist.go:53.18,56.72 3 1
lfr-tunnel/pkg/db/blacklist.go:56.72,58.4 1 0
lfr-tunnel/pkg/db/blacklist.go:59.3,59.19 1 1
lfr-tunnel/pkg/db/blacklist.go:59.19,61.4 1 1
lfr-tunnel/pkg/db/blacklist.go:62.3,62.32 1 1
lfr-tunnel/pkg/db/blacklist.go:64.2,64.28 1 1
lfr-tunnel/pkg/db/db.go:26.36,27.33 1 1
lfr-tunnel/pkg/db/db.go:27.33,29.3 1 1
lfr-tunnel/pkg/db/db.go:29.8,31.3 1 0
lfr-tunnel/pkg/db/db.go:33.2,34.16 2 1
lfr-tunnel/pkg/db/db.go:34.16,36.3 1 0
lfr-tunnel/pkg/db/db.go:38.2,38.94 1 1
lfr-tunnel/pkg/db/db.go:38.94,41.3 2 0
lfr-tunnel/pkg/db/db.go:43.2,57.39 2 1
lfr-tunnel/pkg/db/db.go:57.39,60.3 2 0
lfr-tunnel/pkg/db/db.go:62.2,62.15 1 1
lfr-tunnel/pkg/db/invite.go:13.58,15.2 1 1
lfr-tunnel/pkg/db/invite.go:18.84,19.31 1 0
lfr-tunnel/pkg/db/invite.go:19.31,21.3 1 0
lfr-tunnel/pkg/db/invite.go:22.2,26.16 2 0
lfr-tunnel/pkg/db/invite.go:26.16,28.3 1 0
lfr-tunnel/pkg/db/invite.go:29.2,30.16 2 0
lfr-tunnel/pkg/db/invite.go:30.16,32.3 1 0
lfr-tunnel/pkg/db/invite.go:33.2,34.12 2 0
lfr-tunnel/pkg/db/invite.go:38.97,47.16 4 0
lfr-tunnel/pkg/db/invite.go:47.16,48.36 1 0
lfr-tunnel/pkg/db/invite.go:48.36,50.4 1 0
lfr-tunnel/pkg/db/invite.go:51.3,51.18 1 0
lfr-tunnel/pkg/db/invite.go:54.2,54.21 1 0
lfr-tunnel/pkg/db/invite.go:54.21,56.3 1 0
lfr-tunnel/pkg/db/invite.go:57.2,57.21 1 0
lfr-tunnel/pkg/db/invite.go:61.78,68.2 2 0
lfr-tunnel/pkg/db/invite.go:71.107,78.16 2 0
lfr-tunnel/pkg/db/invite.go:78.16,80.3 1 0
lfr-tunnel/pkg/db/invite.go:81.2,84.18 3 0
lfr-tunnel/pkg/db/invite.go:84.18,88.17 4 0
lfr-tunnel/pkg/db/invite.go:88.17,90.4 1 0
lfr-tunnel/pkg/db/invite.go:91.3,91.22 1 0
lfr-tunnel/pkg/db/invite.go:91.22,93.4 1 0
lfr-tunnel/pkg/db/invite.go:94.3,94.31 1 0
lfr-tunnel/pkg/db/invite.go:96.2,96.18 1 0
lfr-tunnel/pkg/db/invite.go:100.69,103.16 3 0
lfr-tunnel/pkg/db/invite.go:103.16,104.36 1 0
lfr-tunnel/pkg/db/invite.go:104.36,106.4 1 0
lfr-tunnel/pkg/db/invite.go:107.3,107.13 1 0
lfr-tunnel/pkg/db/invite.go:110.2,111.16 2 0
lfr-tunnel/pkg/db/invite.go:111.16,113.3 1 0
lfr-tunnel/pkg/db/invite.go:114.2,117.16 3 0
lfr-tunnel/pkg/db/invite.go:117.16,119.3 1 0
lfr-tunnel/pkg/db/invite.go:121.2,122.16 2 0
lfr-tunnel/pkg/db/invite.go:122.16,124.3 1 0
lfr-tunnel/pkg/db/invite.go:126.2,126.20 1 0
lfr-tunnel/pkg/db/invite.go:130.85,136.16 2 0
lfr-tunnel/pkg/db/invite.go:136.16,138.3 1 0
lfr-tunnel/pkg/db/invite.go:139.2,142.18 3 0
lfr-tunnel/pkg/db/invite.go:142.18,146.17 4 0
lfr-tunnel/pkg/db/invite.go:146.17,148.4 1 0
lfr-tunnel/pkg/db/invite.go:149.3,149.22 1 0
lfr-tunnel/pkg/db/invite.go:149.22,151.4 1 0
lfr-tunnel/pkg/db/invite.go:152.3,152.31 1 0
lfr-tunnel/pkg/db/invite.go:154.2,154.18 1 0
lfr-tunnel/pkg/db/invite.go:158.86,167.16 4 0
lfr-tunnel/pkg/db/invite.go:167.16,168.36 1 0
lfr-tunnel/pkg/db/invite.go:168.36,170.4 1 0
lfr-tunnel/pkg/db/invite.go:171.3,171.18 1 0
lfr-tunnel/pkg/db/invite.go:174.2,174.21 1 0
lfr-tunnel/pkg/db/invite.go:174.21,176.3 1 0
lfr-tunnel/pkg/db/invite.go:177.2,177.21 1 0
lfr-tunnel/pkg/db/magiclink.go:12.64,14.2 1 1
lfr-tunnel/pkg/db/magiclink.go:17.112,21.2 3 0
lfr-tunnel/pkg/db/magiclink.go:24.85,31.16 6 0
lfr-tunnel/pkg/db/magiclink.go:31.16,33.3 1 0
lfr-tunnel/pkg/db/magiclink.go:34.2,34.18 1 0
lfr-tunnel/pkg/db/magiclink.go:34.18,36.3 1 0
lfr-tunnel/pkg/db/magiclink.go:37.2,37.19 1 0
lfr-tunnel/pkg/db/magiclink.go:41.65,44.2 2 0
lfr-tunnel/pkg/db/magiclink.go:47.66,51.2 3 0
lfr-tunnel/pkg/db/magiclink.go:54.95,58.2 3 0
lfr-tunnel/pkg/db/magiclink.go:61.73,64.16 3 0
lfr-tunnel/pkg/db/magiclink.go:64.16,66.3 1 0
lfr-tunnel/pkg/db/magiclink.go:67.2,67.15 1 0
lfr-tunnel/pkg/db/magiclink.go:67.15,67.35 1 0
lfr-tunnel/pkg/db/magiclink.go:69.2,70.18 2 0
lfr-tunnel/pkg/db/magiclink.go:70.18,73.117 3 0
lfr-tunnel/pkg/db/magiclink.go:73.117,75.4 1 0
lfr-tunnel/pkg/db/magiclink.go:76.3,76.19 1 0
lfr-tunnel/pkg/db/magiclink.go:76.19,78.4 1 0
lfr-tunnel/pkg/db/magiclink.go:79.3,79.31 1 0
lfr-tunnel/pkg/db/magiclink.go:81.2,81.26 1 0
lfr-tunnel/pkg/db/metrics.go:12.58,14.2 1 1
lfr-tunnel/pkg/db/metrics.go:17.73,19.18 2 0
lfr-tunnel/pkg/db/metrics.go:19.18,21.3 1 0
lfr-tunnel/pkg/db/metrics.go:22.2,23.26 2 0
lfr-tunnel/pkg/db/metrics.go:23.26,25.3 1 0
lfr-tunnel/pkg/db/metrics.go:26.2,27.25 2 0
lfr-tunnel/pkg/db/metrics.go:27.25,29.3 1 0
lfr-tunnel/pkg/db/metrics.go:30.2,34.12 2 0
lfr-tunnel/pkg/db/metrics.go:38.86,49.16 4 1
lfr-tunnel/pkg/db/metrics.go:49.16,51.3 1 0
lfr-tunnel/pkg/db/metrics.go:52.2,52.15 1 1
lfr-tunnel/pkg/db/metrics.go:52.15,52.35 1 1
lfr-tunnel/pkg/db/metrics.go:54.2,55.18 2 1
lfr-tunnel/pkg/db/metrics.go:55.18,58.75 3 1
lfr-tunnel/pkg/db/metrics.go:58.75,60.4 1 0
lfr-tunnel/pkg/db/metrics.go:61.3,61.21 1 1
lfr-tunnel/pkg/db/metrics.go:61.21,63.4 1 0
lfr-tunnel/pkg/db/metrics.go:63.9,65.4 1 1
lfr-tunnel/pkg/db/metrics.go:66.3,66.29 1 1
lfr-tunnel/pkg/db/metrics.go:69.2,79.16 3 1
lfr-tunnel/pkg/db/metrics.go:79.16,81.3 1 0
lfr-tunnel/pkg/db/metrics.go:82.2,82.15 1 1
lfr-tunnel/pkg/db/metrics.go:82.15,82.38 1 1
lfr-tunnel/pkg/db/metrics.go:84.2,85.21 2 1
lfr-tunnel/pkg/db/metrics.go:85.21,88.77 3 1
lfr-tunnel/pkg/db/metrics.go:88.77,90.4 1 0
lfr-tunnel/pkg/db/metrics.go:91.3,91.22 1 1
lfr-tunnel/pkg/db/metrics.go:91.22,93.4 1 1
lfr-tunnel/pkg/db/metrics.go:93.9,95.4 1 0
lfr-tunnel/pkg/db/metrics.go:96.3,96.24 1 1
lfr-tunnel/pkg/db/metrics.go:99.2,99.59 1 1
lfr-tunnel/pkg/db/metrics.go:103.97,114.16 4 1
lfr-tunnel/pkg/db/metrics.go:114.16,116.3 1 0
lfr-tunnel/pkg/db/metrics.go:117.2,117.15 1 1
lfr-tunnel/pkg/db/metrics.go:117.15,117.35 1 1
lfr-tunnel/pkg/db/metrics.go:119.2,120.18 2 1
lfr-tunnel/pkg/db/metrics.go:120.18,123.75 3 1
lfr-tunnel/pkg/db/metrics.go:123.75,125.4 1 0
lfr-tunnel/pkg/db/metrics.go:126.3,126.21 1 1
lfr-tunnel/pkg/db/metrics.go:126.21,128.4 1 0
lfr-tunnel/pkg/db/metrics.go:128.9,130.4 1 1
lfr-tunnel/pkg/db/metrics.go:131.3,131.29 1 1
lfr-tunnel/pkg/db/metrics.go:134.2,142.16 3 1
lfr-tunnel/pkg/db/metrics.go:142.16,144.3 1 0
lfr-tunnel/pkg/db/metrics.go:145.2,145.15 1 1
lfr-tunnel/pkg/db/metrics.go:145.15,145.41 1 1
lfr-tunnel/pkg/db/metrics.go:147.2,148.24 2 1
lfr-tunnel/pkg/db/metrics.go:148.24,150.82 2 1
lfr-tunnel/pkg/db/metrics.go:150.82,152.4 1 0
lfr-tunnel/pkg/db/metrics.go:153.3,153.32 1 1
lfr-tunnel/pkg/db/metrics.go:156.2,156.60 1 1
lfr-tunnel/pkg/db/metrics.go:160.85,171.16 2 0
lfr-tunnel/pkg/db/metrics.go:171.16,173.3 1 0
lfr-tunnel/pkg/db/metrics.go:174.2,174.15 1 0
lfr-tunnel/pkg/db/metrics.go:174.15,174.35 1 0
lfr-tunnel/pkg/db/metrics.go:176.2,177.18 2 0
lfr-tunnel/pkg/db/metrics.go:177.18,179.73 2 0
lfr-tunnel/pkg/db/metrics.go:179.73,181.4 1 0
lfr-tunnel/pkg/db/metrics.go:182.3,182.30 1 0
lfr-tunnel/pkg/db/metrics.go:184.2,184.19 1 0
lfr-tunnel/pkg/db/metrics.go:190.77,194.16 3 1
lfr-tunnel/pkg/db/metrics.go:194.16,196.3 1 0
lfr-tunnel/pkg/db/metrics.go:198.2,200.12 3 1
lfr-tunnel/pkg/db/metrics.go:204.66,208.2 3 1
lfr-tunnel/pkg/db/metrics.go:211.80,218.16 2 1
lfr-tunnel/pkg/db/metrics.go:218.16,220.3 1 0
lfr-tunnel/pkg/db/metrics.go:221.2,224.18 3 1
lfr-tunnel/pkg/db/metrics.go:224.18,228.17 4 1
lfr-tunnel/pkg/db/metrics.go:228.17,230.4 1 0
lfr-tunnel/pkg/db/metrics.go:231.3,231.20 1 1
lfr-tunnel/pkg/db/metrics.go:231.20,233.4 1 1
lfr-tunnel/pkg/db/metrics.go:234.3,234.26 1 1
lfr-tunnel/pkg/db/metrics.go:236.2,236.18 1 1
lfr-tunnel/pkg/db/pat.go:12.52,14.2 1 1
lfr-tunnel/pkg/db/pat.go:17.70,18.28 1 1
lfr-tunnel/pkg/db/pat.go:18.28,20.3 1 1
lfr-tunnel/pkg/db/pat.go:22.2,23.26 2 1
lfr-tunnel/pkg/db/pat.go:23.26,25.3 1 1
lfr-tunnel/pkg/db/pat.go:27.2,28.26 2 1
lfr-tunnel/pkg/db/pat.go:28.26,30.3 1 1
lfr-tunnel/pkg/db/pat.go:32.2,33.27 2 1
lfr-tunnel/pkg/db/pat.go:33.27,35.3 1 0
lfr-tunnel/pkg/db/pat.go:37.2,40.16 3 1
lfr-tunnel/pkg/db/pat.go:40.16,42.3 1 1
lfr-tunnel/pkg/db/pat.go:44.2,45.16 2 1
lfr-tunnel/pkg/db/pat.go:45.16,47.3 1 0
lfr-tunnel/pkg/db/pat.go:48.2,49.12 2 1
lfr-tunnel/pkg/db/pat.go:53.84,62.26 6 1
lfr-tunnel/pkg/db/pat.go:62.26,64.3 1 1
lfr-tunnel/pkg/db/pat.go:65.2,65.16 1 1
lfr-tunnel/pkg/db/pat.go:65.16,67.3 1 0
lfr-tunnel/pkg/db/pat.go:69.2,69.19 1 1
lfr-tunnel/pkg/db/pat.go:69.19,71.3 1 1
lfr-tunnel/pkg/db/pat.go:72.2,72.19 1 1
lfr-tunnel/pkg/db/pat.go:72.19,74.3 1 1
lfr-tunnel/pkg/db/pat.go:75.2,75.20 1 1
lfr-tunnel/pkg/db/pat.go:75.20,77.3 1 1
lfr-tunnel/pkg/db/pat.go:79.2,79.18 1 1
lfr-tunnel/pkg/db/pat.go:83.84,87.16 3 1
lfr-tunnel/pkg/db/pat.go:87.16,89.3 1 0
lfr-tunnel/pkg/db/pat.go:90.2,90.15 1 1
lfr-tunnel/pkg/db/pat.go:90.15,90.35 1 1
lfr-tunnel/pkg/db/pat.go:92.2,93.18 2 1
lfr-tunnel/pkg/db/pat.go:93.18,98.17 4 1
lfr-tunnel/pkg/db/pat.go:98.17,100.4 1 0
lfr-tunnel/pkg/db/pat.go:102.3,102.20 1 1
lfr-tunnel/pkg/db/pat.go:102.20,104.4 1 1
lfr-tunnel/pkg/db/pat.go:105.3,105.20 1 1
lfr-tunnel/pkg/db/pat.go:105.20,107.4 1 0
lfr-tunnel/pkg/db/pat.go:108.3,108.21 1 1
lfr-tunnel/pkg/db/pat.go:108.21,110.4 1 0
lfr-tunnel/pkg/db/pat.go:112.3,112.28 1 1
lfr-tunnel/pkg/db/pat.go:114.2,114.18 1 1
lfr-tunnel/pkg/db/pat.go:118.57,122.16 4 1
lfr-tunnel/pkg/db/pat.go:122.16,124.3 1 0
lfr-tunnel/pkg/db/pat.go:125.2,126.16 2 1
lfr-tunnel/pkg/db/pat.go:126.16,128.3 1 0
lfr-tunnel/pkg/db/pat.go:129.2,129.15 1 1
lfr-tunnel/pkg/db/pat.go:129.15,131.3 1 0
lfr-tunnel/pkg/db/pat.go:132.2,132.12 1 1
lfr-tunnel/pkg/db/pat.go:136.61,140.16 4 1
lfr-tunnel/pkg/db/pat.go:140.16,142.3 1 0
lfr-tunnel/pkg/db/pat.go:143.2,144.16 2 1
lfr-tunnel/pkg/db/pat.go:144.16,146.3 1 0
lfr-tunnel/pkg/db/pat.go:147.2,147.15 1 1
lfr-tunnel/pkg/db/pat.go:147.15,149.3 1 0
lfr-tunnel/pkg/db/pat.go:150.2,150.12 1 1
lfr-tunnel/pkg/db/pat.go:154.85,157.16 3 0
lfr-tunnel/pkg/db/pat.go:157.16,159.3 1 0
lfr-tunnel/pkg/db/pat.go:160.2,161.16 2 0
lfr-tunnel/pkg/db/pat.go:161.16,163.3 1 0
lfr-tunnel/pkg/db/pat.go:164.2,164.15 1 0
lfr-tunnel/pkg/db/pat.go:164.15,166.3 1 0
lfr-tunnel/pkg/db/pat.go:167.2,167.12 1 0
lfr-tunnel/pkg/db/pat.go:171.74,175.16 3 1
lfr-tunnel/pkg/db/pat.go:175.16,177.3 1 0
lfr-tunnel/pkg/db/pat.go:178.2,178.15 1 1
lfr-tunnel/pkg/db/pat.go:178.15,178.35 1 1
lfr-tunnel/pkg/db/pat.go:180.2,181.18 2 1
lfr-tunnel/pkg/db/pat.go:181.18,184.149 3 1
lfr-tunnel/pkg/db/pat.go:184.149,186.4 1 0
lfr-tunnel/pkg/db/pat.go:187.3,187.20 1 1
lfr-tunnel/pkg/db/pat.go:187.20,189.4 1 0
lfr-tunnel/pkg/db/pat.go:190.3,190.20 1 1
lfr-tunnel/pkg/db/pat.go:190.20,192.4 1 0
lfr-tunnel/pkg/db/pat.go:193.3,193.21 1 1
lfr-tunnel/pkg/db/pat.go:193.21,195.4 1 0
lfr-tunnel/pkg/db/pat.go:196.3,196.28 1 1
lfr-tunnel/pkg/db/pat.go:198.2,198.25 1 1
lfr-tunnel/pkg/db/pat.go:202.79,203.23 1 1
lfr-tunnel/pkg/db/pat.go:203.23,205.3 1 0
lfr-tunnel/pkg/db/pat.go:206.2,211.12 4 1
lfr-tunnel/pkg/db/schema.go:4.34,160.16 3 1
lfr-tunnel/pkg/db/schema.go:160.16,162.3 1 0
lfr-tunnel/pkg/db/schema.go:165.2,181.12 16 1
lfr-tunnel/pkg/db/settings.go:12.62,14.2 1 1
lfr-tunnel/pkg/db/settings.go:17.77,20.16 3 0
lfr-tunnel/pkg/db/settings.go:20.16,21.36 1 0
lfr-tunnel/pkg/db/settings.go:21.36,23.4 1 0
lfr-tunnel/pkg/db/settings.go:24.3,24.17 1 0
lfr-tunnel/pkg/db/settings.go:26.2,26.19 1 0
lfr-tunnel/pkg/db/settings.go:30.74,37.2 2 0
lfr-tunnel/pkg/db/subdomain.go:13.64,15.2 1 1
lfr-tunnel/pkg/db/subdomain.go:18.92,19.26 1 1
lfr-tunnel/pkg/db/subdomain.go:19.26,21.3 1 1
lfr-tunnel/pkg/db/subdomain.go:22.2,22.26 1 1
lfr-tunnel/pkg/db/subdomain.go:22.26,24.3 1 1
lfr-tunnel/pkg/db/subdomain.go:26.2,27.26 2 1
lfr-tunnel/pkg/db/subdomain.go:27.26,29.3 1 0
lfr-tunnel/pkg/db/subdomain.go:31.2,35.16 2 1
lfr-tunnel/pkg/db/subdomain.go:35.16,37.3 1 1
lfr-tunnel/pkg/db/subdomain.go:39.2,40.16 2 1
lfr-tunnel/pkg/db/subdomain.go:40.16,42.3 1 0
lfr-tunnel/pkg/db/subdomain.go:43.2,44.12 2 1
lfr-tunnel/pkg/db/subdomain.go:48.99,59.16 6 1
lfr-tunnel/pkg/db/subdomain.go:59.16,60.36 1 1
lfr-tunnel/pkg/db/subdomain.go:60.36,62.4 1 1
lfr-tunnel/pkg/db/subdomain.go:63.3,63.18 1 0
lfr-tunnel/pkg/db/subdomain.go:66.2,66.21 1 0
lfr-tunnel/pkg/db/subdomain.go:66.21,68.3 1 0
lfr-tunnel/pkg/db/subdomain.go:68.8,70.3 1 0
lfr-tunnel/pkg/db/subdomain.go:71.2,75.24 5 0
lfr-tunnel/pkg/db/subdomain.go:75.24,77.3 1 0
lfr-tunnel/pkg/db/subdomain.go:78.2,80.16 2 0
lfr-tunnel/pkg/db/subdomain.go:84.121,95.16 6 1
lfr-tunnel/pkg/db/subdomain.go:95.16,96.36 1 0
lfr-tunnel/pkg/db/subdomain.go:96.36,98.4 1 0
lfr-tunnel/pkg/db/subdomain.go:99.3,99.18 1 0
lfr-tunnel/pkg/db/subdomain.go:102.2,102.21 1 1
lfr-tunnel/pkg/db/subdomain.go:102.21,104.3 1 0
lfr-tunnel/pkg/db/subdomain.go:104.8,106.3 1 1
lfr-tunnel/pkg/db/subdomain.go:107.2,111.24 5 1
lfr-tunnel/pkg/db/subdomain.go:111.24,113.3 1 1
lfr-tunnel/pkg/db/subdomain.go:114.2,116.16 2 1
lfr-tunnel/pkg/db/subdomain.go:120.116,127.16 2 1
lfr-tunnel/pkg/db/subdomain.go:127.16,129.3 1 0
lfr-tunnel/pkg/db/subdomain.go:130.2,130.15 1 1
lfr-tunnel/pkg/db/subdomain.go:130.15,130.35 1 1
lfr-tunnel/pkg/db/subdomain.go:132.2,133.18 2 1
lfr-tunnel/pkg/db/subdomain.go:133.18,138.177 5 1
lfr-tunnel/pkg/db/subdomain.go:138.177,140.4 1 0
lfr-tunnel/pkg/db/subdomain.go:141.3,141.22 1 1
lfr-tunnel/pkg/db/subdomain.go:141.22,143.4 1 1
lfr-tunnel/pkg/db/subdomain.go:144.3,148.25 5 1
lfr-tunnel/pkg/db/subdomain.go:148.25,150.4 1 1
lfr-tunnel/pkg/db/subdomain.go:151.3,152.26 2 1
lfr-tunnel/pkg/db/subdomain.go:154.2,154.18 1 1
lfr-tunnel/pkg/db/subdomain.go:158.98,164.16 2 1
lfr-tunnel/pkg/db/subdomain.go:164.16,166.3 1 0
lfr-tunnel/pkg/db/subdomain.go:167.2,167.15 1 1
lfr-tunnel/pkg/db/subdomain.go:167.15,167.35 1 1
lfr-tunnel/pkg/db/subdomain.go:169.2,170.18 2 1
lfr-tunnel/pkg/db/subdomain.go:170.18,175.177 5 1
lfr-tunnel/pkg/db/subdomain.go:175.177,177.4 1 0
lfr-tunnel/pkg/db/subdomain.go:178.3,178.22 1 1
lfr-tunnel/pkg/db/subdomain.go:178.22,180.4 1 1
lfr-tunnel/pkg/db/subdomain.go:181.3,185.25 5 1
lfr-tunnel/pkg/db/subdomain.go:185.25,187.4 1 1
lfr-tunnel/pkg/db/subdomain.go:188.3,189.26 2 1
lfr-tunnel/pkg/db/subdomain.go:191.2,191.18 1 1
lfr-tunnel/pkg/db/subdomain.go:195.92,198.26 3 0
lfr-tunnel/pkg/db/subdomain.go:198.26,200.3 1 0
lfr-tunnel/pkg/db/subdomain.go:201.2,206.12 2 0
lfr-tunnel/pkg/db/subdomain.go:210.77,213.2 2 1
lfr-tunnel/pkg/db/subdomain.go:217.133,226.16 2 0
lfr-tunnel/pkg/db/subdomain.go:226.16,228.3 1 0
lfr-tunnel/pkg/db/subdomain.go:229.2,229.15 1 0
lfr-tunnel/pkg/db/subdomain.go:229.15,229.35 1 0
lfr-tunnel/pkg/db/subdomain.go:231.2,232.18 2 0
lfr-tunnel/pkg/db/subdomain.go:232.18,237.177 5 0
lfr-tunnel/pkg/db/subdomain.go:237.177,239.4 1 0
lfr-tunnel/pkg/db/subdomain.go:240.3,240.22 1 0
lfr-tunnel/pkg/db/subdomain.go:240.22,242.4 1 0
lfr-tunnel/pkg/db/subdomain.go:243.3,247.25 5 0
lfr-tunnel/pkg/db/subdomain.go:247.25,249.4 1 0
lfr-tunnel/pkg/db/subdomain.go:250.3,251.26 2 0
lfr-tunnel/pkg/db/subdomain.go:253.2,253.18 1 0
lfr-tunnel/pkg/db/subdomain.go:257.93,263.2 2 1
lfr-tunnel/pkg/db/subdomain.go:266.78,267.28 1 1
lfr-tunnel/pkg/db/subdomain.go:267.28,269.3 1 1
lfr-tunnel/pkg/db/subdomain.go:271.2,275.16 2 1
lfr-tunnel/pkg/db/subdomain.go:275.16,277.3 1 1
lfr-tunnel/pkg/db/subdomain.go:279.2,280.16 2 1
lfr-tunnel/pkg/db/subdomain.go:280.16,282.3 1 0
lfr-tunnel/pkg/db/subdomain.go:283.2,284.12 2 1
lfr-tunnel/pkg/db/subdomain.go:288.83,297.16 4 1
lfr-tunnel/pkg/db/subdomain.go:297.16,298.36 1 1
lfr-tunnel/pkg/db/subdomain.go:298.36,300.4 1 1
lfr-tunnel/pkg/db/subdomain.go:301.3,301.18 1 0
lfr-tunnel/pkg/db/subdomain.go:304.2,304.21 1 1
lfr-tunnel/pkg/db/subdomain.go:304.21,306.3 1 0
lfr-tunnel/pkg/db/subdomain.go:306.8,308.3 1 1
lfr-tunnel/pkg/db/subdomain.go:310.2,310.18 1 1
lfr-tunnel/pkg/db/subdomain.go:314.115,323.16 4 0
lfr-tunnel/pkg/db/subdomain.go:323.16,324.36 1 0
lfr-tunnel/pkg/db/subdomain.go:324.36,326.4 1 0
lfr-tunnel/pkg/db/subdomain.go:327.3,327.18 1 0
lfr-tunnel/pkg/db/subdomain.go:330.2,330.21 1 0
lfr-tunnel/pkg/db/subdomain.go:330.21,332.3 1 0
lfr-tunnel/pkg/db/subdomain.go:332.8,334.3 1 0
lfr-tunnel/pkg/db/subdomain.go:336.2,336.18 1 0
lfr-tunnel/pkg/db/subdomain.go:340.102,347.16 2 1
lfr-tunnel/pkg/db/subdomain.go:347.16,349.3 1 0
lfr-tunnel/pkg/db/subdomain.go:350.2,350.15 1 1
lfr-tunnel/pkg/db/subdomain.go:350.15,350.35 1 1
lfr-tunnel/pkg/db/subdomain.go:352.2,353.18 2 1
lfr-tunnel/pkg/db/subdomain.go:353.18,356.139 3 1
lfr-tunnel/pkg/db/subdomain.go:356.139,358.4 1 0
lfr-tunnel/pkg/db/subdomain.go:359.3,359.22 1 1
lfr-tunnel/pkg/db/subdomain.go:359.22,361.4 1 1
lfr-tunnel/pkg/db/subdomain.go:362.3,362.28 1 1
lfr-tunnel/pkg/db/subdomain.go:364.2,364.18 1 1
lfr-tunnel/pkg/db/subdomain.go:368.69,371.2 2 1
lfr-tunnel/pkg/db/subdomain.go:374.85,380.2 2 1
lfr-tunnel/pkg/db/system.go:11.58,13.2 1 1
lfr-tunnel/pkg/db/system.go:16.45,18.2 1 1
lfr-tunnel/pkg/db/system.go:21.55,23.2 1 0
lfr-tunnel/pkg/db/user.go:13.54,15.2 1 1
lfr-tunnel/pkg/db/user.go:18.55,19.26 1 1
lfr-tunnel/pkg/db/user.go:19.26,21.3 1 1
lfr-tunnel/pkg/db/user.go:22.2,22.26 1 1
lfr-tunnel/pkg/db/user.go:22.26,24.3 1 1
lfr-tunnel/pkg/db/user.go:25.2,25.22 1 1
lfr-tunnel/pkg/db/user.go:25.22,27.3 1 1
lfr-tunnel/pkg/db/user.go:28.2,28.24 1 1
lfr-tunnel/pkg/db/user.go:28.24,30.3 1 1
lfr-tunnel/pkg/db/user.go:31.2,31.29 1 1
lfr-tunnel/pkg/db/user.go:31.29,33.3 1 1
lfr-tunnel/pkg/db/user.go:34.2,34.31 1 1
lfr-tunnel/pkg/db/user.go:34.31,36.3 1 1
lfr-tunnel/pkg/db/user.go:38.2,39.19 2 1
lfr-tunnel/pkg/db/user.go:39.19,41.3 1 0
lfr-tunnel/pkg/db/user.go:43.2,43.32 1 1
lfr-tunnel/pkg/db/user.go:43.32,45.3 1 1
lfr-tunnel/pkg/db/user.go:47.2,47.30 1 1
lfr-tunnel/pkg/db/user.go:47.30,49.3 1 1
lfr-tunnel/pkg/db/user.go:51.2,55.12 2 1
lfr-tunnel/pkg/db/user.go:59.92,75.16 14 1
lfr-tunnel/pkg/db/user.go:75.16,76.36 1 1
lfr-tunnel/pkg/db/user.go:76.36,78.4 1 1
lfr-tunnel/pkg/db/user.go:79.3,79.18 1 0
lfr-tunnel/pkg/db/user.go:81.2,89.30 9 1
lfr-tunnel/pkg/db/user.go:89.30,92.3 2 1
lfr-tunnel/pkg/db/user.go:92.8,94.3 1 1
lfr-tunnel/pkg/db/user.go:95.2,95.31 1 1
lfr-tunnel/pkg/db/user.go:95.31,98.3 2 0
lfr-tunnel/pkg/db/user.go:98.8,100.3 1 1
lfr-tunnel/pkg/db/user.go:101.2,101.27 1 1
lfr-tunnel/pkg/db/user.go:101.27,103.3 1 0
lfr-tunnel/pkg/db/user.go:104.2,104.21 1 1
lfr-tunnel/pkg/db/user.go:104.21,106.3 1 0
lfr-tunnel/pkg/db/user.go:107.2,107.45 1 1
lfr-tunnel/pkg/db/user.go:107.45,109.3 1 1
lfr-tunnel/pkg/db/user.go:109.8,111.3 1 0
lfr-tunnel/pkg/db/user.go:112.2,112.16 1 1
lfr-tunnel/pkg/db/user.go:116.63,118.2 1 1
lfr-tunnel/pkg/db/user.go:121.73,123.2 1 1
lfr-tunnel/pkg/db/user.go:126.85,128.2 1 0
lfr-tunnel/pkg/db/user.go:131.81,133.2 1 1
lfr-tunnel/pkg/db/user.go:136.78,138.2 1 1
lfr-tunnel/pkg/db/user.go:141.57,145.2 3 0
lfr-tunnel/pkg/db/user.go:148.55,151.31 3 1
lfr-tunnel/pkg/db/user.go:151.31,153.3 1 0
lfr-tunnel/pkg/db/user.go:154.2,155.27 2 1
lfr-tunnel/pkg/db/user.go:155.27,157.3 1 0
lfr-tunnel/pkg/db/user.go:158.2,159.24 2 1
lfr-tunnel/pkg/db/user.go:159.24,161.3 1 1
lfr-tunnel/pkg/db/user.go:163.2,164.26 2 1
lfr-tunnel/pkg/db/user.go:164.26,166.3 1 0
lfr-tunnel/pkg/db/user.go:168.2,169.19 2 1
lfr-tunnel/pkg/db/user.go:169.19,171.3 1 0
lfr-tunnel/pkg/db/user.go:173.2,188.16 3 1
lfr-tunnel/pkg/db/user.go:188.16,190.3 1 0
lfr-tunnel/pkg/db/user.go:191.2,192.16 2 1
lfr-tunnel/pkg/db/user.go:192.16,194.3 1 0
lfr-tunnel/pkg/db/user.go:195.2,195.15 1 1
lfr-tunnel/pkg/db/user.go:195.15,197.3 1 1
lfr-tunnel/pkg/db/user.go:198.2,198.12 1 1
lfr-tunnel/pkg/db/user.go:202.119,204.15 2 0
lfr-tunnel/pkg/db/user.go:204.15,206.3 1 0
lfr-tunnel/pkg/db/user.go:206.8,208.3 1 0
lfr-tunnel/pkg/db/user.go:209.2,210.16 2 0
lfr-tunnel/pkg/db/user.go:210.16,212.3 1 0
lfr-tunnel/pkg/db/user.go:213.2,214.16 2 0
lfr-tunnel/pkg/db/user.go:214.16,216.3 1 0
lfr-tunnel/pkg/db/user.go:217.2,217.15 1 0
lfr-tunnel/pkg/db/user.go:217.15,219.3 1 0
lfr-tunnel/pkg/db/user.go:220.2,220.12 1 0
lfr-tunnel/pkg/db/user.go:224.58,227.16 3 1
lfr-tunnel/pkg/db/user.go:227.16,229.3 1 0
lfr-tunnel/pkg/db/user.go:230.2,230.15 1 1
lfr-tunnel/pkg/db/user.go:230.15,230.35 1 1
lfr-tunnel/pkg/db/user.go:232.2,233.18 2 1
lfr-tunnel/pkg/db/user.go:233.18,246.472 13 1
lfr-tunnel/pkg/db/user.go:246.472,248.4 1 0
lfr-tunnel/pkg/db/user.go:249.3,257.31 9 1
lfr-tunnel/pkg/db/user.go:257.31,260.4 2 0
lfr-tunnel/pkg/db/user.go:260.9,262.4 1 1
lfr-tunnel/pkg/db/user.go:263.3,263.32 1 1
lfr-tunnel/pkg/db/user.go:263.32,266.4 2 0
lfr-tunnel/pkg/db/user.go:266.9,268.4 1 1
lfr-tunnel/pkg/db/user.go:269.3,269.28 1 1
lfr-tunnel/pkg/db/user.go:269.28,271.4 1 0
lfr-tunnel/pkg/db/user.go:272.3,272.22 1 1
lfr-tunnel/pkg/db/user.go:272.22,274.4 1 0
lfr-tunnel/pkg/db/user.go:275.3,275.46 1 1
lfr-tunnel/pkg/db/user.go:275.46,277.4 1 1
lfr-tunnel/pkg/db/user.go:277.9,279.4 1 0
lfr-tunnel/pkg/db/user.go:280.3,280.28 1 1
lfr-tunnel/pkg/db/user.go:282.2,282.19 1 1
lfr-tunnel/pkg/db/user.go:286.56,290.2 3 1
lfr-tunnel/pkg/db/user.go:293.82,301.17 5 0
lfr-tunnel/pkg/db/user.go:301.17,303.3 1 0
lfr-tunnel/pkg/db/user.go:304.2,304.17 1 0
lfr-tunnel/pkg/db/user.go:304.17,306.3 1 0
lfr-tunnel/pkg/db/user.go:307.2,307.17 1 0
lfr-tunnel/pkg/db/user.go:307.17,309.3 1 0
lfr-tunnel/pkg/db/user.go:310.2,310.17 1 0
lfr-tunnel/pkg/db/user.go:310.17,312.3 1 0
lfr-tunnel/pkg/db/user.go:313.2,313.12 1 0
lfr-tunnel/cmd/lfr-tunneld/main.go:16.13,28.16 9 1
lfr-tunnel/cmd/lfr-tunneld/main.go:28.16,30.3 1 1
lfr-tunnel/cmd/lfr-tunneld/main.go:33.2,33.24 1 1
lfr-tunnel/cmd/lfr-tunneld/main.go:33.24,35.29 2 0
lfr-tunnel/cmd/lfr-tunneld/main.go:35.29,37.4 1 0
lfr-tunnel/cmd/lfr-tunneld/main.go:38.3,38.24 1 0
lfr-tunnel/cmd/lfr-tunneld/main.go:40.2,40.21 1 1
lfr-tunnel/cmd/lfr-tunneld/main.go:40.21,42.3 1 0
lfr-tunnel/cmd/lfr-tunneld/main.go:43.2,43.20 1 1
lfr-tunnel/cmd/lfr-tunneld/main.go:43.20,45.3 1 0
lfr-tunnel/cmd/lfr-tunneld/main.go:46.2,46.21 1 1
lfr-tunnel/cmd/lfr-tunneld/main.go:46.21,48.3 1 0
lfr-tunnel/cmd/lfr-tunneld/main.go:49.2,49.25 1 1
lfr-tunnel/cmd/lfr-tunneld/main.go:49.25,51.3 1 0
lfr-tunnel/cmd/lfr-tunneld/main.go:54.2,54.27 1 1
lfr-tunnel/cmd/lfr-tunneld/main.go:54.27,56.3 1 1
lfr-tunnel/cmd/lfr-tunneld/main.go:59.2,60.16 2 0
lfr-tunnel/cmd/lfr-tunneld/main.go:60.16,62.3 1 0
lfr-tunnel/cmd/lfr-tunneld/main.go:65.2,67.12 3 0
lfr-tunnel/cmd/lfr-tunneld/main.go:67.12,72.3 4 0
lfr-tunnel/cmd/lfr-tunneld/main.go:75.2,76.36 2 0
lfr-tunnel/cmd/lfr-tunneld/main.go:76.36,78.3 1 0
lfr-tunnel/pkg/server/api.go:23.68,25.16 2 1
lfr-tunnel/pkg/server/api.go:25.16,27.3 1 1
lfr-tunnel/pkg/server/api.go:28.2,29.9 2 1
lfr-tunnel/pkg/server/api.go:29.9,31.3 1 0
lfr-tunnel/pkg/server/api.go:32.2,33.9 2 1
lfr-tunnel/pkg/server/api.go:33.9,35.3 1 0
lfr-tunnel/pkg/server/api.go:38.2,38.90 1 1
lfr-tunnel/pkg/server/api.go:38.90,40.18 1 0
lfr-tunnel/pkg/server/api.go:40.18,41.68 1 0
lfr-tunnel/pkg/server/api.go:41.68,43.5 1 0
lfr-tunnel/pkg/server/api.go:46.3,51.9 1 0
lfr-tunnel/pkg/server/api.go:54.2,54.17 1 1
lfr-tunnel/pkg/server/api.go:54.17,56.3 1 0
lfr-tunnel/pkg/server/api.go:57.2,57.47 1 1
lfr-tunnel/pkg/server/api.go:61.75,62.50 1 1
lfr-tunnel/pkg/server/api.go:62.50,64.3 1 1
lfr-tunnel/pkg/server/api.go:66.2,67.17 2 0
lfr-tunnel/pkg/server/api.go:67.17,69.3 1 0
lfr-tunnel/pkg/server/api.go:70.2,70.17 1 0
lfr-tunnel/pkg/server/api.go:70.17,72.3 1 0
lfr-tunnel/pkg/server/api.go:73.2,73.17 1 0
lfr-tunnel/pkg/server/api.go:73.17,74.109 1 0
lfr-tunnel/pkg/server/api.go:74.109,76.4 1 0
lfr-tunnel/pkg/server/api.go:79.2,79.17 1 0
lfr-tunnel/pkg/server/api.go:79.17,80.59 1 0
lfr-tunnel/pkg/server/api.go:80.59,82.4 1 0
lfr-tunnel/pkg/server/api.go:85.2,85.40 1 0
lfr-tunnel/pkg/server/api.go:89.70,91.16 2 1
lfr-tunnel/pkg/server/api.go:91.16,94.3 2 0
lfr-tunnel/pkg/server/api.go:96.2,102.16 6 1
lfr-tunnel/pkg/server/api.go:102.16,104.3 1 1
lfr-tunnel/pkg/server/api.go:106.2,107.37 2 1
lfr-tunnel/pkg/server/api.go:111.73,113.16 2 1
lfr-tunnel/pkg/server/api.go:113.16,116.3 2 0
lfr-tunnel/pkg/server/api.go:118.2,127.61 2 1
lfr-tunnel/pkg/server/api.go:127.61,130.3 2 0
lfr-tunnel/pkg/server/api.go:132.2,132.26 1 1
lfr-tunnel/pkg/server/api.go:132.26,134.3 1 1
lfr-tunnel/pkg/server/api.go:135.2,135.25 1 1
lfr-tunnel/pkg/server/api.go:135.25,137.3 1 0
lfr-tunnel/pkg/server/api.go:138.2,138.30 1 1
lfr-tunnel/pkg/server/api.go:138.30,140.3 1 0
lfr-tunnel/pkg/server/api.go:141.2,141.25 1 1
lfr-tunnel/pkg/server/api.go:141.25,143.3 1 0
lfr-tunnel/pkg/server/api.go:144.2,144.32 1 1
lfr-tunnel/pkg/server/api.go:144.32,146.3 1 0
lfr-tunnel/pkg/server/api.go:147.2,147.34 1 1
lfr-tunnel/pkg/server/api.go:147.34,149.3 1 0
lfr-tunnel/pkg/server/api.go:150.2,150.35 1 1
lfr-tunnel/pkg/server/api.go:150.35,152.3 1 0
lfr-tunnel/pkg/server/api.go:154.2,154.46 1 1
lfr-tunnel/pkg/server/api.go:154.46,157.3 2 0
lfr-tunnel/pkg/server/api.go:159.2,159.66 1 1
lfr-tunnel/pkg/server/api.go:162.81,164.16 2 1
lfr-tunnel/pkg/server/api.go:164.16,167.3 2 0
lfr-tunnel/pkg/server/api.go:169.2,174.61 2 1
lfr-tunnel/pkg/server/api.go:174.61,177.3 2 0
lfr-tunnel/pkg/server/api.go:179.2,179.22 1 1
lfr-tunnel/pkg/server/api.go:179.22,182.3 2 0
lfr-tunnel/pkg/server/api.go:184.2,184.98 1 1
lfr-tunnel/pkg/server/api.go:184.98,187.3 2 0
lfr-tunnel/pkg/server/api.go:189.2,191.66 2 1
lfr-tunnel/pkg/server/api.go:195.75,197.16 2 1
lfr-tunnel/pkg/server/api.go:197.16,200.3 2 0
lfr-tunnel/pkg/server/api.go:202.2,203.50 2 1
lfr-tunnel/pkg/server/api.go:203.50,205.3 1 0
lfr-tunnel/pkg/server/api.go:205.8,207.3 1 1
lfr-tunnel/pkg/server/api.go:208.2,208.16 1 1
lfr-tunnel/pkg/server/api.go:208.16,211.3 2 0
lfr-tunnel/pkg/server/api.go:213.2,213.37 1 1
lfr-tunnel/pkg/server/api.go:217.76,219.16 2 1
lfr-tunnel/pkg/server/api.go:219.16,222.3 2 0
lfr-tunnel/pkg/server/api.go:224.2,228.61 2 1
lfr-tunnel/pkg/server/api.go:228.61,231.3 2 0
lfr-tunnel/pkg/server/api.go:233.2,233.72 1 1
lfr-tunnel/pkg/server/api.go:233.72,236.3 2 1
lfr-tunnel/pkg/server/api.go:238.2,238.20 1 1
lfr-tunnel/pkg/server/api.go:238.20,241.3 2 0
lfr-tunnel/pkg/server/api.go:243.2,244.16 2 1
lfr-tunnel/pkg/server/api.go:244.16,247.3 2 0
lfr-tunnel/pkg/server/api.go:248.2,254.23 5 1
lfr-tunnel/pkg/server/api.go:254.23,257.3 2 0
lfr-tunnel/pkg/server/api.go:259.2,267.44 2 1
lfr-tunnel/pkg/server/api.go:267.44,271.3 3 0
lfr-tunnel/pkg/server/api.go:273.2,288.4 2 1
lfr-tunnel/pkg/server/api.go:292.76,294.16 2 1
lfr-tunnel/pkg/server/api.go:294.16,297.3 2 0
lfr-tunnel/pkg/server/api.go:299.2,301.16 3 1
lfr-tunnel/pkg/server/api.go:301.16,304.3 2 0
lfr-tunnel/pkg/server/api.go:307.2,308.50 2 1
lfr-tunnel/pkg/server/api.go:308.50,310.3 1 0
lfr-tunnel/pkg/server/api.go:310.8,312.17 2 1
lfr-tunnel/pkg/server/api.go:312.17,315.4 2 0
lfr-tunnel/pkg/server/api.go:316.3,316.26 1 1
lfr-tunnel/pkg/server/api.go:316.26,317.23 1 1
lfr-tunnel/pkg/server/api.go:317.23,319.10 2 1
lfr-tunnel/pkg/server/api.go:324.2,324.16 1 1
lfr-tunnel/pkg/server/api.go:324.16,327.3 2 0
lfr-tunnel/pkg/server/api.go:329.2,329.48 1 1
lfr-tunnel/pkg/server/api.go:329.48,332.3 2 0
lfr-tunnel/pkg/server/api.go:334.2,342.66 2 1
lfr-tunnel/pkg/server/api.go:346.77,347.17 1 1
lfr-tunnel/pkg/server/api.go:347.17,351.3 3 0
lfr-tunnel/pkg/server/api.go:353.2,354.16 2 1
lfr-tunnel/pkg/server/api.go:354.16,358.3 3 0
lfr-tunnel/pkg/server/api.go:360.2,366.16 5 1
lfr-tunnel/pkg/server/api.go:366.16,370.3 3 0
lfr-tunnel/pkg/server/api.go:372.2,376.13 2 1
lfr-tunnel/pkg/server/api.go:376.13,378.17 2 1
lfr-tunnel/pkg/server/api.go:378.17,382.4 3 0
lfr-tunnel/pkg/server/api.go:383.3,384.31 2 1
lfr-tunnel/pkg/server/api.go:387.2,387.37 1 1
lfr-tunnel/pkg/server/api.go:391.73,393.16 2 1
lfr-tunnel/pkg/server/api.go:393.16,396.3 2 0
lfr-tunnel/pkg/server/api.go:398.2,399.16 2 1
lfr-tunnel/pkg/server/api.go:399.16,402.3 2 0
lfr-tunnel/pkg/server/api.go:404.2,407.4 1 1
lfr-tunnel/pkg/server/api.go:411.74,413.16 2 1
lfr-tunnel/pkg/server/api.go:413.16,416.3 2 0
lfr-tunnel/pkg/server/api.go:418.2,422.61 2 1
lfr-tunnel/pkg/server/api.go:422.61,425.3 2 1
lfr-tunnel/pkg/server/api.go:427.2,427.91 1 0
lfr-tunnel/pkg/server/api.go:427.91,428.31 1 0
lfr-tunnel/pkg/server/api.go:428.31,431.4 2 0
lfr-tunnel/pkg/server/api.go:432.3,433.9 2 0
lfr-tunnel/pkg/server/api.go:436.2,436.71 1 0
lfr-tunnel/pkg/server/api.go:440.75,442.16 2 1
lfr-tunnel/pkg/server/api.go:442.16,445.3 2 0
lfr-tunnel/pkg/server/api.go:447.2,450.61 2 1
lfr-tunnel/pkg/server/api.go:450.61,453.3 2 0
lfr-tunnel/pkg/server/api.go:455.2,455.80 1 1
lfr-tunnel/pkg/server/api.go:455.80,456.31 1 1
lfr-tunnel/pkg/server/api.go:456.31,459.4 2 1
lfr-tunnel/pkg/server/api.go:460.3,461.9 2 0
lfr-tunnel/pkg/server/api.go:464.2,464.71 1 0
lfr-tunnel/pkg/server/api.go:468.74,473.61 2 1
lfr-tunnel/pkg/server/api.go:473.61,476.3 2 0
lfr-tunnel/pkg/server/api.go:478.2,479.16 2 1
lfr-tunnel/pkg/server/api.go:479.16,480.29 1 1
lfr-tunnel/pkg/server/api.go:480.29,483.4 2 1
lfr-tunnel/pkg/server/api.go:484.3,485.9 2 0
lfr-tunnel/pkg/server/api.go:488.2,499.71 3 0
lfr-tunnel/pkg/server/api.go:503.91,504.17 1 1
lfr-tunnel/pkg/server/api.go:504.17,506.3 1 0
lfr-tunnel/pkg/server/api.go:508.2,509.16 2 1
lfr-tunnel/pkg/server/api.go:509.16,511.3 1 0
lfr-tunnel/pkg/server/api.go:514.2,515.31 2 1
lfr-tunnel/pkg/server/api.go:515.31,516.77 1 0
lfr-tunnel/pkg/server/api.go:516.77,518.4 1 0
lfr-tunnel/pkg/server/api.go:522.2,523.16 2 1
lfr-tunnel/pkg/server/api.go:523.16,524.28 1 1
lfr-tunnel/pkg/server/api.go:524.28,526.4 1 0
[...]
lfr-tunnel/pkg/server/telemetry_ws.go:288.28,290.81 1 0
lfr-tunnel/pkg/server/telemetry_ws.go:290.81,297.4 1 0
lfr-tunnel/pkg/server/telemetry_ws.go:297.9,299.4 1 0
lfr-tunnel/pkg/server/telemetry_ws.go:302.2,309.16 4 1
lfr-tunnel/pkg/server/telemetry_ws.go:309.16,311.3 1 0
lfr-tunnel/pkg/server/telemetry_ws.go:313.2,313.9 1 1
lfr-tunnel/pkg/server/telemetry_ws.go:314.21,314.21 0 1
lfr-tunnel/pkg/server/telemetry_ws.go:315.10,317.21 1 0
lfr-tunnel/pkg/server/telemetry_ws.go:322.39,325.34 3 1
lfr-tunnel/pkg/server/telemetry_ws.go:325.34,327.3 1 1
lfr-tunnel/pkg/server/telemetry_ws.go:331.55,334.34 3 1
lfr-tunnel/pkg/server/telemetry_ws.go:334.34,335.30 1 1
lfr-tunnel/pkg/server/telemetry_ws.go:335.30,337.4 1 1
lfr-tunnel/pkg/server/telemetry_ws.go:342.41,343.12 1 1
lfr-tunnel/pkg/server/telemetry_ws.go:343.12,346.7 3 1
lfr-tunnel/pkg/server/telemetry_ws.go:346.7,347.11 1 1
lfr-tunnel/pkg/server/telemetry_ws.go:348.24,349.11 1 1
lfr-tunnel/pkg/server/telemetry_ws.go:350.20,351.27 1 0
lfr-tunnel/pkg/server/totp.go:15.43,17.40 2 1
lfr-tunnel/pkg/server/totp.go:17.40,19.3 1 0
lfr-tunnel/pkg/server/totp.go:21.2,21.80 1 1
lfr-tunnel/pkg/server/totp.go:26.52,28.18 2 1
lfr-tunnel/pkg/server/totp.go:28.18,30.3 1 1
lfr-tunnel/pkg/server/totp.go:33.2,34.24 2 1
lfr-tunnel/pkg/server/totp.go:34.24,36.3 1 1
lfr-tunnel/pkg/server/totp.go:38.2,39.16 2 1
lfr-tunnel/pkg/server/totp.go:39.16,41.3 1 1
lfr-tunnel/pkg/server/totp.go:43.2,44.20 2 1
lfr-tunnel/pkg/server/totp.go:44.20,46.3 1 1
lfr-tunnel/pkg/server/totp.go:48.2,52.54 3 1
lfr-tunnel/pkg/server/totp.go:52.54,54.42 2 1
lfr-tunnel/pkg/server/totp.go:54.42,56.4 1 1
lfr-tunnel/pkg/server/totp.go:59.2,59.14 1 1
lfr-tunnel/pkg/server/totp.go:63.55,78.2 10 1
lfr-tunnel/pkg/server/unsubscribe.go:16.64,28.2 7 1
lfr-tunnel/pkg/server/unsubscribe.go:31.71,33.16 2 1
lfr-tunnel/pkg/server/unsubscribe.go:33.16,35.3 1 0
lfr-tunnel/pkg/server/unsubscribe.go:37.2,38.21 2 1
lfr-tunnel/pkg/server/unsubscribe.go:38.21,40.3 1 0
lfr-tunnel/pkg/server/unsubscribe.go:42.2,48.16 5 1
lfr-tunnel/pkg/server/unsubscribe.go:48.16,50.3 1 0
lfr-tunnel/pkg/server/unsubscribe.go:52.2,52.32 1 1
lfr-tunnel/pkg/server/unsubscribe.go:52.32,54.3 1 0
lfr-tunnel/pkg/server/unsubscribe.go:57.2,62.63 5 1
lfr-tunnel/pkg/server/unsubscribe.go:62.63,64.3 1 0
lfr-tunnel/pkg/server/unsubscribe.go:66.2,66.19 1 1
lfr-tunnel/pkg/server/unsubscribe.go:70.76,72.17 2 1
lfr-tunnel/pkg/server/unsubscribe.go:72.17,75.3 2 0
lfr-tunnel/pkg/server/unsubscribe.go:77.2,78.16 2 1
lfr-tunnel/pkg/server/unsubscribe.go:78.16,82.19 4 0
lfr-tunnel/pkg/server/unsubscribe.go:82.19,85.4 2 0
lfr-tunnel/pkg/server/unsubscribe.go:87.3,89.9 3 0
lfr-tunnel/pkg/server/unsubscribe.go:92.2,92.17 1 1
lfr-tunnel/pkg/server/unsubscribe.go:92.17,94.32 2 1
lfr-tunnel/pkg/server/unsubscribe.go:94.32,98.4 3 1
lfr-tunnel/pkg/server/unsubscribe.go:101.2,104.18 4 1
lfr-tunnel/pkg/server/unsubscribe.go:104.18,107.3 2 0
lfr-tunnel/pkg/server/unsubscribe.go:108.2,108.27 1 1
lfr-tunnel/pkg/server/unsubscribe.go:111.34,117.2 5 1
lfr-tunnel/pkg/server/waf.go:25.65,27.50 1 1
lfr-tunnel/pkg/server/waf.go:27.50,29.3 1 1
lfr-tunnel/pkg/server/waf.go:30.2,30.40 1 1
lfr-tunnel/pkg/server/waf.go:30.40,32.3 1 0
lfr-tunnel/pkg/server/waf.go:33.2,33.40 1 1
lfr-tunnel/pkg/server/waf.go:33.40,35.3 1 0
lfr-tunnel/pkg/server/waf.go:38.2,38.41 1 1
lfr-tunnel/pkg/server/waf.go:38.41,39.30 1 1
lfr-tunnel/pkg/server/waf.go:39.30,41.18 2 1
lfr-tunnel/pkg/server/waf.go:41.18,43.5 1 0
lfr-tunnel/pkg/server/waf.go:44.4,44.51 1 1
lfr-tunnel/pkg/server/waf.go:44.51,46.5 1 0
lfr-tunnel/pkg/server/waf.go:47.4,47.41 1 1
lfr-tunnel/pkg/server/waf.go:47.41,49.5 1 1
lfr-tunnel/pkg/server/waf.go:50.4,50.41 1 1
lfr-tunnel/pkg/server/waf.go:50.41,52.5 1 1
lfr-tunnel/pkg/server/waf.go:53.4,53.50 1 1
lfr-tunnel/pkg/server/waf.go:53.50,55.5 1 1
lfr-tunnel/pkg/server/waf.go:60.2,60.43 1 1
lfr-tunnel/pkg/server/waf.go:60.43,62.3 1 1
lfr-tunnel/pkg/server/waf.go:63.2,63.43 1 1
lfr-tunnel/pkg/server/waf.go:63.43,65.3 1 0
lfr-tunnel/pkg/server/waf.go:66.2,66.52 1 1
lfr-tunnel/pkg/server/waf.go:66.52,68.3 1 1
lfr-tunnel/pkg/server/waf.go:70.2,70.37 1 1
lfr-tunnel/pkg/server/waf.go:70.37,71.43 1 1
lfr-tunnel/pkg/server/waf.go:71.43,73.4 1 1
lfr-tunnel/pkg/server/waf.go:74.3,74.43 1 0
lfr-tunnel/pkg/server/waf.go:74.43,76.4 1 0
lfr-tunnel/pkg/server/waf.go:80.2,87.54 3 1
lfr-tunnel/pkg/server/waf.go:87.54,89.17 2 1
lfr-tunnel/pkg/server/waf.go:89.17,94.75 3 1
lfr-tunnel/pkg/server/waf.go:94.75,95.65 1 1
lfr-tunnel/pkg/server/waf.go:95.65,97.6 1 1
lfr-tunnel/pkg/server/waf.go:100.4,100.49 1 1
lfr-tunnel/pkg/server/waf.go:100.49,102.5 1 0
lfr-tunnel/pkg/server/waf.go:103.4,103.39 1 1
lfr-tunnel/pkg/server/waf.go:103.39,105.5 1 1
lfr-tunnel/pkg/server/waf.go:106.4,106.39 1 1
lfr-tunnel/pkg/server/waf.go:106.39,108.5 1 1
lfr-tunnel/pkg/server/waf.go:109.4,109.48 1 1
lfr-tunnel/pkg/server/waf.go:109.48,111.5 1 0
lfr-tunnel/pkg/server/waf.go:115.2,115.22 1 1
lfr-tunnel/cmd/lfr-tunnel/main.go:31.38,33.2 1 1
lfr-tunnel/cmd/lfr-tunnel/main.go:35.46,38.2 2 1
lfr-tunnel/cmd/lfr-tunnel/main.go:69.13,71.2 1 1
lfr-tunnel/cmd/lfr-tunnel/main.go:73.13,78.16 3 1
lfr-tunnel/cmd/lfr-tunnel/main.go:78.16,80.3 1 0
lfr-tunnel/cmd/lfr-tunnel/main.go:83.2,90.32 5 1
lfr-tunnel/cmd/lfr-tunnel/main.go:90.32,91.28 1 1
lfr-tunnel/cmd/lfr-tunnel/main.go:91.28,93.4 1 0
lfr-tunnel/cmd/lfr-tunnel/main.go:97.2,98.15 2 1
lfr-tunnel/cmd/lfr-tunnel/main.go:98.15,100.35 2 1
lfr-tunnel/cmd/lfr-tunnel/main.go:100.35,102.49 2 1
lfr-tunnel/cmd/lfr-tunnel/main.go:102.49,104.5 1 1
lfr-tunnel/cmd/lfr-tunnel/main.go:105.4,106.43 2 1
lfr-tunnel/cmd/lfr-tunnel/main.go:107.9,109.4 1 0
lfr-tunnel/cmd/lfr-tunnel/main.go:111.2,114.55 2 1
lfr-tunnel/cmd/lfr-tunnel/main.go:114.55,116.3 1 0
lfr-tunnel/cmd/lfr-tunnel/main.go:119.2,120.12 2 1
lfr-tunnel/cmd/lfr-tunnel/main.go:120.12,123.3 2 1
lfr-tunnel/cmd/lfr-tunnel/main.go:126.2,130.34 3 1
lfr-tunnel/cmd/lfr-tunnel/main.go:130.34,132.3 1 1
lfr-tunnel/cmd/lfr-tunnel/main.go:135.2,142.25 8 1
lfr-tunnel/cmd/lfr-tunnel/main.go:142.25,144.17 2 0
lfr-tunnel/cmd/lfr-tunnel/main.go:144.17,146.4 1 0
lfr-tunnel/cmd/lfr-tunnel/main.go:147.3,147.34 1 0
lfr-tunnel/cmd/lfr-tunnel/main.go:149.2,150.16 2 1
lfr-tunnel/cmd/lfr-tunnel/main.go:150.16,152.3 1 0
lfr-tunnel/cmd/lfr-tunnel/main.go:153.2,155.28 2 1
lfr-tunnel/cmd/lfr-tunnel/main.go:155.28,157.3 1 0
lfr-tunnel/cmd/lfr-tunnel/main.go:157.8,159.3 1 1
lfr-tunnel/cmd/lfr-tunnel/main.go:160.2,161.34 2 1
lfr-tunnel/cmd/lfr-tunnel/main.go:161.34,163.26 2 1
lfr-tunnel/cmd/lfr-tunnel/main.go:163.26,165.4 1 0
lfr-tunnel/cmd/lfr-tunnel/main.go:166.3,166.73 1 1
lfr-tunnel/cmd/lfr-tunnel/main.go:170.2,170.9 1 1
lfr-tunnel/cmd/lfr-tunnel/main.go:171.28,172.45 1 1
lfr-tunnel/cmd/lfr-tunnel/main.go:172.45,173.67 1 1
lfr-tunnel/cmd/lfr-tunnel/main.go:173.67,175.5 1 0
lfr-tunnel/cmd/lfr-tunnel/main.go:176.4,176.70 1 1
lfr-tunnel/cmd/lfr-tunnel/main.go:176.70,178.5 1 0
lfr-tunnel/cmd/lfr-tunnel/main.go:180.44,180.44 0 0
lfr-tunnel/cmd/lfr-tunnel/main.go:185.2,185.28 1 1
lfr-tunnel/cmd/lfr-tunnel/main.go:185.28,187.3 1 0
lfr-tunnel/cmd/lfr-tunnel/main.go:187.8,189.3 1 1
lfr-tunnel/cmd/lfr-tunnel/main.go:190.2,190.23 1 1
lfr-tunnel/cmd/lfr-tunnel/main.go:190.23,192.3 1 0
lfr-tunnel/cmd/lfr-tunnel/main.go:193.2,193.24 1 1
lfr-tunnel/cmd/lfr-tunnel/main.go:193.24,195.3 1 0
lfr-tunnel/cmd/lfr-tunnel/main.go:196.2,196.28 1 1
lfr-tunnel/cmd/lfr-tunnel/main.go:196.28,198.3 1 0
lfr-tunnel/cmd/lfr-tunnel/main.go:200.2,204.34 3 1
lfr-tunnel/cmd/lfr-tunnel/main.go:204.34,207.17 3 0
lfr-tunnel/cmd/lfr-tunnel/main.go:207.17,209.4 1 0
lfr-tunnel/cmd/lfr-tunnel/main.go:210.3,212.38 3 0
lfr-tunnel/cmd/lfr-tunnel/main.go:215.2,218.28 3 0
lfr-tunnel/cmd/lfr-tunnel/main.go:218.28,220.3 1 0
lfr-tunnel/cmd/lfr-tunnel/main.go:220.8,220.42 1 0
lfr-tunnel/cmd/lfr-tunnel/main.go:220.42,222.3 1 0
lfr-tunnel/cmd/lfr-tunnel/main.go:224.2,237.58 4 0
lfr-tunnel/cmd/lfr-tunnel/main.go:237.58,239.3 1 0
lfr-tunnel/cmd/lfr-tunnel/main.go:242.2,247.12 5 0
lfr-tunnel/cmd/lfr-tunnel/main.go:247.12,251.3 3 0
lfr-tunnel/cmd/lfr-tunnel/main.go:254.2,259.16 4 0
lfr-tunnel/cmd/lfr-tunnel/main.go:259.16,261.3 1 0
lfr-tunnel/cmd/lfr-tunnel/main.go:263.2,264.23 2 0
lfr-tunnel/cmd/lfr-tunnel/main.go:264.23,266.3 1 0
lfr-tunnel/cmd/lfr-tunnel/main.go:267.2,268.36 2 0
lfr-tunnel/cmd/lfr-tunnel/main.go:268.36,270.3 1 0
lfr-tunnel/cmd/lfr-tunnel/main.go:271.2,271.50 1 0
lfr-tunnel/cmd/lfr-tunnel/main.go:274.56,275.22 1 1
lfr-tunnel/cmd/lfr-tunnel/main.go:275.22,277.3 1 0
lfr-tunnel/cmd/lfr-tunnel/main.go:278.2,278.18 1 1
lfr-tunnel/cmd/lfr-tunnel/main.go:278.18,280.3 1 0
lfr-tunnel/cmd/lfr-tunnel/main.go:281.2,281.22 1 1
lfr-tunnel/cmd/lfr-tunnel/main.go:281.22,283.3 1 0
lfr-tunnel/cmd/lfr-tunnel/main.go:284.2,284.20 1 1
lfr-tunnel/cmd/lfr-tunnel/main.go:284.20,286.3 1 0
lfr-tunnel/cmd/lfr-tunnel/main.go:287.2,287.22 1 1
lfr-tunnel/cmd/lfr-tunnel/main.go:287.22,289.3 1 0
lfr-tunnel/cmd/lfr-tunnel/main.go:290.2,290.23 1 1
lfr-tunnel/cmd/lfr-tunnel/main.go:290.23,292.3 1 0
lfr-tunnel/cmd/lfr-tunnel/main.go:293.2,293.19 1 1
lfr-tunnel/cmd/lfr-tunnel/main.go:293.19,295.3 1 0
lfr-tunnel/cmd/lfr-tunnel/main.go:296.2,296.21 1 1
lfr-tunnel/cmd/lfr-tunnel/main.go:296.21,298.3 1 0
lfr-tunnel/cmd/lfr-tunnel/main.go:299.2,299.24 1 1
lfr-tunnel/cmd/lfr-tunnel/main.go:299.24,301.3 1 0
lfr-tunnel/cmd/lfr-tunnel/main.go:302.2,302.19 1 1
lfr-tunnel/cmd/lfr-tunnel/main.go:302.19,304.3 1 0
lfr-tunnel/cmd/lfr-tunnel/main.go:305.2,305.19 1 1
lfr-tunnel/cmd/lfr-tunnel/main.go:305.19,307.3 1 0
lfr-tunnel/cmd/lfr-tunnel/main.go:308.2,308.18 1 1
lfr-tunnel/cmd/lfr-tunnel/main.go:308.18,310.3 1 0
lfr-tunnel/cmd/lfr-tunnel/main.go:311.2,311.22 1 1
lfr-tunnel/cmd/lfr-tunnel/main.go:311.22,313.3 1 0
lfr-tunnel/cmd/lfr-tunnel/main.go:316.94,317.57 1 1
lfr-tunnel/cmd/lfr-tunnel/main.go:317.57,318.49 1 0
lfr-tunnel/cmd/lfr-tunnel/main.go:318.49,320.4 1 0
lfr-tunnel/cmd/lfr-tunnel/main.go:321.3,321.14 1 0
lfr-tunnel/cmd/lfr-tunnel/main.go:324.2,324.18 1 1
lfr-tunnel/cmd/lfr-tunnel/main.go:324.18,327.3 2 0
lfr-tunnel/cmd/lfr-tunnel/main.go:329.2,329.18 1 1
lfr-tunnel/cmd/lfr-tunnel/main.go:329.18,330.75 1 0
lfr-tunnel/cmd/lfr-tunnel/main.go:330.75,332.4 1 0
lfr-tunnel/cmd/lfr-tunnel/main.go:333.3,333.14 1 0
lfr-tunnel/cmd/lfr-tunnel/main.go:336.2,336.47 1 1
lfr-tunnel/cmd/lfr-tunnel/main.go:336.47,337.56 1 0
lfr-tunnel/cmd/lfr-tunnel/main.go:337.56,339.4 1 0
lfr-tunnel/cmd/lfr-tunnel/main.go:340.3,340.14 1 0
lfr-tunnel/cmd/lfr-tunnel/main.go:343.2,343.45 1 1
lfr-tunnel/cmd/lfr-tunnel/main.go:343.45,346.3 2 0
lfr-tunnel/cmd/lfr-tunnel/main.go:348.2,348.23 1 1
lfr-tunnel/cmd/lfr-tunnel/main.go:348.23,350.17 2 0
lfr-tunnel/cmd/lfr-tunnel/main.go:350.17,352.4 1 0
lfr-tunnel/cmd/lfr-tunnel/main.go:353.3,355.14 3 0
lfr-tunnel/cmd/lfr-tunnel/main.go:358.2,358.11 1 1
lfr-tunnel/cmd/lfr-tunnel/main.go:358.11,361.3 2 0
lfr-tunnel/cmd/lfr-tunnel/main.go:363.2,363.13 1 1
lfr-tunnel/cmd/lfr-tunnel/main.go:363.13,366.3 2 0
lfr-tunnel/cmd/lfr-tunnel/main.go:368.2,368.17 1 1
lfr-tunnel/cmd/lfr-tunnel/main.go:368.17,371.3 2 0
lfr-tunnel/cmd/lfr-tunnel/main.go:373.2,373.17 1 1
lfr-tunnel/cmd/lfr-tunnel/main.go:373.17,376.3 2 0
lfr-tunnel/cmd/lfr-tunnel/main.go:378.2,378.14 1 1
lfr-tunnel/cmd/lfr-tunnel/main.go:381.77,384.21 3 1
lfr-tunnel/cmd/lfr-tunnel/main.go:384.21,386.30 2 1
lfr-tunnel/cmd/lfr-tunnel/main.go:386.30,388.48 2 1
lfr-tunnel/cmd/lfr-tunnel/main.go:388.48,390.5 1 0
lfr-tunnel/cmd/lfr-tunnel/main.go:392.8,394.3 1 1
lfr-tunnel/cmd/lfr-tunnel/main.go:396.2,397.39 2 1
lfr-tunnel/cmd/lfr-tunnel/main.go:397.39,398.32 1 0
lfr-tunnel/cmd/lfr-tunnel/main.go:398.32,400.15 2 0
lfr-tunnel/cmd/lfr-tunnel/main.go:400.15,402.5 1 0
lfr-tunnel/cmd/lfr-tunnel/main.go:403.4,406.6 1 0
lfr-tunnel/cmd/lfr-tunnel/main.go:408.8,409.37 1 1
lfr-tunnel/cmd/lfr-tunnel/main.go:409.37,412.18 3 0
lfr-tunnel/cmd/lfr-tunnel/main.go:412.18,415.5 2 0
lfr-tunnel/cmd/lfr-tunnel/main.go:416.9,419.28 3 1
lfr-tunnel/cmd/lfr-tunnel/main.go:419.28,421.40 2 0
lfr-tunnel/cmd/lfr-tunnel/main.go:421.40,423.17 2 0
lfr-tunnel/cmd/lfr-tunnel/main.go:423.17,425.7 1 0
lfr-tunnel/cmd/lfr-tunnel/main.go:426.6,429.8 1 0
lfr-tunnel/cmd/lfr-tunnel/main.go:431.10,434.5 2 1
lfr-tunnel/cmd/lfr-tunnel/main.go:437.2,437.21 1 1
lfr-tunnel/cmd/lfr-tunnel/main.go:440.165,442.23 2 1
lfr-tunnel/cmd/lfr-tunnel/main.go:442.23,444.3 1 0
lfr-tunnel/cmd/lfr-tunnel/main.go:445.2,446.16 2 1
lfr-tunnel/cmd/lfr-tunnel/main.go:446.16,447.84 1 1
lfr-tunnel/cmd/lfr-tunnel/main.go:447.84,450.23 3 1
lfr-tunnel/cmd/lfr-tunnel/main.go:450.23,452.48 2 0
lfr-tunnel/cmd/lfr-tunnel/main.go:452.48,454.6 1 0
lfr-tunnel/cmd/lfr-tunnel/main.go:456.4,459.14 4 1
lfr-tunnel/cmd/lfr-tunnel/main.go:462.3,466.58 3 0
lfr-tunnel/cmd/lfr-tunnel/main.go:466.58,468.4 1 0
lfr-tunnel/cmd/lfr-tunnel/main.go:470.3,470.21 1 0
lfr-tunnel/cmd/lfr-tunnel/main.go:470.21,476.4 5 0
lfr-tunnel/cmd/lfr-tunnel/main.go:476.9,478.4 1 0
lfr-tunnel/cmd/lfr-tunnel/main.go:481.2,481.27 1 0
lfr-tunnel/cmd/lfr-tunnel/main.go:481.27,483.3 1 0
lfr-tunnel/cmd/lfr-tunnel/main.go:484.2,484.16 1 0
lfr-tunnel/cmd/lfr-tunnel/main.go:487.55,489.16 2 1
lfr-tunnel/cmd/lfr-tunnel/main.go:489.16,491.3 1 0
lfr-tunnel/cmd/lfr-tunnel/main.go:492.2,493.47 2 1
lfr-tunnel/cmd/lfr-tunnel/main.go:493.47,495.3 1 0
lfr-tunnel/cmd/lfr-tunnel/main.go:496.2,498.75 3 1
lfr-tunnel/cmd/lfr-tunnel/main.go:501.48,503.16 2 1
lfr-tunnel/cmd/lfr-tunnel/main.go:503.16,505.3 1 0
lfr-tunnel/cmd/lfr-tunnel/main.go:506.2,506.60 1 1
lfr-tunnel/cmd/lfr-tunnel/main.go:509.45,511.16 2 1
lfr-tunnel/cmd/lfr-tunnel/main.go:511.16,513.3 1 0
lfr-tunnel/cmd/lfr-tunnel/main.go:514.2,515.16 2 1
lfr-tunnel/cmd/lfr-tunnel/main.go:515.16,517.3 1 0
lfr-tunnel/cmd/lfr-tunnel/main.go:518.2,519.29 2 1
lfr-tunnel/cmd/lfr-tunnel/main.go:522.33,524.2 1 1
lfr-tunnel/cmd/lfr-tunnel/main.go:526.46,528.16 2 1
lfr-tunnel/cmd/lfr-tunnel/main.go:528.16,530.3 1 0
lfr-tunnel/cmd/lfr-tunnel/main.go:531.2,533.16 3 1
lfr-tunnel/cmd/lfr-tunnel/main.go:533.16,534.25 1 0
lfr-tunnel/cmd/lfr-tunnel/main.go:534.25,536.4 1 0
lfr-tunnel/cmd/lfr-tunnel/main.go:537.3,537.18 1 0
lfr-tunnel/cmd/lfr-tunnel/main.go:539.2,540.26 2 1
lfr-tunnel/cmd/lfr-tunnel/main.go:540.26,541.102 1 1
lfr-tunnel/cmd/lfr-tunnel/main.go:541.102,545.4 3 1
lfr-tunnel/cmd/lfr-tunnel/main.go:547.2,547.18 1 1
lfr-tunnel/cmd/lfr-tunnel/main.go:550.35,552.48 2 0
lfr-tunnel/cmd/lfr-tunnel/main.go:552.48,554.3 1 0
lfr-tunnel/cmd/lfr-tunnel/main.go:556.2,557.16 2 0
lfr-tunnel/cmd/lfr-tunnel/main.go:557.16,559.3 1 0
lfr-tunnel/cmd/lfr-tunnel/main.go:560.2,565.16 5 0
lfr-tunnel/cmd/lfr-tunnel/main.go:565.16,567.3 1 0
lfr-tunnel/cmd/lfr-tunnel/main.go:568.2,571.16 3 0
lfr-tunnel/cmd/lfr-tunnel/main.go:571.16,573.3 1 0
lfr-tunnel/cmd/lfr-tunnel/main.go:575.2,576.34 2 0
lfr-tunnel/cmd/lfr-tunnel/main.go:576.34,577.52 1 0
lfr-tunnel/cmd/lfr-tunnel/main.go:577.52,578.12 1 0
lfr-tunnel/cmd/lfr-tunnel/main.go:580.3,580.37 1 0
lfr-tunnel/cmd/lfr-tunnel/main.go:583.2,588.36 5 0
lfr-tunnel/cmd/lfr-tunnel/main.go:588.36,590.3 1 0
lfr-tunnel/cmd/lfr-tunnel/main.go:592.2,592.55 1 0
lfr-tunnel/cmd/lfr-tunnel/main.go:592.55,594.3 1 0
lfr-tunnel/cmd/lfr-tunnel/main.go:596.2,598.100 3 0
lfr-tunnel/cmd/lfr-tunnel/main.go:601.50,603.20 2 0
lfr-tunnel/cmd/lfr-tunnel/main.go:603.20,605.3 1 0
lfr-tunnel/cmd/lfr-tunnel/main.go:605.8,608.17 3 0
lfr-tunnel/cmd/lfr-tunnel/main.go:608.17,610.4 1 0
lfr-tunnel/cmd/lfr-tunnel/main.go:611.3,611.27 1 0
lfr-tunnel/cmd/lfr-tunnel/main.go:611.27,614.4 2 0
lfr-tunnel/cmd/lfr-tunnel/main.go:617.2,617.31 1 0
lfr-tunnel/cmd/lfr-tunnel/main.go:617.31,619.29 2 0
lfr-tunnel/cmd/lfr-tunnel/main.go:619.29,620.22 1 0
lfr-tunnel/cmd/lfr-tunnel/main.go:620.22,622.5 1 0
lfr-tunnel/cmd/lfr-tunnel/main.go:623.4,623.12 1 0
lfr-tunnel/cmd/lfr-tunnel/main.go:625.3,625.25 1 0
lfr-tunnel/cmd/lfr-tunnel/main.go:625.25,630.12 5 0
lfr-tunnel/cmd/lfr-tunnel/main.go:632.3,633.17 2 0
lfr-tunnel/cmd/lfr-tunnel/main.go:633.17,635.12 2 0
lfr-tunnel/cmd/lfr-tunnel/main.go:638.3,641.27 3 0
lfr-tunnel/cmd/lfr-tunnel/main.go:641.27,643.26 2 0
lfr-tunnel/cmd/lfr-tunnel/main.go:643.26,644.10 1 0
lfr-tunnel/cmd/lfr-tunnel/main.go:648.3,648.24 1 0
lfr-tunnel/cmd/lfr-tunnel/main.go:648.24,651.4 2 0
lfr-tunnel/cmd/lfr-tunnel/main.go:652.3,655.77 4 0
lfr-tunnel/cmd/lfr-tunnel/main.go:659.52,661.20 2 0
lfr-tunnel/cmd/lfr-tunnel/main.go:661.20,663.3 1 0
lfr-tunnel/cmd/lfr-tunnel/main.go:663.8,666.17 3 0
lfr-tunnel/cmd/lfr-tunnel/main.go:666.17,668.4 1 0
lfr-tunnel/cmd/lfr-tunnel/main.go:669.3,669.28 1 0
lfr-tunnel/cmd/lfr-tunnel/main.go:669.28,672.4 2 0
lfr-tunnel/cmd/lfr-tunnel/main.go:675.2,675.32 1 0
lfr-tunnel/cmd/lfr-tunnel/main.go:675.32,677.29 2 0
lfr-tunnel/cmd/lfr-tunnel/main.go:677.29,678.22 1 0
lfr-tunnel/cmd/lfr-tunnel/main.go:678.22,680.5 1 0
lfr-tunnel/cmd/lfr-tunnel/main.go:681.4,681.12 1 0
lfr-tunnel/cmd/lfr-tunnel/main.go:683.3,683.24 1 0
lfr-tunnel/cmd/lfr-tunnel/main.go:683.24,687.4 3 0
lfr-tunnel/cmd/lfr-tunnel/main.go:687.9,692.4 4 0
lfr-tunnel/cmd/lfr-tunnel/main.go:696.56,697.20 1 0
lfr-tunnel/cmd/lfr-tunnel/main.go:697.20,699.17 2 0
lfr-tunnel/cmd/lfr-tunnel/main.go:699.17,702.4 2 0
lfr-tunnel/cmd/lfr-tunnel/main.go:703.3,704.17 2 0
lfr-tunnel/cmd/lfr-tunnel/main.go:704.17,707.4 2 0
lfr-tunnel/cmd/lfr-tunnel/main.go:708.3,709.9 2 0
lfr-tunnel/cmd/lfr-tunnel/main.go:713.2,714.34 2 0
lfr-tunnel/cmd/lfr-tunnel/main.go:714.34,717.3 2 0
lfr-tunnel/cmd/lfr-tunnel/main.go:719.2,724.25 3 0
lfr-tunnel/cmd/lfr-tunnel/main.go:724.25,726.17 2 0
lfr-tunnel/cmd/lfr-tunnel/main.go:726.17,727.12 1 0
lfr-tunnel/cmd/lfr-tunnel/main.go:729.3,730.17 2 0
lfr-tunnel/cmd/lfr-tunnel/main.go:730.17,732.4 1 0
lfr-tunnel/cmd/lfr-tunnel/main.go:735.2,736.16 2 0
lfr-tunnel/cmd/lfr-tunnel/main.go:736.16,739.3 2 0
lfr-tunnel/cmd/lfr-tunnel/main.go:740.2,740.34 1 0
lfr-tunnel/cmd/lfr-tunnel/main.go:743.72,746.22 2 1
lfr-tunnel/cmd/lfr-tunnel/main.go:746.22,747.48 1 1
lfr-tunnel/cmd/lfr-tunnel/main.go:747.48,750.24 3 1
lfr-tunnel/cmd/lfr-tunnel/main.go:750.24,754.5 3 1
lfr-tunnel/cmd/lfr-tunnel/main.go:756.3,756.9 1 1
lfr-tunnel/cmd/lfr-tunnel/main.go:759.2,760.45 2 0
lfr-tunnel/cmd/lfr-tunnel/main.go:760.45,763.3 2 0
lfr-tunnel/cmd/lfr-tunnel/main.go:763.8,765.3 1 0
lfr-tunnel/cmd/lfr-tunnel/main.go:768.51,774.16 4 1
lfr-tunnel/cmd/lfr-tunnel/main.go:774.16,776.3 1 0
lfr-tunnel/cmd/lfr-tunnel/main.go:777.2,777.15 1 1
lfr-tunnel/cmd/lfr-tunnel/main.go:777.15,779.3 1 1
lfr-tunnel/cmd/lfr-tunnel/main.go:781.2,781.38 1 1
lfr-tunnel/cmd/lfr-tunnel/main.go:781.38,785.97 2 1
lfr-tunnel/cmd/lfr-tunnel/main.go:785.97,787.4 1 1
lfr-tunnel/cmd/lfr-tunnel/main.go:791.59,800.69 3 1
lfr-tunnel/cmd/lfr-tunnel/main.go:800.69,802.4 1 0
lfr-tunnel/cmd/lfr-tunnel/main.go:805.2,806.30 2 1
lfr-tunnel/cmd/lfr-tunnel/main.go:806.30,808.32 2 1
lfr-tunnel/cmd/lfr-tunnel/main.go:808.32,812.18 4 1
lfr-tunnel/cmd/lfr-tunnel/main.go:812.18,816.5 3 1
lfr-tunnel/cmd/lfr-tunnel/main.go:820.2,820.12 1 1
lfr-tunnel/cmd/lfr-tunnel/main.go:820.12,823.3 2 1
lfr-tunnel/cmd/lfr-tunnel/main.go:825.2,826.8 2 1
lfr-tunnel/cmd/lfr-tunnel/main.go:826.8,828.3 1 1
lfr-tunnel/cmd/lfr-tunnel/main.go:829.2,829.11 1 1
lfr-tunnel/cmd/lfr-tunnel/main.go:832.76,833.43 1 1
lfr-tunnel/cmd/lfr-tunnel/main.go:833.43,835.22 2 1
lfr-tunnel/cmd/lfr-tunnel/main.go:835.22,837.58 2 1
lfr-tunnel/cmd/lfr-tunnel/main.go:837.58,838.49 1 1
lfr-tunnel/cmd/lfr-tunnel/main.go:838.49,841.6 2 1
lfr-tunnel/cmd/lfr-tunnel/main.go:847.152,850.41 3 0
lfr-tunnel/cmd/lfr-tunnel/main.go:850.41,851.35 1 0
lfr-tunnel/cmd/lfr-tunnel/main.go:851.35,853.21 2 0
lfr-tunnel/cmd/lfr-tunnel/main.go:853.21,854.28 1 0
lfr-tunnel/cmd/lfr-tunnel/main.go:854.28,856.6 1 0
lfr-tunnel/cmd/lfr-tunnel/main.go:856.11,859.6 2 0
lfr-tunnel/cmd/lfr-tunnel/main.go:860.10,862.28 2 0
lfr-tunnel/cmd/lfr-tunnel/main.go:862.28,864.6 1 0
lfr-tunnel/cmd/lfr-tunnel/main.go:864.11,866.6 1 0
lfr-tunnel/cmd/lfr-tunnel/main.go:867.5,867.65 1 0
lfr-tunnel/cmd/lfr-tunnel/main.go:869.4,870.73 2 0
lfr-tunnel/cmd/lfr-tunnel/main.go:873.2,873.19 1 0
