mode: set
lfr-tunnel/pkg/server/api.go:23.68,25.16 2 1
lfr-tunnel/pkg/server/api.go:25.16,27.3 1 1
lfr-tunnel/pkg/server/api.go:28.2,29.9 2 1
lfr-tunnel/pkg/server/api.go:29.9,31.3 1 0
lfr-tunnel/pkg/server/api.go:32.2,33.9 2 1
lfr-tunnel/pkg/server/api.go:33.9,35.3 1 0
lfr-tunnel/pkg/server/api.go:38.2,38.90 1 1
lfr-tunnel/pkg/server/api.go:38.90,40.18 1 0
lfr-tunnel/pkg/server/api.go:40.18,41.68 1 0
lfr-tunnel/pkg/server/api.go:41.68,43.5 1 0
lfr-tunnel/pkg/server/api.go:46.3,51.9 1 0
lfr-tunnel/pkg/server/api.go:54.2,54.17 1 1
lfr-tunnel/pkg/server/api.go:54.17,56.3 1 0
lfr-tunnel/pkg/server/api.go:57.2,57.47 1 1
lfr-tunnel/pkg/server/api.go:61.75,62.50 1 1
lfr-tunnel/pkg/server/api.go:62.50,64.3 1 1
lfr-tunnel/pkg/server/api.go:66.2,67.17 2 0
lfr-tunnel/pkg/server/api.go:67.17,69.3 1 0
lfr-tunnel/pkg/server/api.go:70.2,70.17 1 0
lfr-tunnel/pkg/server/api.go:70.17,72.3 1 0
lfr-tunnel/pkg/server/api.go:73.2,73.17 1 0
lfr-tunnel/pkg/server/api.go:73.17,74.109 1 0
lfr-tunnel/pkg/server/api.go:74.109,76.4 1 0
lfr-tunnel/pkg/server/api.go:79.2,79.17 1 0
lfr-tunnel/pkg/server/api.go:79.17,80.59 1 0
lfr-tunnel/pkg/server/api.go:80.59,82.4 1 0
lfr-tunnel/pkg/server/api.go:85.2,85.40 1 0
lfr-tunnel/pkg/server/api.go:89.70,91.16 2 1
lfr-tunnel/pkg/server/api.go:91.16,94.3 2 0
lfr-tunnel/pkg/server/api.go:96.2,102.16 6 1
lfr-tunnel/pkg/server/api.go:102.16,104.3 1 1
lfr-tunnel/pkg/server/api.go:106.2,107.37 2 1
lfr-tunnel/pkg/server/api.go:111.73,113.16 2 1
lfr-tunnel/pkg/server/api.go:113.16,116.3 2 0
lfr-tunnel/pkg/server/api.go:118.2,127.61 2 1
lfr-tunnel/pkg/server/api.go:127.61,130.3 2 0
lfr-tunnel/pkg/server/api.go:132.2,132.26 1 1
lfr-tunnel/pkg/server/api.go:132.26,134.3 1 1
lfr-tunnel/pkg/server/api.go:135.2,135.25 1 1
lfr-tunnel/pkg/server/api.go:135.25,137.3 1 0
lfr-tunnel/pkg/server/api.go:138.2,138.30 1 1
lfr-tunnel/pkg/server/api.go:138.30,140.3 1 0
lfr-tunnel/pkg/server/api.go:141.2,141.25 1 1
lfr-tunnel/pkg/server/api.go:141.25,143.3 1 0
lfr-tunnel/pkg/server/api.go:144.2,144.32 1 1
lfr-tunnel/pkg/server/api.go:144.32,146.3 1 0
lfr-tunnel/pkg/server/api.go:147.2,147.34 1 1
lfr-tunnel/pkg/server/api.go:147.34,149.3 1 0
lfr-tunnel/pkg/server/api.go:150.2,150.35 1 1
lfr-tunnel/pkg/server/api.go:150.35,152.3 1 0
lfr-tunnel/pkg/server/api.go:154.2,154.46 1 1
lfr-tunnel/pkg/server/api.go:154.46,157.3 2 0
lfr-tunnel/pkg/server/api.go:159.2,159.66 1 1
lfr-tunnel/pkg/server/api.go:162.81,164.16 2 1
lfr-tunnel/pkg/server/api.go:164.16,167.3 2 0
lfr-tunnel/pkg/server/api.go:169.2,174.61 2 1
lfr-tunnel/pkg/server/api.go:174.61,177.3 2 0
lfr-tunnel/pkg/server/api.go:179.2,179.22 1 1
lfr-tunnel/pkg/server/api.go:179.22,182.3 2 0
lfr-tunnel/pkg/server/api.go:184.2,184.98 1 1
lfr-tunnel/pkg/server/api.go:184.98,187.3 2 0
lfr-tunnel/pkg/server/api.go:189.2,191.66 2 1
lfr-tunnel/pkg/server/api.go:195.75,197.16 2 1
lfr-tunnel/pkg/server/api.go:197.16,200.3 2 0
lfr-tunnel/pkg/server/api.go:202.2,203.50 2 1
lfr-tunnel/pkg/server/api.go:203.50,205.3 1 0
lfr-tunnel/pkg/server/api.go:205.8,207.3 1 1
lfr-tunnel/pkg/server/api.go:208.2,208.16 1 1
lfr-tunnel/pkg/server/api.go:208.16,211.3 2 0
lfr-tunnel/pkg/server/api.go:213.2,213.37 1 1
lfr-tunnel/pkg/server/api.go:217.76,219.16 2 1
lfr-tunnel/pkg/server/api.go:219.16,222.3 2 0
lfr-tunnel/pkg/server/api.go:224.2,228.61 2 1
lfr-tunnel/pkg/server/api.go:228.61,231.3 2 0
lfr-tunnel/pkg/server/api.go:233.2,233.72 1 1
lfr-tunnel/pkg/server/api.go:233.72,236.3 2 1
lfr-tunnel/pkg/server/api.go:238.2,238.20 1 1
lfr-tunnel/pkg/server/api.go:238.20,241.3 2 0
lfr-tunnel/pkg/server/api.go:243.2,244.16 2 1
lfr-tunnel/pkg/server/api.go:244.16,247.3 2 0
lfr-tunnel/pkg/server/api.go:248.2,254.23 5 1
lfr-tunnel/pkg/server/api.go:254.23,257.3 2 0
lfr-tunnel/pkg/server/api.go:259.2,267.44 2 1
lfr-tunnel/pkg/server/api.go:267.44,271.3 3 0
lfr-tunnel/pkg/server/api.go:273.2,288.4 2 1
lfr-tunnel/pkg/server/api.go:292.76,294.16 2 1
lfr-tunnel/pkg/server/api.go:294.16,297.3 2 0
lfr-tunnel/pkg/server/api.go:299.2,301.16 3 1
lfr-tunnel/pkg/server/api.go:301.16,304.3 2 0
lfr-tunnel/pkg/server/api.go:307.2,308.50 2 1
lfr-tunnel/pkg/server/api.go:308.50,310.3 1 0
lfr-tunnel/pkg/server/api.go:310.8,312.17 2 1
lfr-tunnel/pkg/server/api.go:312.17,315.4 2 0
lfr-tunnel/pkg/server/api.go:316.3,316.26 1 1
lfr-tunnel/pkg/server/api.go:316.26,317.23 1 1
lfr-tunnel/pkg/server/api.go:317.23,319.10 2 1
lfr-tunnel/pkg/server/api.go:324.2,324.16 1 1
lfr-tunnel/pkg/server/api.go:324.16,327.3 2 0
lfr-tunnel/pkg/server/api.go:329.2,329.48 1 1
lfr-tunnel/pkg/server/api.go:329.48,332.3 2 0
lfr-tunnel/pkg/server/api.go:334.2,342.66 2 1
lfr-tunnel/pkg/server/api.go:346.77,347.17 1 1
lfr-tunnel/pkg/server/api.go:347.17,351.3 3 0
lfr-tunnel/pkg/server/api.go:353.2,354.16 2 1
lfr-tunnel/pkg/server/api.go:354.16,358.3 3 0
lfr-tunnel/pkg/server/api.go:360.2,366.16 5 1
lfr-tunnel/pkg/server/api.go:366.16,370.3 3 0
lfr-tunnel/pkg/server/api.go:372.2,376.13 2 1
lfr-tunnel/pkg/server/api.go:376.13,378.17 2 1
lfr-tunnel/pkg/server/api.go:378.17,382.4 3 0
lfr-tunnel/pkg/server/api.go:383.3,384.31 2 1
lfr-tunnel/pkg/server/api.go:387.2,387.37 1 1
lfr-tunnel/pkg/server/api.go:391.73,393.16 2 1
lfr-tunnel/pkg/server/api.go:393.16,396.3 2 0
lfr-tunnel/pkg/server/api.go:398.2,399.16 2 1
lfr-tunnel/pkg/server/api.go:399.16,402.3 2 0
lfr-tunnel/pkg/server/api.go:404.2,407.4 1 1
lfr-tunnel/pkg/server/api.go:411.74,413.16 2 1
lfr-tunnel/pkg/server/api.go:413.16,416.3 2 0
lfr-tunnel/pkg/server/api.go:418.2,422.61 2 1
lfr-tunnel/pkg/server/api.go:422.61,425.3 2 1
lfr-tunnel/pkg/server/api.go:427.2,427.91 1 0
lfr-tunnel/pkg/server/api.go:427.91,428.31 1 0
lfr-tunnel/pkg/server/api.go:428.31,431.4 2 0
lfr-tunnel/pkg/server/api.go:432.3,433.9 2 0
lfr-tunnel/pkg/server/api.go:436.2,436.71 1 0
lfr-tunnel/pkg/server/api.go:440.75,442.16 2 1
lfr-tunnel/pkg/server/api.go:442.16,445.3 2 0
lfr-tunnel/pkg/server/api.go:447.2,450.61 2 1
lfr-tunnel/pkg/server/api.go:450.61,453.3 2 0
lfr-tunnel/pkg/server/api.go:455.2,455.80 1 1
lfr-tunnel/pkg/server/api.go:455.80,456.31 1 1
lfr-tunnel/pkg/server/api.go:456.31,459.4 2 1
lfr-tunnel/pkg/server/api.go:460.3,461.9 2 0
lfr-tunnel/pkg/server/api.go:464.2,464.71 1 0
lfr-tunnel/pkg/server/api.go:468.74,473.61 2 1
lfr-tunnel/pkg/server/api.go:473.61,476.3 2 0
lfr-tunnel/pkg/server/api.go:478.2,479.16 2 1
lfr-tunnel/pkg/server/api.go:479.16,480.29 1 1
lfr-tunnel/pkg/server/api.go:480.29,483.4 2 1
lfr-tunnel/pkg/server/api.go:484.3,485.9 2 0
lfr-tunnel/pkg/server/api.go:488.2,499.71 3 0
lfr-tunnel/pkg/server/api.go:503.91,504.17 1 1
lfr-tunnel/pkg/server/api.go:504.17,506.3 1 0
lfr-tunnel/pkg/server/api.go:508.2,509.16 2 1
lfr-tunnel/pkg/server/api.go:509.16,511.3 1 0
lfr-tunnel/pkg/server/api.go:514.2,515.31 2 1
lfr-tunnel/pkg/server/api.go:515.31,516.77 1 0
lfr-tunnel/pkg/server/api.go:516.77,518.4 1 0
lfr-tunnel/pkg/server/api.go:522.2,523.16 2 1
lfr-tunnel/pkg/server/api.go:523.16,524.28 1 1
lfr-tunnel/pkg/server/api.go:524.28,526.4 1 0
lfr-tunnel/pkg/server/api.go:530.2,535.27 4 1
lfr-tunnel/pkg/server/api.go:535.27,537.3 1 0
lfr-tunnel/pkg/server/api.go:540.2,540.63 1 1
lfr-tunnel/pkg/server/api.go:540.63,543.25 3 0
lfr-tunnel/pkg/server/api.go:543.25,545.4 1 0
lfr-tunnel/pkg/server/api.go:546.3,553.74 3 0
lfr-tunnel/pkg/server/api.go:557.2,558.16 2 1
lfr-tunnel/pkg/server/api.go:558.16,560.3 1 0
lfr-tunnel/pkg/server/api.go:563.2,565.12 2 1
lfr-tunnel/pkg/server/api.go:569.82,571.16 2 1
lfr-tunnel/pkg/server/api.go:571.16,574.3 2 0
lfr-tunnel/pkg/server/api.go:577.2,577.83 1 1
lfr-tunnel/pkg/server/api.go:577.83,580.3 2 0
lfr-tunnel/pkg/server/api.go:582.2,585.61 2 1
lfr-tunnel/pkg/server/api.go:585.61,588.3 2 0
lfr-tunnel/pkg/server/api.go:590.2,590.54 1 1
lfr-tunnel/pkg/server/api.go:590.54,593.3 2 0
lfr-tunnel/pkg/server/api.go:595.2,596.16 2 1
lfr-tunnel/pkg/server/api.go:596.16,599.3 2 0
lfr-tunnel/pkg/server/api.go:602.2,613.71 3 1
lfr-tunnel/pkg/server/api.go:617.94,619.16 2 1
lfr-tunnel/pkg/server/api.go:619.16,622.3 2 0
lfr-tunnel/pkg/server/api.go:624.2,625.16 2 1
lfr-tunnel/pkg/server/api.go:625.16,626.28 1 0
lfr-tunnel/pkg/server/api.go:626.28,628.4 1 0
lfr-tunnel/pkg/server/api.go:628.9,630.4 1 0
lfr-tunnel/pkg/server/api.go:631.3,631.9 1 0
lfr-tunnel/pkg/server/api.go:635.2,635.83 1 1
lfr-tunnel/pkg/server/api.go:635.83,638.3 2 0
lfr-tunnel/pkg/server/api.go:640.2,641.16 2 1
lfr-tunnel/pkg/server/api.go:641.16,644.3 2 0
lfr-tunnel/pkg/server/api.go:646.2,646.71 1 1
lfr-tunnel/pkg/server/api.go:650.59,651.14 1 1
lfr-tunnel/pkg/server/api.go:651.14,652.29 1 1
lfr-tunnel/pkg/server/api.go:652.29,654.4 1 1
lfr-tunnel/pkg/server/api.go:655.3,655.29 1 0
lfr-tunnel/pkg/server/api.go:657.2,659.66 3 1
lfr-tunnel/pkg/server/api.go:659.66,661.3 1 1
lfr-tunnel/pkg/server/api.go:665.2,665.39 1 1
lfr-tunnel/pkg/server/api.go:665.39,666.21 1 1
lfr-tunnel/pkg/server/api.go:666.21,668.4 1 1
lfr-tunnel/pkg/server/api.go:669.3,669.42 1 1
lfr-tunnel/pkg/server/api.go:669.42,671.26 2 1
lfr-tunnel/pkg/server/api.go:671.26,673.5 1 1
lfr-tunnel/pkg/server/api.go:677.2,677.45 1 1
lfr-tunnel/pkg/server/api.go:680.125,681.63 1 1
lfr-tunnel/pkg/server/api.go:681.63,683.3 1 0
lfr-tunnel/pkg/server/api.go:684.2,689.22 5 1
lfr-tunnel/pkg/server/api.go:689.22,691.3 1 1
lfr-tunnel/pkg/server/api.go:693.2,700.16 2 1
lfr-tunnel/pkg/server/api.go:700.16,703.3 2 0
lfr-tunnel/pkg/server/api.go:704.2,707.12 3 1
lfr-tunnel/pkg/server/api.go:707.12,707.83 1 1
lfr-tunnel/pkg/server/api.go:710.125,711.63 1 1
lfr-tunnel/pkg/server/api.go:711.63,713.3 1 0
lfr-tunnel/pkg/server/api.go:714.2,720.22 6 1
lfr-tunnel/pkg/server/api.go:720.22,723.3 2 1
lfr-tunnel/pkg/server/api.go:725.2,733.16 2 1
lfr-tunnel/pkg/server/api.go:733.16,736.3 2 0
lfr-tunnel/pkg/server/api.go:737.2,740.12 3 1
lfr-tunnel/pkg/server/api.go:740.12,740.83 1 1
lfr-tunnel/pkg/server/api.go:743.124,744.63 1 1
lfr-tunnel/pkg/server/api.go:744.63,746.3 1 0
lfr-tunnel/pkg/server/api.go:747.2,752.22 5 1
lfr-tunnel/pkg/server/api.go:752.22,754.3 1 1
lfr-tunnel/pkg/server/api.go:756.2,763.16 2 1
lfr-tunnel/pkg/server/api.go:763.16,766.3 2 0
lfr-tunnel/pkg/server/api.go:767.2,770.12 3 1
lfr-tunnel/pkg/server/api.go:770.12,770.83 1 1
lfr-tunnel/pkg/server/api.go:804.60,805.33 1 1
lfr-tunnel/pkg/server/api.go:805.33,807.3 1 0
lfr-tunnel/pkg/server/api.go:809.2,809.31 1 1
lfr-tunnel/pkg/server/api.go:809.31,810.55 1 1
lfr-tunnel/pkg/server/api.go:810.55,811.38 1 1
lfr-tunnel/pkg/server/api.go:811.38,813.5 1 1
lfr-tunnel/pkg/server/api.go:817.2,817.26 1 1
lfr-tunnel/pkg/server/api.go:817.26,818.40 1 1
lfr-tunnel/pkg/server/api.go:818.40,820.4 1 1
lfr-tunnel/pkg/server/api.go:821.3,821.11 1 1
lfr-tunnel/pkg/server/api.go:823.2,823.26 1 1
lfr-tunnel/pkg/server/api.go:823.26,824.40 1 1
lfr-tunnel/pkg/server/api.go:824.40,826.4 1 1
lfr-tunnel/pkg/server/api.go:827.3,827.12 1 0
lfr-tunnel/pkg/server/api.go:829.2,829.37 1 0
lfr-tunnel/pkg/server/api.go:834.67,837.31 2 1
lfr-tunnel/pkg/server/api.go:837.31,838.55 1 1
lfr-tunnel/pkg/server/api.go:838.55,839.42 1 1
lfr-tunnel/pkg/server/api.go:839.42,840.42 1 1
lfr-tunnel/pkg/server/api.go:840.42,842.6 1 1
lfr-tunnel/pkg/server/api.go:843.5,843.40 1 1
lfr-tunnel/pkg/server/api.go:846.8,848.27 1 1
lfr-tunnel/pkg/server/api.go:848.27,850.4 1 1
lfr-tunnel/pkg/server/api.go:853.2,854.16 2 1
lfr-tunnel/pkg/server/api.go:858.81,860.16 2 1
lfr-tunnel/pkg/server/api.go:860.16,863.3 2 0
lfr-tunnel/pkg/server/api.go:865.2,866.16 2 1
lfr-tunnel/pkg/server/api.go:866.16,869.3 2 0
lfr-tunnel/pkg/server/api.go:871.2,875.4 1 1
lfr-tunnel/pkg/server/api.go:879.82,881.16 2 1
lfr-tunnel/pkg/server/api.go:881.16,884.3 2 0
lfr-tunnel/pkg/server/api.go:886.2,890.61 2 1
lfr-tunnel/pkg/server/api.go:890.61,893.3 2 0
lfr-tunnel/pkg/server/api.go:895.2,896.16 2 1
lfr-tunnel/pkg/server/api.go:896.16,899.3 2 0
lfr-tunnel/pkg/server/api.go:901.2,903.36 2 1
lfr-tunnel/pkg/server/api.go:907.82,909.16 2 1
lfr-tunnel/pkg/server/api.go:909.16,912.3 2 0
lfr-tunnel/pkg/server/api.go:914.2,915.87 2 1
lfr-tunnel/pkg/server/api.go:915.87,918.3 2 0
lfr-tunnel/pkg/server/api.go:920.2,920.71 1 1
lfr-tunnel/pkg/server/api.go:924.81,926.16 2 1
lfr-tunnel/pkg/server/api.go:926.16,929.3 2 0
lfr-tunnel/pkg/server/api.go:931.2,933.21 3 1
lfr-tunnel/pkg/server/api.go:933.21,936.3 2 0
lfr-tunnel/pkg/server/api.go:938.2,939.16 2 1
lfr-tunnel/pkg/server/api.go:939.16,942.3 2 0
lfr-tunnel/pkg/server/api.go:944.2,944.36 1 1
lfr-tunnel/pkg/server/api.go:948.83,950.16 2 1
lfr-tunnel/pkg/server/api.go:950.16,953.3 2 0
lfr-tunnel/pkg/server/api.go:955.2,958.61 2 1
lfr-tunnel/pkg/server/api.go:958.61,961.3 2 0
lfr-tunnel/pkg/server/api.go:963.2,964.25 2 1
lfr-tunnel/pkg/server/api.go:964.25,967.3 2 0
lfr-tunnel/pkg/server/api.go:969.2,970.23 2 1
lfr-tunnel/pkg/server/api.go:970.23,972.28 2 1
lfr-tunnel/pkg/server/api.go:972.28,973.82 1 0
lfr-tunnel/pkg/server/api.go:973.82,975.10 2 0
lfr-tunnel/pkg/server/api.go:980.2,980.24 1 1
lfr-tunnel/pkg/server/api.go:980.24,983.3 2 1
lfr-tunnel/pkg/server/api.go:985.2,987.21 3 0
lfr-tunnel/pkg/server/api.go:987.21,989.3 1 0
lfr-tunnel/pkg/server/api.go:991.2,992.16 2 0
lfr-tunnel/pkg/server/api.go:992.16,995.3 2 0
lfr-tunnel/pkg/server/api.go:997.2,999.36 2 0
lfr-tunnel/pkg/server/api.go:1003.98,1005.16 2 1
lfr-tunnel/pkg/server/api.go:1005.16,1008.3 2 0
lfr-tunnel/pkg/server/api.go:1009.2,1009.37 1 1
lfr-tunnel/pkg/server/api.go:1013.100,1016.21 3 1
lfr-tunnel/pkg/server/api.go:1016.21,1019.3 2 0
lfr-tunnel/pkg/server/api.go:1021.2,1025.61 2 1
lfr-tunnel/pkg/server/api.go:1025.61,1028.3 2 0
lfr-tunnel/pkg/server/api.go:1030.2,1031.16 2 1
lfr-tunnel/pkg/server/api.go:1031.16,1034.3 2 0
lfr-tunnel/pkg/server/api.go:1036.2,1037.31 2 1
lfr-tunnel/pkg/server/api.go:1037.31,1039.3 1 1
lfr-tunnel/pkg/server/api.go:1041.2,1041.36 1 1
lfr-tunnel/pkg/server/api.go:1045.101,1048.21 3 1
lfr-tunnel/pkg/server/api.go:1048.21,1051.3 2 0
lfr-tunnel/pkg/server/api.go:1053.2,1054.16 2 1
lfr-tunnel/pkg/server/api.go:1054.16,1057.3 2 0
lfr-tunnel/pkg/server/api.go:1059.2,1060.35 2 1
lfr-tunnel/pkg/server/api.go:1060.35,1062.3 1 1
lfr-tunnel/pkg/server/api.go:1064.2,1064.36 1 1
lfr-tunnel/pkg/server/api.go:1068.97,1071.43 3 1
lfr-tunnel/pkg/server/api.go:1071.43,1074.3 2 0
lfr-tunnel/pkg/server/api.go:1075.2,1076.16 2 1
lfr-tunnel/pkg/server/api.go:1076.16,1079.3 2 0
lfr-tunnel/pkg/server/api.go:1081.2,1084.61 2 1
lfr-tunnel/pkg/server/api.go:1084.61,1087.3 2 0
lfr-tunnel/pkg/server/api.go:1089.2,1090.16 2 1
lfr-tunnel/pkg/server/api.go:1090.16,1091.25 1 0
lfr-tunnel/pkg/server/api.go:1091.25,1094.4 2 0
lfr-tunnel/pkg/server/api.go:1095.3,1096.9 2 0
lfr-tunnel/pkg/server/api.go:1099.2,1102.4 1 1
lfr-tunnel/pkg/server/api.go:1106.104,1109.51 3 1
lfr-tunnel/pkg/server/api.go:1109.51,1112.3 2 1
lfr-tunnel/pkg/server/api.go:1113.2,1114.16 2 0
lfr-tunnel/pkg/server/api.go:1114.16,1117.3 2 0
lfr-tunnel/pkg/server/api.go:1119.2,1122.61 2 0
lfr-tunnel/pkg/server/api.go:1122.61,1125.3 2 0
lfr-tunnel/pkg/server/api.go:1127.2,1128.16 2 0
lfr-tunnel/pkg/server/api.go:1128.16,1129.25 1 0
lfr-tunnel/pkg/server/api.go:1129.25,1132.4 2 0
lfr-tunnel/pkg/server/api.go:1133.3,1134.9 2 0
lfr-tunnel/pkg/server/api.go:1137.2,1140.4 1 0
lfr-tunnel/pkg/server/api.go:1144.82,1146.16 2 1
lfr-tunnel/pkg/server/api.go:1146.16,1149.3 2 0
lfr-tunnel/pkg/server/api.go:1150.2,1152.68 3 1
lfr-tunnel/pkg/server/api.go:1164.80,1166.16 2 1
lfr-tunnel/pkg/server/api.go:1166.16,1169.3 2 0
lfr-tunnel/pkg/server/api.go:1171.2,1172.16 2 1
lfr-tunnel/pkg/server/api.go:1172.16,1175.3 2 0
lfr-tunnel/pkg/server/api.go:1177.2,1177.37 1 1
lfr-tunnel/pkg/server/api.go:1181.81,1183.16 2 1
lfr-tunnel/pkg/server/api.go:1183.16,1186.3 2 0
lfr-tunnel/pkg/server/api.go:1188.2,1189.61 2 1
lfr-tunnel/pkg/server/api.go:1189.61,1192.3 2 0
lfr-tunnel/pkg/server/api.go:1194.2,1195.18 2 1
lfr-tunnel/pkg/server/api.go:1195.18,1197.3 1 1
lfr-tunnel/pkg/server/api.go:1199.2,1203.16 2 1
lfr-tunnel/pkg/server/api.go:1203.16,1204.25 1 0
lfr-tunnel/pkg/server/api.go:1204.25,1207.4 2 0
lfr-tunnel/pkg/server/api.go:1208.3,1208.26 1 0
lfr-tunnel/pkg/server/api.go:1208.26,1211.4 2 0
lfr-tunnel/pkg/server/api.go:1212.3,1213.9 2 0
lfr-tunnel/pkg/server/api.go:1216.2,1219.4 1 1
lfr-tunnel/pkg/server/api.go:1223.81,1225.16 2 1
lfr-tunnel/pkg/server/api.go:1225.16,1228.3 2 0
lfr-tunnel/pkg/server/api.go:1230.2,1231.86 2 1
lfr-tunnel/pkg/server/api.go:1231.86,1232.31 1 1
lfr-tunnel/pkg/server/api.go:1232.31,1235.4 2 1
lfr-tunnel/pkg/server/api.go:1236.3,1236.25 1 0
lfr-tunnel/pkg/server/api.go:1236.25,1239.4 2 0
lfr-tunnel/pkg/server/api.go:1240.3,1240.26 1 0
lfr-tunnel/pkg/server/api.go:1240.26,1243.4 2 0
lfr-tunnel/pkg/server/api.go:1244.3,1245.9 2 0
lfr-tunnel/pkg/server/api.go:1248.2,1248.71 1 0
lfr-tunnel/pkg/server/api.go:1252.80,1254.17 2 1
lfr-tunnel/pkg/server/api.go:1254.17,1257.3 2 0
lfr-tunnel/pkg/server/api.go:1259.2,1260.23 2 1
lfr-tunnel/pkg/server/api.go:1260.23,1262.3 1 1
lfr-tunnel/pkg/server/api.go:1264.2,1265.16 2 1
lfr-tunnel/pkg/server/api.go:1265.16,1266.25 1 1
lfr-tunnel/pkg/server/api.go:1266.25,1269.4 2 0
lfr-tunnel/pkg/server/api.go:1270.3,1270.20 1 1
lfr-tunnel/pkg/server/api.go:1270.20,1271.43 1 1
lfr-tunnel/pkg/server/api.go:1271.43,1274.5 2 0
lfr-tunnel/pkg/server/api.go:1275.4,1275.51 1 1
lfr-tunnel/pkg/server/api.go:1275.51,1278.5 2 1
lfr-tunnel/pkg/server/api.go:1279.4,1279.50 1 0
lfr-tunnel/pkg/server/api.go:1279.50,1282.5 2 0
lfr-tunnel/pkg/server/api.go:1284.3,1286.9 3 0
lfr-tunnel/pkg/server/api.go:1289.2,1292.26 4 1
lfr-tunnel/pkg/server/api.go:1296.82,1298.17 2 1
lfr-tunnel/pkg/server/api.go:1298.17,1301.3 2 1
lfr-tunnel/pkg/server/api.go:1303.2,1304.19 2 1
lfr-tunnel/pkg/server/api.go:1304.19,1308.17 4 1
lfr-tunnel/pkg/server/api.go:1308.17,1311.4 2 0
lfr-tunnel/pkg/server/api.go:1313.2,1313.25 1 1
lfr-tunnel/pkg/server/api.go:1313.25,1316.3 2 0
lfr-tunnel/pkg/server/api.go:1318.2,1319.16 2 1
lfr-tunnel/pkg/server/api.go:1319.16,1320.25 1 0
lfr-tunnel/pkg/server/api.go:1320.25,1323.4 2 0
lfr-tunnel/pkg/server/api.go:1324.3,1324.20 1 0
lfr-tunnel/pkg/server/api.go:1324.20,1325.43 1 0
lfr-tunnel/pkg/server/api.go:1325.43,1328.5 2 0
lfr-tunnel/pkg/server/api.go:1329.4,1329.51 1 0
lfr-tunnel/pkg/server/api.go:1329.51,1332.5 2 0
lfr-tunnel/pkg/server/api.go:1333.4,1333.50 1 0
lfr-tunnel/pkg/server/api.go:1333.50,1336.5 2 0
lfr-tunnel/pkg/server/api.go:1338.3,1340.9 3 0
lfr-tunnel/pkg/server/api.go:1343.2,1346.27 4 1
lfr-tunnel/pkg/server/api.go:1358.95,1360.16 2 1
lfr-tunnel/pkg/server/api.go:1360.16,1363.3 2 0
lfr-tunnel/pkg/server/api.go:1365.2,1366.61 2 1
lfr-tunnel/pkg/server/api.go:1366.61,1369.3 2 0
lfr-tunnel/pkg/server/api.go:1371.2,1375.45 4 1
lfr-tunnel/pkg/server/api.go:1375.45,1378.3 2 1
lfr-tunnel/pkg/server/api.go:1380.2,1380.79 1 1
lfr-tunnel/pkg/server/api.go:1380.79,1383.3 2 0
lfr-tunnel/pkg/server/api.go:1385.2,1385.168 1 1
lfr-tunnel/pkg/server/api.go:1385.168,1386.25 1 0
lfr-tunnel/pkg/server/api.go:1386.25,1389.4 2 0
lfr-tunnel/pkg/server/api.go:1390.3,1390.26 1 0
lfr-tunnel/pkg/server/api.go:1390.26,1393.4 2 0
lfr-tunnel/pkg/server/api.go:1394.3,1395.9 2 0
lfr-tunnel/pkg/server/api.go:1398.2,1398.71 1 1
lfr-tunnel/pkg/server/api.go:1408.89,1410.16 2 1
lfr-tunnel/pkg/server/api.go:1410.16,1413.3 2 0
lfr-tunnel/pkg/server/api.go:1415.2,1416.61 2 1
lfr-tunnel/pkg/server/api.go:1416.61,1419.3 2 0
lfr-tunnel/pkg/server/api.go:1421.2,1423.45 3 1
lfr-tunnel/pkg/server/api.go:1423.45,1426.3 2 1
lfr-tunnel/pkg/server/api.go:1428.2,1430.13 3 1
lfr-tunnel/pkg/server/api.go:1430.13,1433.3 2 1
lfr-tunnel/pkg/server/api.go:1435.2,1435.77 1 0
lfr-tunnel/pkg/server/api.go:1435.77,1438.3 2 0
lfr-tunnel/pkg/server/api.go:1440.2,1440.82 1 0
lfr-tunnel/pkg/server/api.go:1440.82,1443.3 2 0
lfr-tunnel/pkg/server/api.go:1445.2,1445.51 1 0
lfr-tunnel/pkg/server/api.go:1445.51,1446.69 1 0
lfr-tunnel/pkg/server/api.go:1446.69,1448.4 1 0
lfr-tunnel/pkg/server/api.go:1451.2,1461.71 2 0
lfr-tunnel/pkg/server/api.go:1471.75,1473.16 2 1
lfr-tunnel/pkg/server/api.go:1473.16,1476.3 2 0
lfr-tunnel/pkg/server/api.go:1478.2,1478.50 1 1
lfr-tunnel/pkg/server/api.go:1478.50,1481.3 2 0
lfr-tunnel/pkg/server/api.go:1483.2,1484.61 2 1
lfr-tunnel/pkg/server/api.go:1484.61,1487.3 2 0
lfr-tunnel/pkg/server/api.go:1489.2,1489.22 1 1
lfr-tunnel/pkg/server/api.go:1489.22,1492.3 2 0
lfr-tunnel/pkg/server/api.go:1494.2,1495.17 2 1
lfr-tunnel/pkg/server/api.go:1495.17,1497.3 1 0
lfr-tunnel/pkg/server/api.go:1499.2,1499.20 1 1
lfr-tunnel/pkg/server/api.go:1500.17,1502.98 2 1
lfr-tunnel/pkg/server/api.go:1503.28,1505.19 2 0
lfr-tunnel/pkg/server/api.go:1505.19,1507.4 1 0
lfr-tunnel/pkg/server/api.go:1508.3,1509.20 2 0
lfr-tunnel/pkg/server/api.go:1509.20,1511.4 1 0
lfr-tunnel/pkg/server/api.go:1512.3,1513.138 2 0
lfr-tunnel/pkg/server/api.go:1514.29,1516.94 2 0
lfr-tunnel/pkg/server/api.go:1517.22,1519.95 2 0
lfr-tunnel/pkg/server/api.go:1520.10,1522.9 2 0
lfr-tunnel/pkg/server/api.go:1525.2,1525.16 1 1
lfr-tunnel/pkg/server/api.go:1525.16,1529.3 3 1
lfr-tunnel/pkg/server/api.go:1531.2,1531.71 1 0
lfr-tunnel/pkg/server/api_errors.go:23.42,24.37 1 1
lfr-tunnel/pkg/server/api_errors.go:24.37,26.3 1 0
lfr-tunnel/pkg/server/api_errors.go:27.2,27.34 1 1
lfr-tunnel/pkg/server/api_errors.go:27.34,29.3 1 0
lfr-tunnel/pkg/server/api_errors.go:30.2,30.115 1 1
lfr-tunnel/pkg/server/api_errors.go:30.115,32.3 1 0
lfr-tunnel/pkg/server/api_errors.go:33.2,33.33 1 1
lfr-tunnel/pkg/server/api_errors.go:33.33,35.3 1 0
lfr-tunnel/pkg/server/api_errors.go:36.2,36.67 1 1
lfr-tunnel/pkg/server/api_errors.go:36.67,38.3 1 0
lfr-tunnel/pkg/server/api_errors.go:39.2,39.39 1 1
lfr-tunnel/pkg/server/api_errors.go:43.57,47.46 3 1
lfr-tunnel/pkg/server/api_errors.go:47.46,49.3 1 1
lfr-tunnel/pkg/server/api_errors.go:50.2,50.46 1 1
lfr-tunnel/pkg/server/api_service.go:56.174,65.2 1 1
lfr-tunnel/pkg/server/api_service_invite.go:14.39,16.44 2 1
lfr-tunnel/pkg/server/api_service_invite.go:16.44,18.3 1 0
lfr-tunnel/pkg/server/api_service_invite.go:19.2,19.34 1 1
lfr-tunnel/pkg/server/api_service_invite.go:22.87,23.50 1 1
lfr-tunnel/pkg/server/api_service_invite.go:23.50,25.3 1 0
lfr-tunnel/pkg/server/api_service_invite.go:26.2,26.55 1 1
lfr-tunnel/pkg/server/api_service_invite.go:29.187,30.23 1 1
lfr-tunnel/pkg/server/api_service_invite.go:30.23,32.3 1 0
lfr-tunnel/pkg/server/api_service_invite.go:33.2,33.24 1 1
lfr-tunnel/pkg/server/api_service_invite.go:33.24,35.3 1 0
lfr-tunnel/pkg/server/api_service_invite.go:37.2,38.16 2 1
lfr-tunnel/pkg/server/api_service_invite.go:38.16,39.37 1 0
lfr-tunnel/pkg/server/api_service_invite.go:39.37,41.4 1 0
lfr-tunnel/pkg/server/api_service_invite.go:42.3,42.35 1 0
lfr-tunnel/pkg/server/api_service_invite.go:45.2,45.75 1 1
lfr-tunnel/pkg/server/api_service_invite.go:45.75,47.3 1 0
lfr-tunnel/pkg/server/api_service_invite.go:49.2,62.59 4 1
lfr-tunnel/pkg/server/api_service_invite.go:62.59,64.3 1 0
lfr-tunnel/pkg/server/api_service_invite.go:66.2,67.19 2 1
lfr-tunnel/pkg/server/api_service_invite.go:67.19,69.3 1 1
lfr-tunnel/pkg/server/api_service_invite.go:70.2,82.30 3 1
lfr-tunnel/pkg/server/api_service_invite.go:85.81,87.16 2 1
lfr-tunnel/pkg/server/api_service_invite.go:87.16,89.3 1 1
lfr-tunnel/pkg/server/api_service_invite.go:91.2,92.16 2 1
lfr-tunnel/pkg/server/api_service_invite.go:92.16,93.37 1 1
lfr-tunnel/pkg/server/api_service_invite.go:93.37,95.4 1 1
lfr-tunnel/pkg/server/api_service_invite.go:96.3,96.26 1 0
lfr-tunnel/pkg/server/api_service_invite.go:99.2,99.84 1 0
lfr-tunnel/pkg/server/api_service_invite.go:99.84,101.3 1 0
lfr-tunnel/pkg/server/api_service_invite.go:103.2,103.55 1 0
lfr-tunnel/pkg/server/api_service_invite.go:103.55,105.3 1 0
lfr-tunnel/pkg/server/api_service_invite.go:107.2,117.12 2 0
lfr-tunnel/pkg/server/api_service_invite.go:120.109,122.16 2 1
lfr-tunnel/pkg/server/api_service_invite.go:122.16,123.37 1 0
lfr-tunnel/pkg/server/api_service_invite.go:123.37,125.4 1 0
lfr-tunnel/pkg/server/api_service_invite.go:126.3,126.36 1 0
lfr-tunnel/pkg/server/api_service_invite.go:129.2,129.41 1 1
lfr-tunnel/pkg/server/api_service_invite.go:129.41,131.3 1 0
lfr-tunnel/pkg/server/api_service_invite.go:132.2,132.29 1 1
lfr-tunnel/pkg/server/api_service_invite.go:132.29,134.3 1 1
lfr-tunnel/pkg/server/api_service_invite.go:135.2,135.39 1 1
lfr-tunnel/pkg/server/api_service_invite.go:135.39,137.3 1 0
lfr-tunnel/pkg/server/api_service_invite.go:139.2,140.23 2 1
lfr-tunnel/pkg/server/api_service_invite.go:140.23,142.3 1 0
lfr-tunnel/pkg/server/api_service_invite.go:144.2,146.16 3 1
lfr-tunnel/pkg/server/api_service_invite.go:146.16,148.3 1 0
lfr-tunnel/pkg/server/api_service_invite.go:150.2,158.53 2 1
lfr-tunnel/pkg/server/api_service_invite.go:158.53,160.3 1 0
lfr-tunnel/pkg/server/api_service_invite.go:162.2,174.30 3 1
lfr-tunnel/pkg/server/api_service_invite.go:177.117,179.16 2 1
lfr-tunnel/pkg/server/api_service_invite.go:179.16,180.37 1 0
lfr-tunnel/pkg/server/api_service_invite.go:180.37,182.4 1 0
lfr-tunnel/pkg/server/api_service_invite.go:183.3,183.36 1 0
lfr-tunnel/pkg/server/api_service_invite.go:186.2,186.41 1 1
lfr-tunnel/pkg/server/api_service_invite.go:186.41,188.3 1 0
lfr-tunnel/pkg/server/api_service_invite.go:189.2,189.29 1 1
lfr-tunnel/pkg/server/api_service_invite.go:189.29,191.3 1 0
lfr-tunnel/pkg/server/api_service_invite.go:192.2,192.39 1 1
lfr-tunnel/pkg/server/api_service_invite.go:192.39,194.3 1 0
lfr-tunnel/pkg/server/api_service_invite.go:196.2,197.23 2 1
lfr-tunnel/pkg/server/api_service_invite.go:197.23,199.3 1 0
lfr-tunnel/pkg/server/api_service_invite.go:201.2,203.16 3 1
lfr-tunnel/pkg/server/api_service_invite.go:203.16,205.3 1 0
lfr-tunnel/pkg/server/api_service_invite.go:207.2,215.53 2 1
lfr-tunnel/pkg/server/api_service_invite.go:215.53,217.3 1 0
lfr-tunnel/pkg/server/api_service_invite.go:219.2,231.31 3 1
lfr-tunnel/pkg/server/api_service_mfa.go:12.73,14.16 2 1
lfr-tunnel/pkg/server/api_service_mfa.go:14.16,16.3 1 0
lfr-tunnel/pkg/server/api_service_mfa.go:19.2,21.32 2 1
lfr-tunnel/pkg/server/api_service_mfa.go:25.81,26.33 1 1
lfr-tunnel/pkg/server/api_service_mfa.go:26.33,28.3 1 1
lfr-tunnel/pkg/server/api_service_mfa.go:30.2,33.46 3 0
lfr-tunnel/pkg/server/api_service_mfa.go:33.46,35.3 1 0
lfr-tunnel/pkg/server/api_service_mfa.go:37.2,47.12 2 0
lfr-tunnel/pkg/server/api_service_mfa.go:51.74,52.42 1 1
lfr-tunnel/pkg/server/api_service_mfa.go:52.42,54.3 1 1
lfr-tunnel/pkg/server/api_service_mfa.go:56.2,59.46 3 0
lfr-tunnel/pkg/server/api_service_mfa.go:59.46,61.3 1 0
lfr-tunnel/pkg/server/api_service_mfa.go:63.2,73.12 2 0
lfr-tunnel/pkg/server/api_service_mfa.go:77.89,79.9 2 1
lfr-tunnel/pkg/server/api_service_mfa.go:79.9,81.3 1 1
lfr-tunnel/pkg/server/api_service_mfa.go:83.2,84.9 2 0
lfr-tunnel/pkg/server/api_service_mfa.go:84.9,86.3 1 0
lfr-tunnel/pkg/server/api_service_mfa.go:88.2,88.41 1 0
lfr-tunnel/pkg/server/api_service_mfa.go:88.41,90.3 1 0
lfr-tunnel/pkg/server/api_service_mfa.go:92.2,93.16 2 0
lfr-tunnel/pkg/server/api_service_mfa.go:93.16,95.3 1 0
lfr-tunnel/pkg/server/api_service_mfa.go:97.2,97.42 1 0
lfr-tunnel/pkg/server/api_service_mfa.go:97.42,102.3 3 0
lfr-tunnel/pkg/server/api_service_mfa.go:105.2,106.16 2 0
lfr-tunnel/pkg/server/api_service_mfa.go:106.16,108.3 1 0
lfr-tunnel/pkg/server/api_service_mfa.go:110.2,111.29 2 0
lfr-tunnel/pkg/server/api_service_mfa.go:111.29,114.3 2 0
lfr-tunnel/pkg/server/api_service_mfa.go:117.2,123.54 6 0
lfr-tunnel/pkg/server/api_service_mfa.go:123.54,125.45 2 0
lfr-tunnel/pkg/server/api_service_mfa.go:125.45,127.45 2 0
lfr-tunnel/pkg/server/api_service_mfa.go:127.45,130.5 2 0
lfr-tunnel/pkg/server/api_service_mfa.go:132.3,132.14 1 0
lfr-tunnel/pkg/server/api_service_mfa.go:135.2,153.32 3 0
lfr-tunnel/pkg/server/api_service_reservation.go:14.103,18.50 3 1
lfr-tunnel/pkg/server/api_service_reservation.go:18.50,20.3 1 0
lfr-tunnel/pkg/server/api_service_reservation.go:20.8,22.3 1 1
lfr-tunnel/pkg/server/api_service_reservation.go:24.2,24.16 1 1
lfr-tunnel/pkg/server/api_service_reservation.go:24.16,26.3 1 0
lfr-tunnel/pkg/server/api_service_reservation.go:28.2,29.50 2 1
lfr-tunnel/pkg/server/api_service_reservation.go:29.50,31.17 2 0
lfr-tunnel/pkg/server/api_service_reservation.go:31.17,33.4 1 0
lfr-tunnel/pkg/server/api_service_reservation.go:34.8,36.3 1 1
lfr-tunnel/pkg/server/api_service_reservation.go:38.2,39.36 2 1
lfr-tunnel/pkg/server/api_service_reservation.go:43.122,47.37 3 1
lfr-tunnel/pkg/server/api_service_reservation.go:47.37,49.3 1 0
lfr-tunnel/pkg/server/api_service_reservation.go:51.2,51.34 1 1
lfr-tunnel/pkg/server/api_service_reservation.go:51.34,53.3 1 0
lfr-tunnel/pkg/server/api_service_reservation.go:55.2,56.34 2 1
lfr-tunnel/pkg/server/api_service_reservation.go:56.34,57.35 1 1
lfr-tunnel/pkg/server/api_service_reservation.go:57.35,59.9 2 1
lfr-tunnel/pkg/server/api_service_reservation.go:62.2,62.22 1 1
lfr-tunnel/pkg/server/api_service_reservation.go:62.22,64.3 1 0
lfr-tunnel/pkg/server/api_service_reservation.go:66.2,68.16 3 1
lfr-tunnel/pkg/server/api_service_reservation.go:68.16,70.3 1 0
lfr-tunnel/pkg/server/api_service_reservation.go:72.2,73.27 2 1
lfr-tunnel/pkg/server/api_service_reservation.go:73.27,74.62 1 0
lfr-tunnel/pkg/server/api_service_reservation.go:74.62,76.4 1 0
lfr-tunnel/pkg/server/api_service_reservation.go:79.2,79.40 1 1
lfr-tunnel/pkg/server/api_service_reservation.go:79.40,81.3 1 0
lfr-tunnel/pkg/server/api_service_reservation.go:83.2,84.35 2 1
lfr-tunnel/pkg/server/api_service_reservation.go:84.35,85.73 1 0
lfr-tunnel/pkg/server/api_service_reservation.go:85.73,87.43 2 0
lfr-tunnel/pkg/server/api_service_reservation.go:87.43,88.35 1 0
lfr-tunnel/pkg/server/api_service_reservation.go:88.35,90.6 1 0
lfr-tunnel/pkg/server/api_service_reservation.go:91.5,91.53 1 0
lfr-tunnel/pkg/server/api_service_reservation.go:92.10,94.5 1 0
lfr-tunnel/pkg/server/api_service_reservation.go:95.9,97.4 1 0
lfr-tunnel/pkg/server/api_service_reservation.go:100.2,110.61 3 1
lfr-tunnel/pkg/server/api_service_reservation.go:110.61,112.3 1 0
lfr-tunnel/pkg/server/api_service_reservation.go:114.2,124.17 2 1
lfr-tunnel/pkg/server/api_service_reservation.go:128.82,130.16 2 1
lfr-tunnel/pkg/server/api_service_reservation.go:130.16,132.3 1 0
lfr-tunnel/pkg/server/api_service_reservation.go:134.2,135.16 2 1
lfr-tunnel/pkg/server/api_service_reservation.go:135.16,136.37 1 0
lfr-tunnel/pkg/server/api_service_reservation.go:136.37,138.4 1 0
lfr-tunnel/pkg/server/api_service_reservation.go:139.3,139.26 1 0
lfr-tunnel/pkg/server/api_service_reservation.go:142.2,142.75 1 1
lfr-tunnel/pkg/server/api_service_reservation.go:142.75,144.3 1 0
lfr-tunnel/pkg/server/api_service_reservation.go:146.2,146.60 1 1
lfr-tunnel/pkg/server/api_service_reservation.go:146.60,148.3 1 0
lfr-tunnel/pkg/server/api_service_reservation.go:150.2,160.12 2 1
lfr-tunnel/pkg/server/api_service_reservation.go:164.109,166.16 2 1
lfr-tunnel/pkg/server/api_service_reservation.go:166.16,168.3 1 0
lfr-tunnel/pkg/server/api_service_reservation.go:170.2,171.16 2 1
lfr-tunnel/pkg/server/api_service_reservation.go:171.16,172.37 1 0
lfr-tunnel/pkg/server/api_service_reservation.go:172.37,174.4 1 0
lfr-tunnel/pkg/server/api_service_reservation.go:175.3,175.31 1 0
lfr-tunnel/pkg/server/api_service_reservation.go:178.2,178.75 1 1
lfr-tunnel/pkg/server/api_service_reservation.go:178.75,180.3 1 0
lfr-tunnel/pkg/server/api_service_reservation.go:182.2,182.26 1 1
lfr-tunnel/pkg/server/api_service_reservation.go:182.26,184.3 1 0
lfr-tunnel/pkg/server/api_service_reservation.go:186.2,187.61 2 1
lfr-tunnel/pkg/server/api_service_reservation.go:187.61,189.3 1 0
lfr-tunnel/pkg/server/api_service_reservation.go:191.2,201.21 2 1
lfr-tunnel/pkg/server/api_service_reservation.go:201.21,204.3 1 1
lfr-tunnel/pkg/server/api_service_reservation.go:206.2,206.17 1 1
lfr-tunnel/pkg/server/api_service_reservation.go:210.123,214.16 3 1
lfr-tunnel/pkg/server/api_service_reservation.go:214.16,216.3 1 0
lfr-tunnel/pkg/server/api_service_reservation.go:218.2,219.27 2 1
lfr-tunnel/pkg/server/api_service_reservation.go:219.27,220.62 1 0
lfr-tunnel/pkg/server/api_service_reservation.go:220.62,222.4 1 0
lfr-tunnel/pkg/server/api_service_reservation.go:225.2,225.40 1 1
lfr-tunnel/pkg/server/api_service_reservation.go:225.40,227.3 1 1
lfr-tunnel/pkg/server/api_service_reservation.go:229.2,230.35 2 0
lfr-tunnel/pkg/server/api_service_reservation.go:230.35,231.72 1 0
lfr-tunnel/pkg/server/api_service_reservation.go:231.72,232.34 1 0
lfr-tunnel/pkg/server/api_service_reservation.go:232.34,234.5 1 0
lfr-tunnel/pkg/server/api_service_reservation.go:235.4,235.24 1 0
lfr-tunnel/pkg/server/api_service_reservation.go:237.3,237.51 1 0
lfr-tunnel/pkg/server/api_service_reservation.go:240.2,250.61 3 0
lfr-tunnel/pkg/server/api_service_reservation.go:250.61,252.3 1 0
lfr-tunnel/pkg/server/api_service_reservation.go:254.2,264.17 2 0
lfr-tunnel/pkg/server/api_service_reservation.go:268.143,270.16 2 1
lfr-tunnel/pkg/server/api_service_reservation.go:270.16,271.37 1 0
lfr-tunnel/pkg/server/api_service_reservation.go:271.37,273.4 1 0
lfr-tunnel/pkg/server/api_service_reservation.go:274.3,274.26 1 0
lfr-tunnel/pkg/server/api_service_reservation.go:277.2,277.75 1 1
lfr-tunnel/pkg/server/api_service_reservation.go:277.75,279.3 1 0
lfr-tunnel/pkg/server/api_service_reservation.go:281.2,283.22 3 1
lfr-tunnel/pkg/server/api_service_reservation.go:283.22,285.3 1 1
lfr-tunnel/pkg/server/api_service_reservation.go:285.8,287.3 1 0
lfr-tunnel/pkg/server/api_service_reservation.go:289.2,289.61 1 1
lfr-tunnel/pkg/server/api_service_reservation.go:289.61,291.3 1 0
lfr-tunnel/pkg/server/api_service_reservation.go:293.2,303.12 2 1
lfr-tunnel/pkg/server/api_service_reservation.go:307.83,309.16 2 1
lfr-tunnel/pkg/server/api_service_reservation.go:309.16,311.3 1 0
lfr-tunnel/pkg/server/api_service_reservation.go:313.2,314.26 2 1
lfr-tunnel/pkg/server/api_service_reservation.go:314.26,315.29 1 1
lfr-tunnel/pkg/server/api_service_reservation.go:315.29,317.4 1 1
lfr-tunnel/pkg/server/api_service_reservation.go:320.2,320.18 1 1
lfr-tunnel/pkg/server/api_service_reservation.go:324.139,326.16 2 1
lfr-tunnel/pkg/server/api_service_reservation.go:326.16,328.3 1 0
lfr-tunnel/pkg/server/api_service_reservation.go:330.2,331.16 2 1
lfr-tunnel/pkg/server/api_service_reservation.go:331.16,332.37 1 0
lfr-tunnel/pkg/server/api_service_reservation.go:332.37,334.4 1 0
lfr-tunnel/pkg/server/api_service_reservation.go:335.3,335.31 1 0
lfr-tunnel/pkg/server/api_service_reservation.go:338.2,339.15 2 1
lfr-tunnel/pkg/server/api_service_reservation.go:339.15,341.3 1 0
lfr-tunnel/pkg/server/api_service_reservation.go:341.8,343.62 2 1
lfr-tunnel/pkg/server/api_service_reservation.go:343.62,345.4 1 1
lfr-tunnel/pkg/server/api_service_reservation.go:346.3,347.28 2 1
lfr-tunnel/pkg/server/api_service_reservation.go:349.2,351.61 2 1
lfr-tunnel/pkg/server/api_service_reservation.go:351.61,353.3 1 0
lfr-tunnel/pkg/server/api_service_reservation.go:355.2,365.17 2 1
lfr-tunnel/pkg/server/api_service_reservation.go:369.107,371.16 2 1
lfr-tunnel/pkg/server/api_service_reservation.go:371.16,373.3 1 0
lfr-tunnel/pkg/server/api_service_reservation.go:375.2,376.16 2 1
lfr-tunnel/pkg/server/api_service_reservation.go:376.16,377.37 1 0
lfr-tunnel/pkg/server/api_service_reservation.go:377.37,379.4 1 0
lfr-tunnel/pkg/server/api_service_reservation.go:380.3,380.31 1 0
lfr-tunnel/pkg/server/api_service_reservation.go:383.2,384.16 2 1
lfr-tunnel/pkg/server/api_service_reservation.go:384.16,386.3 1 0
lfr-tunnel/pkg/server/api_service_reservation.go:388.2,392.61 4 1
lfr-tunnel/pkg/server/api_service_reservation.go:392.61,394.3 1 0
lfr-tunnel/pkg/server/api_service_reservation.go:396.2,406.17 2 1
lfr-tunnel/pkg/server/api_service_reservation.go:410.64,411.31 1 1
lfr-tunnel/pkg/server/api_service_reservation.go:411.31,412.76 1 0
lfr-tunnel/pkg/server/api_service_reservation.go:412.76,414.4 1 0
lfr-tunnel/pkg/server/api_service_reservation.go:416.2,416.60 1 1
lfr-tunnel/pkg/server/api_service_reservation.go:416.60,418.3 1 0
lfr-tunnel/pkg/server/api_service_reservation.go:419.2,419.60 1 1
lfr-tunnel/pkg/server/api_service_reservation.go:419.60,421.3 1 0
lfr-tunnel/pkg/server/api_service_reservation.go:422.2,422.37 1 1
lfr-tunnel/pkg/server/api_service_reservation.go:426.71,428.31 2 1
lfr-tunnel/pkg/server/api_service_reservation.go:428.31,429.80 1 0
lfr-tunnel/pkg/server/api_service_reservation.go:429.80,430.36 1 0
lfr-tunnel/pkg/server/api_service_reservation.go:430.36,432.5 1 0
lfr-tunnel/pkg/server/api_service_reservation.go:433.4,433.34 1 0
lfr-tunnel/pkg/server/api_service_reservation.go:436.2,437.11 2 1
lfr-tunnel/pkg/server/api_service_user.go:15.64,17.2 1 1
lfr-tunnel/pkg/server/api_service_user.go:20.111,21.18 1 1
lfr-tunnel/pkg/server/api_service_user.go:21.18,23.3 1 1
lfr-tunnel/pkg/server/api_service_user.go:24.2,24.17 1 1
lfr-tunnel/pkg/server/api_service_user.go:24.17,26.3 1 0
lfr-tunnel/pkg/server/api_service_user.go:27.2,27.21 1 1
lfr-tunnel/pkg/server/api_service_user.go:27.21,29.3 1 0
lfr-tunnel/pkg/server/api_service_user.go:30.2,30.15 1 1
lfr-tunnel/pkg/server/api_service_user.go:30.15,32.3 1 0
lfr-tunnel/pkg/server/api_service_user.go:33.2,33.18 1 1
lfr-tunnel/pkg/server/api_service_user.go:33.18,35.3 1 0
lfr-tunnel/pkg/server/api_service_user.go:36.2,36.19 1 1
lfr-tunnel/pkg/server/api_service_user.go:36.19,38.3 1 0
lfr-tunnel/pkg/server/api_service_user.go:39.2,39.17 1 1
lfr-tunnel/pkg/server/api_service_user.go:39.17,41.3 1 0
lfr-tunnel/pkg/server/api_service_user.go:43.2,43.46 1 1
lfr-tunnel/pkg/server/api_service_user.go:43.46,45.3 1 0
lfr-tunnel/pkg/server/api_service_user.go:46.2,46.12 1 1
lfr-tunnel/pkg/server/api_service_user.go:50.63,52.46 1 1
lfr-tunnel/pkg/server/api_service_user.go:52.46,54.3 1 0
lfr-tunnel/pkg/server/api_service_user.go:55.2,55.12 1 1
lfr-tunnel/pkg/server/api_service_user.go:59.86,61.16 2 1
lfr-tunnel/pkg/server/api_service_user.go:61.16,63.3 1 0
lfr-tunnel/pkg/server/api_service_user.go:64.2,64.18 1 1
lfr-tunnel/pkg/server/api_service_user.go:68.145,70.16 2 1
lfr-tunnel/pkg/server/api_service_user.go:70.16,72.3 1 0
lfr-tunnel/pkg/server/api_service_user.go:74.2,75.24 2 1
lfr-tunnel/pkg/server/api_service_user.go:75.24,77.17 2 1
lfr-tunnel/pkg/server/api_service_user.go:77.17,79.4 1 1
lfr-tunnel/pkg/server/api_service_user.go:80.3,80.22 1 0
lfr-tunnel/pkg/server/api_service_user.go:83.2,84.35 2 0
lfr-tunnel/pkg/server/api_service_user.go:84.35,86.3 1 0
lfr-tunnel/pkg/server/api_service_user.go:88.2,89.16 2 0
lfr-tunnel/pkg/server/api_service_user.go:89.16,91.3 1 0
lfr-tunnel/pkg/server/api_service_user.go:92.2,105.44 5 0
lfr-tunnel/pkg/server/api_service_user.go:105.44,107.3 1 0
lfr-tunnel/pkg/server/api_service_user.go:109.2,119.27 2 0
lfr-tunnel/pkg/server/api_service_user.go:123.92,124.19 1 0
lfr-tunnel/pkg/server/api_service_user.go:124.19,126.3 1 0
lfr-tunnel/pkg/server/api_service_user.go:128.2,129.16 2 0
lfr-tunnel/pkg/server/api_service_user.go:129.16,131.3 1 0
lfr-tunnel/pkg/server/api_service_user.go:133.2,134.25 2 0
lfr-tunnel/pkg/server/api_service_user.go:134.25,137.41 1 0
lfr-tunnel/pkg/server/api_service_user.go:137.41,139.9 2 0
lfr-tunnel/pkg/server/api_service_user.go:142.2,142.18 1 0
lfr-tunnel/pkg/server/api_service_user.go:142.18,144.3 1 0
lfr-tunnel/pkg/server/api_service_user.go:146.2,146.49 1 0
lfr-tunnel/pkg/server/api_service_user.go:146.49,148.3 1 0
lfr-tunnel/pkg/server/api_service_user.go:150.2,160.12 2 0
lfr-tunnel/pkg/server/api_service_user.go:164.78,165.83 1 1
lfr-tunnel/pkg/server/api_service_user.go:165.83,167.3 1 0
lfr-tunnel/pkg/server/api_service_user.go:169.2,169.49 1 1
lfr-tunnel/pkg/server/api_service_user.go:169.49,171.3 1 0
lfr-tunnel/pkg/server/api_service_user.go:173.2,183.12 2 1
lfr-tunnel/pkg/server/api_service_user.go:186.116,188.16 2 1
lfr-tunnel/pkg/server/api_service_user.go:188.16,189.37 1 0
lfr-tunnel/pkg/server/api_service_user.go:189.37,191.4 1 0
lfr-tunnel/pkg/server/api_service_user.go:192.3,192.31 1 0
lfr-tunnel/pkg/server/api_service_user.go:195.2,196.46 2 1
lfr-tunnel/pkg/server/api_service_user.go:196.46,198.3 1 0
lfr-tunnel/pkg/server/api_service_user.go:200.2,210.18 2 1
lfr-tunnel/pkg/server/api_service_user.go:213.118,215.16 2 1
lfr-tunnel/pkg/server/api_service_user.go:215.16,216.37 1 0
lfr-tunnel/pkg/server/api_service_user.go:216.37,218.4 1 0
lfr-tunnel/pkg/server/api_service_user.go:219.3,219.31 1 0
lfr-tunnel/pkg/server/api_service_user.go:222.2,223.46 2 1
lfr-tunnel/pkg/server/api_service_user.go:223.46,225.3 1 0
lfr-tunnel/pkg/server/api_service_user.go:227.2,237.18 2 1
lfr-tunnel/pkg/server/auth.go:70.40,72.35 2 1
lfr-tunnel/pkg/server/auth.go:72.35,74.3 1 1
lfr-tunnel/pkg/server/auth.go:75.2,75.29 1 1
lfr-tunnel/pkg/server/auth.go:75.29,77.3 1 1
lfr-tunnel/pkg/server/auth.go:78.2,78.40 1 1
lfr-tunnel/pkg/server/auth.go:92.59,99.2 1 1
lfr-tunnel/pkg/server/auth.go:102.45,104.44 2 1
lfr-tunnel/pkg/server/auth.go:104.44,106.3 1 0
lfr-tunnel/pkg/server/auth.go:107.2,107.39 1 1
lfr-tunnel/pkg/server/auth.go:111.33,113.16 2 1
lfr-tunnel/pkg/server/auth.go:113.16,115.3 1 0
lfr-tunnel/pkg/server/auth.go:116.2,117.16 2 1
lfr-tunnel/pkg/server/auth.go:117.16,119.3 1 0
lfr-tunnel/pkg/server/auth.go:120.2,121.42 2 1
lfr-tunnel/pkg/server/auth.go:125.215,129.70 3 1
lfr-tunnel/pkg/server/auth.go:129.70,131.3 1 0
lfr-tunnel/pkg/server/auth.go:132.2,132.65 1 1
lfr-tunnel/pkg/server/auth.go:132.65,134.3 1 1
lfr-tunnel/pkg/server/auth.go:135.2,135.21 1 1
lfr-tunnel/pkg/server/auth.go:135.21,137.3 1 0
lfr-tunnel/pkg/server/auth.go:138.2,138.23 1 1
lfr-tunnel/pkg/server/auth.go:138.23,140.3 1 0
lfr-tunnel/pkg/server/auth.go:143.2,143.29 1 1
lfr-tunnel/pkg/server/auth.go:143.29,145.30 2 1
lfr-tunnel/pkg/server/auth.go:145.30,147.4 1 0
lfr-tunnel/pkg/server/auth.go:149.3,150.19 2 1
lfr-tunnel/pkg/server/auth.go:150.19,152.4 1 1
lfr-tunnel/pkg/server/auth.go:152.9,153.29 1 1
lfr-tunnel/pkg/server/auth.go:153.29,155.5 1 0
lfr-tunnel/pkg/server/auth.go:155.10,157.5 1 1
lfr-tunnel/pkg/server/auth.go:160.3,160.34 1 1
lfr-tunnel/pkg/server/auth.go:160.34,162.23 2 1
lfr-tunnel/pkg/server/auth.go:162.23,164.5 1 1
lfr-tunnel/pkg/server/auth.go:164.10,166.5 1 1
lfr-tunnel/pkg/server/auth.go:167.4,167.47 1 1
lfr-tunnel/pkg/server/auth.go:167.47,169.5 1 1
lfr-tunnel/pkg/server/auth.go:174.2,175.16 2 1
lfr-tunnel/pkg/server/auth.go:175.16,177.3 1 0
lfr-tunnel/pkg/server/auth.go:179.2,183.29 3 1
lfr-tunnel/pkg/server/auth.go:183.29,185.30 2 1
lfr-tunnel/pkg/server/auth.go:185.30,187.4 1 0
lfr-tunnel/pkg/server/auth.go:189.3,190.19 2 1
lfr-tunnel/pkg/server/auth.go:190.19,192.4 1 1
lfr-tunnel/pkg/server/auth.go:192.9,193.29 1 1
lfr-tunnel/pkg/server/auth.go:193.29,195.5 1 0
lfr-tunnel/pkg/server/auth.go:195.10,197.5 1 1
lfr-tunnel/pkg/server/auth.go:201.3,202.17 2 1
lfr-tunnel/pkg/server/auth.go:202.17,204.4 1 0
lfr-tunnel/pkg/server/auth.go:206.3,206.34 1 1
lfr-tunnel/pkg/server/auth.go:206.34,208.23 2 1
lfr-tunnel/pkg/server/auth.go:208.23,210.5 1 1
lfr-tunnel/pkg/server/auth.go:210.10,212.5 1 1
lfr-tunnel/pkg/server/auth.go:213.4,230.52 3 1
lfr-tunnel/pkg/server/auth.go:233.3,234.79 2 1
lfr-tunnel/pkg/server/auth.go:237.2,241.94 2 1
lfr-tunnel/pkg/server/auth.go:241.94,243.41 1 0
lfr-tunnel/pkg/server/auth.go:243.41,246.4 2 0
lfr-tunnel/pkg/server/auth.go:247.3,248.82 2 0
lfr-tunnel/pkg/server/auth.go:252.2,254.40 3 1
lfr-tunnel/pkg/server/auth.go:254.40,255.38 1 1
lfr-tunnel/pkg/server/auth.go:255.38,256.12 1 1
lfr-tunnel/pkg/server/auth.go:258.3,259.119 2 1
lfr-tunnel/pkg/server/auth.go:262.2,262.41 1 1
lfr-tunnel/pkg/server/auth.go:266.63,271.13 4 1
lfr-tunnel/pkg/server/auth.go:271.13,273.3 1 1
lfr-tunnel/pkg/server/auth.go:274.2,274.20 1 1
lfr-tunnel/pkg/server/auth.go:278.92,283.9 4 1
lfr-tunnel/pkg/server/auth.go:283.9,285.3 1 1
lfr-tunnel/pkg/server/auth.go:287.2,288.12 2 0
lfr-tunnel/pkg/server/auth.go:292.78,297.9 4 1
lfr-tunnel/pkg/server/auth.go:297.9,299.3 1 0
lfr-tunnel/pkg/server/auth.go:300.2,301.12 2 1
lfr-tunnel/pkg/server/auth.go:305.92,309.27 3 1
lfr-tunnel/pkg/server/auth.go:309.27,311.3 1 1
lfr-tunnel/pkg/server/auth.go:313.2,315.59 2 1
lfr-tunnel/pkg/server/auth.go:315.59,317.3 1 1
lfr-tunnel/pkg/server/auth.go:319.2,319.41 1 1
lfr-tunnel/pkg/server/auth.go:319.41,321.3 1 1
lfr-tunnel/pkg/server/auth.go:323.2,323.50 1 1
lfr-tunnel/pkg/server/auth.go:323.50,325.3 1 1
lfr-tunnel/pkg/server/auth.go:327.2,327.33 1 1
lfr-tunnel/pkg/server/auth.go:327.33,329.46 2 1
lfr-tunnel/pkg/server/auth.go:329.46,331.4 1 1
lfr-tunnel/pkg/server/auth.go:334.2,334.17 1 1
lfr-tunnel/pkg/server/auth.go:338.91,343.33 3 1
lfr-tunnel/pkg/server/auth.go:343.33,344.72 1 1
lfr-tunnel/pkg/server/auth.go:344.72,346.4 1 1
lfr-tunnel/pkg/server/auth.go:348.2,349.19 2 1
lfr-tunnel/pkg/server/auth.go:349.19,351.20 2 0
lfr-tunnel/pkg/server/auth.go:351.20,353.4 1 0
lfr-tunnel/pkg/server/auth.go:356.2,359.34 3 1
lfr-tunnel/pkg/server/auth.go:359.34,361.26 2 1
lfr-tunnel/pkg/server/auth.go:361.26,363.41 2 0
lfr-tunnel/pkg/server/auth.go:363.41,365.5 1 0
lfr-tunnel/pkg/server/auth.go:368.3,369.16 2 1
lfr-tunnel/pkg/server/auth.go:369.16,371.29 2 1
lfr-tunnel/pkg/server/auth.go:371.29,372.10 1 1
lfr-tunnel/pkg/server/auth.go:378.2,378.50 1 1
lfr-tunnel/pkg/server/auth.go:378.50,381.16 3 0
lfr-tunnel/pkg/server/auth.go:381.16,383.4 1 0
lfr-tunnel/pkg/server/auth.go:386.2,386.20 1 1
lfr-tunnel/pkg/server/auth.go:390.52,395.13 4 1
lfr-tunnel/pkg/server/auth.go:395.13,397.3 1 0
lfr-tunnel/pkg/server/auth.go:399.2,399.31 1 1
lfr-tunnel/pkg/server/auth.go:399.31,400.30 1 1
lfr-tunnel/pkg/server/auth.go:400.30,402.4 1 1
lfr-tunnel/pkg/server/auth.go:403.3,405.115 3 1
lfr-tunnel/pkg/server/auth.go:408.2,409.41 2 1
lfr-tunnel/pkg/server/auth.go:413.64,414.12 1 1
lfr-tunnel/pkg/server/auth.go:414.12,416.22 2 1
lfr-tunnel/pkg/server/auth.go:416.22,418.4 1 1
lfr-tunnel/pkg/server/auth.go:423.42,427.37 3 1
lfr-tunnel/pkg/server/auth.go:427.37,429.3 1 0
lfr-tunnel/pkg/server/auth.go:430.2,432.31 2 1
lfr-tunnel/pkg/server/auth.go:432.31,435.34 3 0
lfr-tunnel/pkg/server/auth.go:435.34,437.12 2 0
lfr-tunnel/pkg/server/auth.go:440.3,446.45 5 0
lfr-tunnel/pkg/server/auth.go:446.45,447.12 1 0
lfr-tunnel/pkg/server/auth.go:451.3,453.17 3 0
lfr-tunnel/pkg/server/auth.go:453.17,457.4 2 0
lfr-tunnel/pkg/server/auth.go:457.9,459.4 1 0
lfr-tunnel/pkg/server/auth.go:464.48,469.33 4 1
lfr-tunnel/pkg/server/auth.go:469.33,489.3 2 1
lfr-tunnel/pkg/server/auth.go:490.2,490.17 1 1
lfr-tunnel/pkg/server/auth.go:495.59,501.40 3 1
lfr-tunnel/pkg/server/auth.go:501.40,502.55 1 1
lfr-tunnel/pkg/server/auth.go:502.55,504.9 2 1
lfr-tunnel/pkg/server/auth.go:507.2,509.30 2 1
lfr-tunnel/pkg/server/auth.go:509.30,512.3 2 1
lfr-tunnel/pkg/server/auth.go:513.2,513.14 1 0
lfr-tunnel/pkg/server/auth.go:517.72,522.13 4 1
lfr-tunnel/pkg/server/auth.go:522.13,524.3 1 1
lfr-tunnel/pkg/server/auth.go:526.2,526.31 1 0
lfr-tunnel/pkg/server/auth.go:526.31,528.3 1 0
lfr-tunnel/pkg/server/auth.go:529.2,529.13 1 0
lfr-tunnel/pkg/server/auth.go:533.73,538.13 4 1
lfr-tunnel/pkg/server/auth.go:538.13,540.3 1 0
lfr-tunnel/pkg/server/auth.go:541.2,543.12 3 1
lfr-tunnel/pkg/server/auth.go:548.75,554.43 5 1
lfr-tunnel/pkg/server/auth.go:554.43,555.37 1 1
lfr-tunnel/pkg/server/auth.go:555.37,557.4 1 1
lfr-tunnel/pkg/server/auth.go:557.9,559.4 1 1
lfr-tunnel/pkg/server/auth.go:561.2,561.15 1 1
lfr-tunnel/pkg/server/ca.go:19.91,20.37 1 1
lfr-tunnel/pkg/server/ca.go:20.37,22.3 1 0
lfr-tunnel/pkg/server/ca.go:25.2,25.66 1 1
lfr-tunnel/pkg/server/ca.go:25.66,27.3 1 0
lfr-tunnel/pkg/server/ca.go:28.2,28.65 1 1
lfr-tunnel/pkg/server/ca.go:28.65,30.3 1 0
lfr-tunnel/pkg/server/ca.go:32.2,35.37 3 1
lfr-tunnel/pkg/server/ca.go:35.37,38.17 2 1
lfr-tunnel/pkg/server/ca.go:38.17,40.4 1 0
lfr-tunnel/pkg/server/ca.go:41.3,42.17 2 1
lfr-tunnel/pkg/server/ca.go:42.17,44.4 1 0
lfr-tunnel/pkg/server/ca.go:47.3,48.50 2 1
lfr-tunnel/pkg/server/ca.go:48.50,50.4 1 0
lfr-tunnel/pkg/server/ca.go:51.3,52.17 2 1
lfr-tunnel/pkg/server/ca.go:52.17,54.4 1 0
lfr-tunnel/pkg/server/ca.go:57.3,58.22 2 1
lfr-tunnel/pkg/server/ca.go:58.22,60.4 1 0
lfr-tunnel/pkg/server/ca.go:61.3,62.24 2 1
lfr-tunnel/pkg/server/ca.go:63.26,64.58 1 1
lfr-tunnel/pkg/server/ca.go:65.22,68.18 3 0
lfr-tunnel/pkg/server/ca.go:68.18,71.12 3 0
lfr-tunnel/pkg/server/ca.go:71.12,73.6 1 0
lfr-tunnel/pkg/server/ca.go:75.11,76.83 1 0
lfr-tunnel/pkg/server/ca.go:78.3,78.17 1 1
lfr-tunnel/pkg/server/ca.go:78.17,80.4 1 0
lfr-tunnel/pkg/server/ca.go:82.3,82.28 1 1
lfr-tunnel/pkg/server/ca.go:86.2,87.16 2 1
lfr-tunnel/pkg/server/ca.go:87.16,89.3 1 0
lfr-tunnel/pkg/server/ca.go:91.2,93.16 3 1
lfr-tunnel/pkg/server/ca.go:93.16,95.3 1 0
lfr-tunnel/pkg/server/ca.go:97.2,114.16 3 1
lfr-tunnel/pkg/server/ca.go:114.16,116.3 1 0
lfr-tunnel/pkg/server/ca.go:118.2,119.16 2 1
lfr-tunnel/pkg/server/ca.go:119.16,121.3 1 0
lfr-tunnel/pkg/server/ca.go:124.2,125.16 2 1
lfr-tunnel/pkg/server/ca.go:125.16,127.3 1 0
lfr-tunnel/pkg/server/ca.go:128.2,130.123 2 1
lfr-tunnel/pkg/server/ca.go:130.123,132.3 1 0
lfr-tunnel/pkg/server/ca.go:135.2,136.16 2 1
lfr-tunnel/pkg/server/ca.go:136.16,138.3 1 0
lfr-tunnel/pkg/server/ca.go:139.2,141.94 2 1
lfr-tunnel/pkg/server/ca.go:141.94,143.3 1 0
lfr-tunnel/pkg/server/ca.go:145.2,145.27 1 1
lfr-tunnel/pkg/server/ca.go:149.171,152.16 2 1
lfr-tunnel/pkg/server/ca.go:152.16,154.3 1 0
lfr-tunnel/pkg/server/ca.go:157.2,159.16 3 1
lfr-tunnel/pkg/server/ca.go:159.16,161.3 1 0
lfr-tunnel/pkg/server/ca.go:164.2,189.16 3 1
lfr-tunnel/pkg/server/ca.go:189.16,191.3 1 0
lfr-tunnel/pkg/server/ca.go:193.2,194.16 2 1
lfr-tunnel/pkg/server/ca.go:194.16,196.3 1 0
lfr-tunnel/pkg/server/ca.go:199.2,200.16 2 1
lfr-tunnel/pkg/server/ca.go:200.16,202.3 1 0
lfr-tunnel/pkg/server/ca.go:204.2,204.22 1 1
lfr-tunnel/pkg/server/ca.go:208.135,210.102 2 1
lfr-tunnel/pkg/server/ca.go:210.102,212.3 1 0
lfr-tunnel/pkg/server/ca.go:214.2,215.16 2 1
lfr-tunnel/pkg/server/ca.go:215.16,217.3 1 0
lfr-tunnel/pkg/server/ca.go:219.2,219.45 1 1
lfr-tunnel/pkg/server/ca.go:219.45,221.3 1 0
lfr-tunnel/pkg/server/ca.go:223.2,225.16 3 1
lfr-tunnel/pkg/server/ca.go:225.16,227.3 1 0
lfr-tunnel/pkg/server/ca.go:230.2,245.16 5 1
lfr-tunnel/pkg/server/ca.go:245.16,247.3 1 0
lfr-tunnel/pkg/server/ca.go:249.2,254.21 2 1
lfr-tunnel/pkg/server/edge_control_ws.go:40.78,42.18 2 1
lfr-tunnel/pkg/server/edge_control_ws.go:42.18,45.3 2 0
lfr-tunnel/pkg/server/edge_control_ws.go:46.2,49.51 3 1
lfr-tunnel/pkg/server/edge_control_ws.go:49.51,51.3 1 1
lfr-tunnel/pkg/server/edge_control_ws.go:51.8,51.62 1 1
lfr-tunnel/pkg/server/edge_control_ws.go:51.62,54.3 2 0
lfr-tunnel/pkg/server/edge_control_ws.go:54.8,57.3 2 1
lfr-tunnel/pkg/server/edge_control_ws.go:59.2,60.16 2 1
lfr-tunnel/pkg/server/edge_control_ws.go:60.16,63.3 2 0
lfr-tunnel/pkg/server/edge_control_ws.go:66.2,75.50 5 1
lfr-tunnel/pkg/server/edge_control_ws.go:75.50,79.3 3 0
lfr-tunnel/pkg/server/edge_control_ws.go:82.2,84.48 3 1
lfr-tunnel/pkg/server/edge_control_ws.go:84.48,88.3 3 0
lfr-tunnel/pkg/server/edge_control_ws.go:90.2,90.28 1 1
lfr-tunnel/pkg/server/edge_control_ws.go:90.28,95.3 4 0
lfr-tunnel/pkg/server/edge_control_ws.go:98.2,99.39 2 1
lfr-tunnel/pkg/server/edge_control_ws.go:99.39,100.24 1 1
lfr-tunnel/pkg/server/edge_control_ws.go:100.24,102.9 2 1
lfr-tunnel/pkg/server/edge_control_ws.go:106.2,106.23 1 1
lfr-tunnel/pkg/server/edge_control_ws.go:106.23,111.3 4 0
lfr-tunnel/pkg/server/edge_control_ws.go:113.2,114.16 2 1
lfr-tunnel/pkg/server/edge_control_ws.go:114.16,119.3 4 0
lfr-tunnel/pkg/server/edge_control_ws.go:121.2,126.73 5 1
lfr-tunnel/pkg/server/edge_control_ws.go:126.73,131.3 4 1
lfr-tunnel/pkg/server/edge_control_ws.go:134.2,138.54 3 1
lfr-tunnel/pkg/server/edge_control_ws.go:138.54,141.3 2 0
lfr-tunnel/pkg/server/edge_control_ws.go:142.2,143.19 2 1
lfr-tunnel/pkg/server/edge_control_ws.go:143.19,145.3 1 1
lfr-tunnel/pkg/server/edge_control_ws.go:145.8,147.3 1 0
lfr-tunnel/pkg/server/edge_control_ws.go:148.2,155.12 5 1
lfr-tunnel/pkg/server/edge_control_ws.go:155.12,156.16 1 1
lfr-tunnel/pkg/server/edge_control_ws.go:156.16,158.81 2 1
lfr-tunnel/pkg/server/edge_control_ws.go:158.81,162.5 3 1
lfr-tunnel/pkg/server/edge_control_ws.go:163.4,165.74 3 1
lfr-tunnel/pkg/server/edge_control_ws.go:169.3,171.42 3 1
lfr-tunnel/pkg/server/edge_control_ws.go:171.42,174.4 2 0
lfr-tunnel/pkg/server/edge_control_ws.go:176.3,176.7 1 1
lfr-tunnel/pkg/server/edge_control_ws.go:176.7,178.18 2 1
lfr-tunnel/pkg/server/edge_control_ws.go:178.18,179.10 1 1
lfr-tunnel/pkg/server/edge_control_ws.go:186.62,194.16 3 1
lfr-tunnel/pkg/server/edge_control_ws.go:194.16,196.3 1 0
lfr-tunnel/pkg/server/edge_control_ws.go:198.2,201.37 3 1
lfr-tunnel/pkg/server/edge_control_ws.go:201.37,203.3 1 1
lfr-tunnel/pkg/server/edge_control_ws.go:207.83,216.16 3 1
lfr-tunnel/pkg/server/edge_control_ws.go:216.16,218.3 1 0
lfr-tunnel/pkg/server/edge_control_ws.go:220.2,223.37 3 1
lfr-tunnel/pkg/server/edge_control_ws.go:223.37,225.3 1 1
lfr-tunnel/pkg/server/edge_control_ws.go:230.64,235.13 4 1
lfr-tunnel/pkg/server/edge_control_ws.go:235.13,237.3 1 1
lfr-tunnel/pkg/server/edge_control_ws.go:239.2,245.19 3 1
lfr-tunnel/pkg/server/edge_control_ws.go:250.93,255.13 4 0
lfr-tunnel/pkg/server/edge_control_ws.go:255.13,257.3 1 0
lfr-tunnel/pkg/server/edge_control_ws.go:259.2,266.19 3 0
lfr-tunnel/pkg/server/edge_control_ws.go:270.55,275.28 4 1
lfr-tunnel/pkg/server/edge_control_ws.go:275.28,277.3 1 1
lfr-tunnel/pkg/server/edge_control_ws.go:279.2,282.28 2 0
lfr-tunnel/pkg/server/edge_control_ws.go:286.103,291.28 4 0
lfr-tunnel/pkg/server/edge_control_ws.go:291.28,293.3 1 0
lfr-tunnel/pkg/server/edge_control_ws.go:295.2,301.28 2 0
lfr-tunnel/pkg/server/edge_control_ws.go:305.55,310.28 4 1
lfr-tunnel/pkg/server/edge_control_ws.go:310.28,312.3 1 0
lfr-tunnel/pkg/server/edge_control_ws.go:314.2,318.28 2 1
lfr-tunnel/pkg/server/edge_control_ws.go:322.39,323.23 1 1
lfr-tunnel/pkg/server/edge_control_ws.go:323.23,325.3 1 0
lfr-tunnel/pkg/server/edge_control_ws.go:326.2,327.27 2 1
lfr-tunnel/pkg/server/edge_control_ws.go:327.27,330.3 2 1
lfr-tunnel/pkg/server/edge_control_ws.go:334.42,337.6 2 1
lfr-tunnel/pkg/server/edge_control_ws.go:337.6,338.10 1 1
lfr-tunnel/pkg/server/edge_control_ws.go:339.23,340.10 1 0
lfr-tunnel/pkg/server/edge_control_ws.go:341.11,341.11 0 1
lfr-tunnel/pkg/server/edge_control_ws.go:344.3,345.17 2 1
lfr-tunnel/pkg/server/edge_control_ws.go:345.17,348.12 3 0
lfr-tunnel/pkg/server/edge_control_ws.go:351.3,353.21 3 1
lfr-tunnel/pkg/server/edge_control_ws.go:353.21,355.4 1 1
lfr-tunnel/pkg/server/edge_control_ws.go:355.9,355.29 1 0
lfr-tunnel/pkg/server/edge_control_ws.go:355.29,357.4 1 0
lfr-tunnel/pkg/server/edge_control_ws.go:358.3,358.19 1 1
lfr-tunnel/pkg/server/edge_control_ws.go:358.19,360.4 1 0
lfr-tunnel/pkg/server/edge_control_ws.go:362.3,363.26 2 1
lfr-tunnel/pkg/server/edge_control_ws.go:363.26,365.4 1 0
lfr-tunnel/pkg/server/edge_control_ws.go:366.3,373.31 5 1
lfr-tunnel/pkg/server/edge_control_ws.go:373.31,375.4 1 0
lfr-tunnel/pkg/server/edge_control_ws.go:377.3,378.17 2 1
lfr-tunnel/pkg/server/edge_control_ws.go:378.17,380.23 2 1
lfr-tunnel/pkg/server/edge_control_ws.go:380.23,382.5 1 1
lfr-tunnel/pkg/server/edge_control_ws.go:382.10,382.49 1 0
lfr-tunnel/pkg/server/edge_control_ws.go:382.49,385.5 2 0
lfr-tunnel/pkg/server/edge_control_ws.go:386.4,387.12 2 1
lfr-tunnel/pkg/server/edge_control_ws.go:391.3,395.54 3 1
lfr-tunnel/pkg/server/edge_control_ws.go:395.54,399.12 4 0
lfr-tunnel/pkg/server/edge_control_ws.go:402.3,402.39 1 1
lfr-tunnel/pkg/server/edge_control_ws.go:402.39,406.12 4 0
lfr-tunnel/pkg/server/edge_control_ws.go:410.3,419.49 6 1
lfr-tunnel/pkg/server/edge_control_ws.go:419.49,423.12 4 0
lfr-tunnel/pkg/server/edge_control_ws.go:427.3,428.52 2 1
lfr-tunnel/pkg/server/edge_control_ws.go:428.52,432.12 4 0
lfr-tunnel/pkg/server/edge_control_ws.go:435.3,435.40 1 1
lfr-tunnel/pkg/server/edge_control_ws.go:435.40,439.12 4 0
lfr-tunnel/pkg/server/edge_control_ws.go:442.3,448.13 4 1
lfr-tunnel/pkg/server/edge_control_ws.go:448.13,450.8 2 1
lfr-tunnel/pkg/server/edge_control_ws.go:450.8,451.12 1 1
lfr-tunnel/pkg/server/edge_control_ws.go:452.21,454.74 2 0
lfr-tunnel/pkg/server/edge_control_ws.go:454.74,457.7 2 0
lfr-tunnel/pkg/server/edge_control_ws.go:458.25,459.12 1 1
lfr-tunnel/pkg/server/edge_control_ws.go:465.3,465.7 1 1
lfr-tunnel/pkg/server/edge_control_ws.go:465.7,471.14 4 1
lfr-tunnel/pkg/server/edge_control_ws.go:471.14,474.5 2 1
lfr-tunnel/pkg/server/edge_control_ws.go:476.4,477.11 2 1
lfr-tunnel/pkg/server/edge_control_ws.go:478.33,478.33 0 1
lfr-tunnel/pkg/server/edge_control_ws.go:479.34,480.22 1 0
lfr-tunnel/pkg/server/edge_control_ws.go:483.4,483.22 1 1
lfr-tunnel/pkg/server/edge_control_ws.go:483.22,485.10 2 0
lfr-tunnel/pkg/server/edge_control_ws.go:488.4,488.20 1 1
lfr-tunnel/pkg/server/edge_control_ws.go:489.19,491.15 2 0
lfr-tunnel/pkg/server/edge_control_ws.go:492.28,493.23 1 1
lfr-tunnel/pkg/server/edge_control_ws.go:494.16,496.37 2 1
lfr-tunnel/pkg/server/edge_control_ws.go:497.19,499.32 2 1
lfr-tunnel/pkg/server/edge_control_ws.go:501.31,503.23 2 1
lfr-tunnel/pkg/server/edge_control_ws.go:504.19,507.28 3 1
lfr-tunnel/pkg/server/edge_control_ws.go:508.20,510.31 2 0
lfr-tunnel/pkg/server/edge_control_ws.go:512.5,512.26 1 1
lfr-tunnel/pkg/server/edge_control_ws.go:513.22,514.52 1 1
lfr-tunnel/pkg/server/edge_control_ws.go:514.52,517.6 2 1
lfr-tunnel/pkg/server/edge_control_ws.go:517.11,520.6 2 1
lfr-tunnel/pkg/server/edge_control_ws.go:521.25,523.85 2 0
lfr-tunnel/pkg/server/edge_control_ws.go:523.85,525.6 1 0
lfr-tunnel/pkg/server/edge_control_ws.go:529.3,531.22 3 0
lfr-tunnel/pkg/server/i18n.go:17.56,20.29 3 1
lfr-tunnel/pkg/server/i18n.go:20.29,23.81 2 1
lfr-tunnel/pkg/server/i18n.go:23.81,24.12 1 1
lfr-tunnel/pkg/server/i18n.go:26.3,27.16 2 1
lfr-tunnel/pkg/server/i18n.go:27.16,29.4 1 1
lfr-tunnel/pkg/server/i18n.go:30.3,30.16 1 1
lfr-tunnel/pkg/server/i18n.go:30.16,31.12 1 0
lfr-tunnel/pkg/server/i18n.go:33.3,35.19 3 1
lfr-tunnel/pkg/server/i18n.go:37.2,37.14 1 1
lfr-tunnel/pkg/server/i18n.go:41.35,48.33 4 1
lfr-tunnel/pkg/server/i18n.go:48.33,54.21 4 1
lfr-tunnel/pkg/server/i18n.go:54.21,56.4 1 1
lfr-tunnel/pkg/server/i18n.go:57.3,61.45 3 1
lfr-tunnel/pkg/server/i18n.go:61.45,63.18 2 0
lfr-tunnel/pkg/server/i18n.go:63.18,67.5 3 0
lfr-tunnel/pkg/server/i18n.go:71.3,71.22 1 1
lfr-tunnel/pkg/server/i18n.go:71.22,73.18 2 1
lfr-tunnel/pkg/server/i18n.go:73.18,75.13 2 0
lfr-tunnel/pkg/server/i18n.go:77.4,77.26 1 1
lfr-tunnel/pkg/server/i18n.go:81.3,81.52 1 1
lfr-tunnel/pkg/server/i18n.go:84.2,85.12 2 1
lfr-tunnel/pkg/server/i18n.go:89.58,91.19 2 1
lfr-tunnel/pkg/server/i18n.go:91.19,93.3 1 0
lfr-tunnel/pkg/server/i18n.go:96.2,96.44 1 1
lfr-tunnel/pkg/server/i18n.go:96.44,97.54 1 1
lfr-tunnel/pkg/server/i18n.go:97.54,99.4 1 1
lfr-tunnel/pkg/server/i18n.go:103.2,103.44 1 1
lfr-tunnel/pkg/server/i18n.go:103.44,104.54 1 1
lfr-tunnel/pkg/server/i18n.go:104.54,106.4 1 1
lfr-tunnel/pkg/server/i18n.go:110.2,110.12 1 0
lfr-tunnel/pkg/server/i18n.go:114.56,121.21 3 1
lfr-tunnel/pkg/server/i18n.go:121.21,123.25 2 0
lfr-tunnel/pkg/server/i18n.go:123.25,125.4 1 0
lfr-tunnel/pkg/server/i18n.go:126.3,126.27 1 0
lfr-tunnel/pkg/server/i18n.go:126.27,128.4 1 0
lfr-tunnel/pkg/server/i18n.go:132.2,133.22 2 1
lfr-tunnel/pkg/server/i18n.go:133.22,135.3 1 1
lfr-tunnel/pkg/server/i18n.go:138.2,140.29 2 1
lfr-tunnel/pkg/server/i18n.go:140.29,143.20 3 1
lfr-tunnel/pkg/server/i18n.go:143.20,145.4 1 1
lfr-tunnel/pkg/server/i18n.go:146.3,146.22 1 1
lfr-tunnel/pkg/server/i18n.go:146.22,148.4 1 1
lfr-tunnel/pkg/server/i18n.go:151.2,151.13 1 0
lfr-tunnel/pkg/server/i18n.go:155.72,157.16 2 1
lfr-tunnel/pkg/server/i18n.go:157.16,159.3 1 1
lfr-tunnel/pkg/server/i18n.go:160.2,160.19 1 1
lfr-tunnel/pkg/server/i18n.go:160.19,162.3 1 0
lfr-tunnel/pkg/server/i18n.go:164.2,165.9 2 1
lfr-tunnel/pkg/server/i18n.go:165.9,168.3 1 0
lfr-tunnel/pkg/server/i18n.go:170.2,170.39 1 1
lfr-tunnel/pkg/server/i18n.go:174.39,176.19 2 1
lfr-tunnel/pkg/server/i18n.go:176.19,178.3 1 0
lfr-tunnel/pkg/server/i18n.go:179.2,179.34 1 1
lfr-tunnel/pkg/server/i18n.go:179.34,181.3 1 0
lfr-tunnel/pkg/server/i18n.go:182.2,182.14 1 1
lfr-tunnel/pkg/server/magiclink.go:11.75,13.17 2 1
lfr-tunnel/pkg/server/magiclink.go:13.17,16.3 2 1
lfr-tunnel/pkg/server/magiclink.go:18.2,18.17 1 0
lfr-tunnel/pkg/server/magiclink.go:18.17,21.3 2 0
lfr-tunnel/pkg/server/magiclink.go:23.2,27.16 4 0
lfr-tunnel/pkg/server/magiclink.go:27.16,30.3 2 0
lfr-tunnel/pkg/server/magiclink.go:32.2,32.24 1 0
lfr-tunnel/pkg/server/magiclink.go:32.24,35.3 2 0
lfr-tunnel/pkg/server/magiclink.go:38.2,50.132 7 0
lfr-tunnel/pkg/server/magiclink.go:53.76,55.32 2 1
lfr-tunnel/pkg/server/magiclink.go:55.32,58.3 2 1
lfr-tunnel/pkg/server/magiclink.go:60.2,64.38 4 0
lfr-tunnel/pkg/server/magiclink.go:64.38,67.3 2 0
lfr-tunnel/pkg/server/magiclink.go:70.2,74.16 3 0
lfr-tunnel/pkg/server/magiclink.go:74.16,76.3 1 0
lfr-tunnel/pkg/server/magiclink.go:78.2,81.121 3 0
lfr-tunnel/pkg/server/magiclink.go:84.83,86.32 2 1
lfr-tunnel/pkg/server/magiclink.go:86.32,89.3 2 1
lfr-tunnel/pkg/server/magiclink.go:91.2,92.16 2 0
lfr-tunnel/pkg/server/magiclink.go:92.16,95.3 2 0
lfr-tunnel/pkg/server/magiclink.go:98.2,103.149 4 0
lfr-tunnel/pkg/server/metrics_collector.go:26.107,33.2 1 1
lfr-tunnel/pkg/server/metrics_collector.go:36.54,37.9 1 0
lfr-tunnel/pkg/server/metrics_collector.go:38.20,38.20 0 0
lfr-tunnel/pkg/server/metrics_collector.go:39.10,40.94 1 0
lfr-tunnel/pkg/server/metrics_collector.go:45.55,51.6 4 1
lfr-tunnel/pkg/server/metrics_collector.go:51.6,52.10 1 1
lfr-tunnel/pkg/server/metrics_collector.go:53.21,54.10 1 1
lfr-tunnel/pkg/server/metrics_collector.go:55.23,56.19 1 0
lfr-tunnel/pkg/server/metrics_collector.go:56.19,57.54 1 0
lfr-tunnel/pkg/server/metrics_collector.go:57.54,59.6 1 0
lfr-tunnel/pkg/server/metrics_collector.go:60.10,60.67 1 0
lfr-tunnel/pkg/server/metrics_collector.go:60.67,62.5 1 0
lfr-tunnel/pkg/server/metrics_collector.go:63.19,65.33 2 0
lfr-tunnel/pkg/server/metrics_collector.go:65.33,71.34 5 0
lfr-tunnel/pkg/server/metrics_collector.go:71.34,81.21 2 0
lfr-tunnel/pkg/server/metrics_collector.go:81.21,82.56 1 0
lfr-tunnel/pkg/server/metrics_collector.go:82.56,84.8 1 0
lfr-tunnel/pkg/server/metrics_collector.go:84.13,87.8 2 0
lfr-tunnel/pkg/server/metrics_collector.go:88.12,88.69 1 0
lfr-tunnel/pkg/server/metrics_collector.go:88.69,92.7 3 0
lfr-tunnel/pkg/server/metrics_collector.go:96.4,96.99 1 0
lfr-tunnel/pkg/server/metrics_collector.go:96.99,99.5 2 0
lfr-tunnel/pkg/server/metrics_collector.go:104.78,107.16 3 0
lfr-tunnel/pkg/server/metrics_collector.go:107.16,110.3 2 0
lfr-tunnel/pkg/server/metrics_collector.go:112.2,113.16 2 0
lfr-tunnel/pkg/server/metrics_collector.go:113.16,116.3 2 0
lfr-tunnel/pkg/server/metrics_collector.go:117.2,121.16 4 0
lfr-tunnel/pkg/server/metrics_collector.go:121.16,124.3 2 0
lfr-tunnel/pkg/server/metrics_collector.go:125.2,127.38 2 0
lfr-tunnel/pkg/server/metrics_collector.go:127.38,129.3 1 0
lfr-tunnel/pkg/server/mtls.go:10.34,12.15 2 1
lfr-tunnel/pkg/server/mtls.go:12.15,13.33 1 1
lfr-tunnel/pkg/server/mtls.go:13.33,15.4 1 1
lfr-tunnel/pkg/server/mtls.go:16.3,16.12 1 0
lfr-tunnel/pkg/server/mtls.go:19.2,21.78 3 1
lfr-tunnel/pkg/server/mtls.go:21.78,23.3 1 1
lfr-tunnel/pkg/server/mtls.go:24.2,24.78 1 1
lfr-tunnel/pkg/server/mtls.go:24.78,26.3 1 1
lfr-tunnel/pkg/server/mtls.go:28.2,28.40 1 1
lfr-tunnel/pkg/server/mtls.go:32.88,34.53 1 1
lfr-tunnel/pkg/server/mtls.go:34.53,36.20 2 0
lfr-tunnel/pkg/server/mtls.go:36.20,43.47 4 0
lfr-tunnel/pkg/server/mtls.go:43.47,45.5 1 0
lfr-tunnel/pkg/server/mtls.go:47.3,47.39 1 0
lfr-tunnel/pkg/server/mtls.go:51.2,54.66 3 1
lfr-tunnel/pkg/server/mtls.go:54.66,56.15 2 1
lfr-tunnel/pkg/server/mtls.go:56.15,58.4 1 1
lfr-tunnel/pkg/server/mtls.go:61.2,61.18 1 1
lfr-tunnel/pkg/server/notifications.go:20.113,26.2 1 1
lfr-tunnel/pkg/server/notifications.go:29.52,31.2 1 1
lfr-tunnel/pkg/server/notifications.go:34.84,35.74 1 1
lfr-tunnel/pkg/server/notifications.go:35.74,37.3 1 1
lfr-tunnel/pkg/server/notifications.go:39.2,40.16 2 1
lfr-tunnel/pkg/server/notifications.go:40.16,43.3 2 0
lfr-tunnel/pkg/server/notifications.go:46.2,46.20 1 1
lfr-tunnel/pkg/server/notifications.go:46.20,48.3 1 0
lfr-tunnel/pkg/server/notifications.go:49.2,49.62 1 1
lfr-tunnel/pkg/server/notifications.go:49.62,51.3 1 0
lfr-tunnel/pkg/server/notifications.go:54.2,54.105 1 1
lfr-tunnel/pkg/server/notifications.go:54.105,55.48 1 0
lfr-tunnel/pkg/server/notifications.go:55.48,57.4 1 0
lfr-tunnel/pkg/server/notifications.go:60.2,60.12 1 1
lfr-tunnel/pkg/server/notifications.go:60.12,61.120 1 1
lfr-tunnel/pkg/server/notifications.go:61.120,63.4 1 0
lfr-tunnel/pkg/server/proxy.go:52.82,60.2 3 1
lfr-tunnel/pkg/server/proxy.go:63.55,65.2 1 1
lfr-tunnel/pkg/server/proxy.go:68.77,69.16 1 1
lfr-tunnel/pkg/server/proxy.go:69.16,71.3 1 0
lfr-tunnel/pkg/server/proxy.go:72.2,73.12 2 1
lfr-tunnel/pkg/server/proxy.go:73.12,75.43 2 0
lfr-tunnel/pkg/server/proxy.go:75.43,79.4 2 0
lfr-tunnel/pkg/server/proxy.go:80.3,80.17 1 0
lfr-tunnel/pkg/server/proxy.go:83.2,85.19 3 1
lfr-tunnel/pkg/server/proxy.go:89.74,92.54 2 1
lfr-tunnel/pkg/server/proxy.go:92.54,94.3 1 0
lfr-tunnel/pkg/server/proxy.go:96.2,97.13 2 1
lfr-tunnel/pkg/server/proxy.go:97.13,100.3 2 1
lfr-tunnel/pkg/server/proxy.go:103.2,103.36 1 1
lfr-tunnel/pkg/server/proxy.go:103.36,105.48 2 1
lfr-tunnel/pkg/server/proxy.go:105.48,110.4 4 1
lfr-tunnel/pkg/server/proxy.go:114.2,114.43 1 1
lfr-tunnel/pkg/server/proxy.go:114.43,115.66 1 1
lfr-tunnel/pkg/server/proxy.go:115.66,120.4 4 1
lfr-tunnel/pkg/server/proxy.go:124.2,124.47 1 1
lfr-tunnel/pkg/server/proxy.go:124.47,126.3 1 1
lfr-tunnel/pkg/server/proxy.go:129.2,129.27 1 1
lfr-tunnel/pkg/server/proxy.go:129.27,131.67 2 0
lfr-tunnel/pkg/server/proxy.go:131.67,135.4 3 0
lfr-tunnel/pkg/server/proxy.go:137.3,138.55 2 0
lfr-tunnel/pkg/server/proxy.go:138.55,142.4 3 0
lfr-tunnel/pkg/server/proxy.go:146.2,146.25 1 1
lfr-tunnel/pkg/server/proxy.go:146.25,148.41 2 0
lfr-tunnel/pkg/server/proxy.go:148.41,151.4 2 0
lfr-tunnel/pkg/server/proxy.go:155.2,156.37 1 1
lfr-tunnel/pkg/server/proxy.go:156.37,164.31 5 1
lfr-tunnel/pkg/server/proxy.go:164.31,166.5 1 1
lfr-tunnel/pkg/server/proxy.go:167.4,175.89 5 1
lfr-tunnel/pkg/server/proxy.go:175.89,177.5 1 0
lfr-tunnel/pkg/server/proxy.go:180.4,180.57 1 1
lfr-tunnel/pkg/server/proxy.go:180.57,181.45 1 1
lfr-tunnel/pkg/server/proxy.go:181.45,184.6 2 1
lfr-tunnel/pkg/server/proxy.go:185.10,190.5 4 1
lfr-tunnel/pkg/server/proxy.go:193.4,193.35 1 1
lfr-tunnel/pkg/server/proxy.go:193.35,194.42 1 1
lfr-tunnel/pkg/server/proxy.go:194.42,197.6 2 1
lfr-tunnel/pkg/server/proxy.go:200.51,202.49 2 1
lfr-tunnel/pkg/server/proxy.go:202.49,204.5 1 0
lfr-tunnel/pkg/server/proxy.go:205.4,205.14 1 1
lfr-tunnel/pkg/server/proxy.go:211.75,214.4 2 1
lfr-tunnel/pkg/server/proxy.go:218.2,218.23 1 1
lfr-tunnel/pkg/server/proxy.go:222.109,229.46 5 1
lfr-tunnel/pkg/server/proxy.go:229.46,231.3 1 0
lfr-tunnel/pkg/server/proxy.go:234.60,235.21 1 1
lfr-tunnel/pkg/server/proxy.go:235.21,237.3 1 0
lfr-tunnel/pkg/server/proxy.go:238.2,238.42 1 1
lfr-tunnel/pkg/server/proxy.go:238.42,239.105 1 1
lfr-tunnel/pkg/server/proxy.go:239.105,241.4 1 1
lfr-tunnel/pkg/server/proxy.go:243.2,243.14 1 1
lfr-tunnel/pkg/server/proxy.go:246.72,250.2 3 1
lfr-tunnel/pkg/server/proxy.go:253.116,268.46 11 1
lfr-tunnel/pkg/server/proxy.go:268.46,270.3 1 0
lfr-tunnel/pkg/server/proxy.go:278.82,279.21 1 1
lfr-tunnel/pkg/server/proxy.go:279.21,282.26 1 0
lfr-tunnel/pkg/server/proxy.go:282.26,284.5 1 0
lfr-tunnel/pkg/server/proxy.go:288.2,289.16 2 1
lfr-tunnel/pkg/server/proxy.go:289.16,291.3 1 1
lfr-tunnel/pkg/server/proxy.go:293.2,293.21 1 1
lfr-tunnel/pkg/server/proxy.go:293.21,296.26 1 1
lfr-tunnel/pkg/server/proxy.go:296.26,298.5 1 1
lfr-tunnel/pkg/server/proxy.go:301.2,301.17 1 1
lfr-tunnel/pkg/server/proxy.go:309.58,311.11 2 1
lfr-tunnel/pkg/server/proxy.go:311.11,313.3 1 1
lfr-tunnel/pkg/server/proxy.go:314.2,314.15 1 1
lfr-tunnel/pkg/server/proxy.go:317.69,326.2 6 1
lfr-tunnel/pkg/server/proxy.go:328.80,330.21 2 0
lfr-tunnel/pkg/server/proxy.go:330.21,332.3 1 0
lfr-tunnel/pkg/server/proxy.go:334.2,338.34 4 0
lfr-tunnel/pkg/server/proxy.go:338.34,340.3 1 0
lfr-tunnel/pkg/server/proxy.go:342.2,343.50 2 0
lfr-tunnel/pkg/server/proxy.go:343.50,345.3 1 0
lfr-tunnel/pkg/server/proxy.go:347.2,352.65 5 0
lfr-tunnel/pkg/server/proxy.go:355.116,362.18 6 1
lfr-tunnel/pkg/server/proxy.go:362.18,366.3 3 0
lfr-tunnel/pkg/server/proxy.go:366.8,370.58 3 1
lfr-tunnel/pkg/server/proxy.go:370.58,372.4 1 1
lfr-tunnel/pkg/server/proxy.go:375.2,376.46 2 1
lfr-tunnel/pkg/server/proxy.go:376.46,378.3 1 0
lfr-tunnel/pkg/server/proxy.go:381.105,390.46 7 0
lfr-tunnel/pkg/server/proxy.go:390.46,392.3 1 0
lfr-tunnel/pkg/server/proxy.go:395.122,397.21 1 1
lfr-tunnel/pkg/server/proxy.go:397.21,398.57 1 0
lfr-tunnel/pkg/server/proxy.go:398.57,399.34 1 0
lfr-tunnel/pkg/server/proxy.go:399.34,401.5 1 0
lfr-tunnel/pkg/server/proxy.go:402.4,402.19 1 0
lfr-tunnel/pkg/server/proxy.go:402.19,404.24 2 0
lfr-tunnel/pkg/server/proxy.go:404.24,409.34 4 0
lfr-tunnel/pkg/server/proxy.go:409.34,410.66 1 0
lfr-tunnel/pkg/server/proxy.go:410.66,412.8 1 0
lfr-tunnel/pkg/server/proxy.go:420.2,420.62 1 1
lfr-tunnel/pkg/server/proxy.go:420.62,424.24 4 1
lfr-tunnel/pkg/server/proxy.go:424.24,426.4 1 0
lfr-tunnel/pkg/server/proxy.go:428.3,429.18 2 1
lfr-tunnel/pkg/server/proxy.go:429.18,431.23 2 1
lfr-tunnel/pkg/server/proxy.go:431.23,434.33 3 1
lfr-tunnel/pkg/server/proxy.go:434.33,436.6 1 1
lfr-tunnel/pkg/server/proxy.go:440.3,440.64 1 1
lfr-tunnel/pkg/server/proxy.go:440.64,457.4 6 1
lfr-tunnel/pkg/server/proxy.go:459.3,460.15 2 0
lfr-tunnel/pkg/server/proxy.go:464.2,468.17 4 1
lfr-tunnel/pkg/server/proxy.go:468.17,470.22 2 1
lfr-tunnel/pkg/server/proxy.go:470.22,473.32 3 1
lfr-tunnel/pkg/server/proxy.go:473.32,476.29 3 1
lfr-tunnel/pkg/server/proxy.go:476.29,478.6 1 1
lfr-tunnel/pkg/server/proxy.go:484.2,484.21 1 1
lfr-tunnel/pkg/server/proxy.go:484.21,485.50 1 1
lfr-tunnel/pkg/server/proxy.go:485.50,488.4 2 0
lfr-tunnel/pkg/server/proxy.go:491.2,494.37 3 1
lfr-tunnel/pkg/server/proxy.go:494.37,496.3 1 1
lfr-tunnel/pkg/server/proxy.go:498.2,500.20 3 1
lfr-tunnel/pkg/server/proxy.go:500.20,502.3 1 1
lfr-tunnel/pkg/server/proxy.go:504.2,505.17 2 1
lfr-tunnel/pkg/server/proxy.go:505.17,506.64 1 1
lfr-tunnel/pkg/server/proxy.go:506.64,510.4 3 0
lfr-tunnel/pkg/server/proxy.go:513.2,513.25 1 1
lfr-tunnel/pkg/server/proxy.go:513.25,514.35 1 0
lfr-tunnel/pkg/server/proxy.go:514.35,517.4 2 0
lfr-tunnel/pkg/server/proxy.go:518.3,518.38 1 0
lfr-tunnel/pkg/server/proxy.go:518.38,521.4 2 0
lfr-tunnel/pkg/server/proxy.go:522.8,523.34 1 1
lfr-tunnel/pkg/server/proxy.go:523.34,525.4 1 1
lfr-tunnel/pkg/server/proxy.go:526.3,526.37 1 1
lfr-tunnel/pkg/server/proxy.go:526.37,528.4 1 0
lfr-tunnel/pkg/server/proxy.go:529.3,529.18 1 1
lfr-tunnel/pkg/server/proxy.go:529.18,532.4 2 1
lfr-tunnel/pkg/server/proxy.go:533.3,533.35 1 0
lfr-tunnel/pkg/server/proxy.go:533.35,536.4 2 0
lfr-tunnel/pkg/server/proxy.go:539.2,539.13 1 0
lfr-tunnel/pkg/server/proxy.go:542.59,544.16 2 1
lfr-tunnel/pkg/server/proxy.go:544.16,546.3 1 0
lfr-tunnel/pkg/server/proxy.go:548.2,549.28 2 1
lfr-tunnel/pkg/server/proxy.go:549.28,551.18 2 1
lfr-tunnel/pkg/server/proxy.go:551.18,552.12 1 0
lfr-tunnel/pkg/server/proxy.go:554.3,554.56 1 1
lfr-tunnel/pkg/server/proxy.go:554.56,555.27 1 1
lfr-tunnel/pkg/server/proxy.go:555.27,557.5 1 0
lfr-tunnel/pkg/server/proxy.go:559.3,559.54 1 1
lfr-tunnel/pkg/server/proxy.go:559.54,560.27 1 1
lfr-tunnel/pkg/server/proxy.go:560.27,562.5 1 1
lfr-tunnel/pkg/server/proxy.go:565.2,565.14 1 1
lfr-tunnel/pkg/server/proxy.go:568.71,574.2 5 1
lfr-tunnel/pkg/server/proxy.go:576.78,578.78 2 1
lfr-tunnel/pkg/server/proxy.go:578.78,580.3 1 1
lfr-tunnel/pkg/server/proxy.go:582.2,582.21 1 1
lfr-tunnel/pkg/server/proxy.go:582.21,583.43 1 1
lfr-tunnel/pkg/server/proxy.go:583.43,584.61 1 1
lfr-tunnel/pkg/server/proxy.go:584.61,586.5 1 1
lfr-tunnel/pkg/server/proxy.go:588.3,588.32 1 1
lfr-tunnel/pkg/server/proxy.go:588.32,590.4 1 0
lfr-tunnel/pkg/server/proxy.go:592.2,592.32 1 1
lfr-tunnel/pkg/server/proxy.go:595.93,599.2 3 1
lfr-tunnel/pkg/server/server.go:158.59,164.16 3 1
lfr-tunnel/pkg/server/server.go:164.16,166.3 1 0
lfr-tunnel/pkg/server/server.go:168.2,173.16 4 1
lfr-tunnel/pkg/server/server.go:173.16,175.3 1 0
lfr-tunnel/pkg/server/server.go:176.2,179.22 3 1
lfr-tunnel/pkg/server/server.go:179.22,182.17 3 1
lfr-tunnel/pkg/server/server.go:182.17,184.4 1 0
lfr-tunnel/pkg/server/server.go:187.2,188.31 2 1
lfr-tunnel/pkg/server/server.go:188.31,197.3 1 0
lfr-tunnel/pkg/server/server.go:199.2,199.37 1 1
lfr-tunnel/pkg/server/server.go:199.37,201.3 1 1
lfr-tunnel/pkg/server/server.go:202.2,202.30 1 1
lfr-tunnel/pkg/server/server.go:202.30,204.3 1 1
lfr-tunnel/pkg/server/server.go:205.2,205.36 1 1
lfr-tunnel/pkg/server/server.go:205.36,207.3 1 1
lfr-tunnel/pkg/server/server.go:209.2,211.57 3 1
lfr-tunnel/pkg/server/server.go:211.57,214.17 3 0
lfr-tunnel/pkg/server/server.go:214.17,216.4 1 0
lfr-tunnel/pkg/server/server.go:216.9,218.4 1 0
lfr-tunnel/pkg/server/server.go:221.2,256.39 6 1
lfr-tunnel/pkg/server/server.go:256.39,258.3 1 0
lfr-tunnel/pkg/server/server.go:260.2,260.57 1 1
lfr-tunnel/pkg/server/server.go:260.57,266.32 5 1
lfr-tunnel/pkg/server/server.go:266.32,277.4 2 0
lfr-tunnel/pkg/server/server.go:278.3,278.30 1 1
lfr-tunnel/pkg/server/server.go:278.30,280.4 1 1
lfr-tunnel/pkg/server/server.go:281.3,281.41 1 1
lfr-tunnel/pkg/server/server.go:281.41,283.4 1 1
lfr-tunnel/pkg/server/server.go:284.3,284.36 1 1
lfr-tunnel/pkg/server/server.go:284.36,286.4 1 1
lfr-tunnel/pkg/server/server.go:287.3,287.27 1 1
lfr-tunnel/pkg/server/server.go:291.2,291.19 1 1
lfr-tunnel/pkg/server/server.go:291.19,292.59 1 1
lfr-tunnel/pkg/server/server.go:292.59,293.31 1 1
lfr-tunnel/pkg/server/server.go:293.31,295.5 1 0
lfr-tunnel/pkg/server/server.go:299.3,301.30 3 1
lfr-tunnel/pkg/server/server.go:301.30,303.4 1 0
lfr-tunnel/pkg/server/server.go:303.9,309.4 4 1
lfr-tunnel/pkg/server/server.go:310.3,312.29 2 1
lfr-tunnel/pkg/server/server.go:312.29,314.18 2 1
lfr-tunnel/pkg/server/server.go:314.18,318.23 4 1
lfr-tunnel/pkg/server/server.go:318.23,320.6 1 0
lfr-tunnel/pkg/server/server.go:321.5,328.7 1 1
lfr-tunnel/pkg/server/server.go:329.10,329.40 1 0
lfr-tunnel/pkg/server/server.go:329.40,332.5 2 0
lfr-tunnel/pkg/server/server.go:336.2,336.54 1 1
lfr-tunnel/pkg/server/server.go:336.54,338.3 1 1
lfr-tunnel/pkg/server/server.go:340.2,343.19 3 1
lfr-tunnel/pkg/server/server.go:343.19,345.3 1 1
lfr-tunnel/pkg/server/server.go:347.2,347.62 1 1
lfr-tunnel/pkg/server/server.go:347.62,349.3 1 1
lfr-tunnel/pkg/server/server.go:351.2,351.17 1 1
lfr-tunnel/pkg/server/server.go:355.41,356.17 1 1
lfr-tunnel/pkg/server/server.go:356.17,358.3 1 0
lfr-tunnel/pkg/server/server.go:360.2,361.54 2 1
lfr-tunnel/pkg/server/server.go:361.54,363.3 1 0
lfr-tunnel/pkg/server/server.go:366.2,371.16 4 1
lfr-tunnel/pkg/server/server.go:371.16,373.3 1 1
lfr-tunnel/pkg/server/server.go:375.2,376.12 2 1
lfr-tunnel/pkg/server/server.go:380.49,381.12 1 1
lfr-tunnel/pkg/server/server.go:381.12,386.44 3 1
lfr-tunnel/pkg/server/server.go:386.44,388.4 1 1
lfr-tunnel/pkg/server/server.go:390.3,390.7 1 1
lfr-tunnel/pkg/server/server.go:390.7,391.11 1 1
lfr-tunnel/pkg/server/server.go:392.24,393.11 1 1
lfr-tunnel/pkg/server/server.go:394.20,395.46 1 0
lfr-tunnel/pkg/server/server.go:395.46,397.6 1 0
lfr-tunnel/pkg/server/server.go:404.58,408.13 4 1
lfr-tunnel/pkg/server/server.go:408.13,415.3 2 1
lfr-tunnel/pkg/server/server.go:415.8,417.3 1 1
lfr-tunnel/pkg/server/server.go:418.2,418.22 1 1
lfr-tunnel/pkg/server/server.go:422.63,424.12 2 1
lfr-tunnel/pkg/server/server.go:424.12,426.7 2 1
lfr-tunnel/pkg/server/server.go:426.7,427.11 1 1
lfr-tunnel/pkg/server/server.go:428.22,429.11 1 1
lfr-tunnel/pkg/server/server.go:430.20,433.43 3 0
lfr-tunnel/pkg/server/server.go:433.43,434.47 1 0
lfr-tunnel/pkg/server/server.go:434.47,436.7 1 0
lfr-tunnel/pkg/server/server.go:438.5,438.23 1 0
lfr-tunnel/pkg/server/server.go:445.68,448.46 2 1
lfr-tunnel/pkg/server/server.go:448.46,449.22 1 1
lfr-tunnel/pkg/server/server.go:449.22,452.4 2 1
lfr-tunnel/pkg/server/server.go:454.2,454.49 1 1
lfr-tunnel/pkg/server/server.go:454.49,457.3 2 0
lfr-tunnel/pkg/server/server.go:460.2,460.44 1 1
lfr-tunnel/pkg/server/server.go:460.44,462.23 2 1
lfr-tunnel/pkg/server/server.go:462.23,468.20 5 1
lfr-tunnel/pkg/server/server.go:468.20,473.20 4 0
lfr-tunnel/pkg/server/server.go:473.20,477.6 3 0
lfr-tunnel/pkg/server/server.go:479.5,480.11 2 0
lfr-tunnel/pkg/server/server.go:483.4,484.10 2 1
lfr-tunnel/pkg/server/server.go:489.2,490.54 2 1
lfr-tunnel/pkg/server/server.go:490.54,492.3 1 1
lfr-tunnel/pkg/server/server.go:493.2,501.34 4 1
lfr-tunnel/pkg/server/server.go:501.34,503.3 1 1
lfr-tunnel/pkg/server/server.go:505.2,505.35 1 1
lfr-tunnel/pkg/server/server.go:505.35,506.14 1 1
lfr-tunnel/pkg/server/server.go:506.14,507.12 1 0
lfr-tunnel/pkg/server/server.go:509.3,509.82 1 1
lfr-tunnel/pkg/server/server.go:509.82,511.9 2 1
lfr-tunnel/pkg/server/server.go:515.2,515.15 1 1
lfr-tunnel/pkg/server/server.go:515.15,517.63 1 1
lfr-tunnel/pkg/server/server.go:517.63,519.22 2 1
lfr-tunnel/pkg/server/server.go:520.150,521.18 1 1
lfr-tunnel/pkg/server/server.go:523.4,523.86 1 1
lfr-tunnel/pkg/server/server.go:523.86,525.5 1 1
lfr-tunnel/pkg/server/server.go:526.4,526.15 1 1
lfr-tunnel/pkg/server/server.go:526.15,527.68 1 1
lfr-tunnel/pkg/server/server.go:527.68,528.27 1 1
lfr-tunnel/pkg/server/server.go:528.27,534.7 2 1
lfr-tunnel/pkg/server/server.go:538.3,538.67 1 1
lfr-tunnel/pkg/server/server.go:538.67,541.4 2 1
lfr-tunnel/pkg/server/server.go:543.3,543.81 1 1
lfr-tunnel/pkg/server/server.go:543.81,546.4 2 1
lfr-tunnel/pkg/server/server.go:548.3,548.80 1 1
lfr-tunnel/pkg/server/server.go:548.80,551.4 2 1
lfr-tunnel/pkg/server/server.go:553.3,553.77 1 1
lfr-tunnel/pkg/server/server.go:553.77,556.4 2 0
lfr-tunnel/pkg/server/server.go:558.3,558.83 1 1
lfr-tunnel/pkg/server/server.go:558.83,561.4 2 1
lfr-tunnel/pkg/server/server.go:563.3,563.82 1 1
lfr-tunnel/pkg/server/server.go:563.82,566.4 2 0
lfr-tunnel/pkg/server/server.go:568.3,568.52 1 1
lfr-tunnel/pkg/server/server.go:568.52,571.4 2 1
lfr-tunnel/pkg/server/server.go:573.3,573.72 1 1
lfr-tunnel/pkg/server/server.go:573.72,576.4 2 0
lfr-tunnel/pkg/server/server.go:578.3,578.65 1 1
lfr-tunnel/pkg/server/server.go:578.65,581.4 2 1
lfr-tunnel/pkg/server/server.go:583.3,583.74 1 1
lfr-tunnel/pkg/server/server.go:583.74,586.4 2 1
lfr-tunnel/pkg/server/server.go:588.3,588.65 1 1
lfr-tunnel/pkg/server/server.go:588.65,590.24 2 1
lfr-tunnel/pkg/server/server.go:590.24,592.5 1 1
lfr-tunnel/pkg/server/server.go:593.4,594.23 2 1
lfr-tunnel/pkg/server/server.go:594.23,596.5 1 1
lfr-tunnel/pkg/server/server.go:598.4,604.15 6 1
lfr-tunnel/pkg/server/server.go:604.15,606.5 1 0
lfr-tunnel/pkg/server/server.go:606.10,606.76 1 1
lfr-tunnel/pkg/server/server.go:606.76,608.5 1 1
lfr-tunnel/pkg/server/server.go:610.4,611.34 2 1
lfr-tunnel/pkg/server/server.go:611.34,613.5 1 0
lfr-tunnel/pkg/server/server.go:615.4,618.29 3 1
lfr-tunnel/pkg/server/server.go:618.29,620.5 1 1
lfr-tunnel/pkg/server/server.go:622.4,623.30 2 1
lfr-tunnel/pkg/server/server.go:623.30,625.5 1 1
lfr-tunnel/pkg/server/server.go:626.4,627.41 2 1
lfr-tunnel/pkg/server/server.go:627.41,628.48 1 0
lfr-tunnel/pkg/server/server.go:628.48,631.26 3 0
lfr-tunnel/pkg/server/server.go:631.26,633.7 1 0
lfr-tunnel/pkg/server/server.go:636.4,661.10 3 1
lfr-tunnel/pkg/server/server.go:664.3,664.73 1 1
lfr-tunnel/pkg/server/server.go:664.73,667.4 2 1
lfr-tunnel/pkg/server/server.go:669.3,669.77 1 1
lfr-tunnel/pkg/server/server.go:669.77,672.4 2 1
lfr-tunnel/pkg/server/server.go:674.3,674.75 1 1
lfr-tunnel/pkg/server/server.go:674.75,677.4 2 1
lfr-tunnel/pkg/server/server.go:679.3,679.69 1 1
lfr-tunnel/pkg/server/server.go:679.69,682.4 2 1
lfr-tunnel/pkg/server/server.go:684.3,684.62 1 1
lfr-tunnel/pkg/server/server.go:684.62,687.4 2 0
lfr-tunnel/pkg/server/server.go:689.3,689.71 1 1
[...]
lfr-tunnel/pkg/server/server.go:4608.2,4609.42 2 1
lfr-tunnel/pkg/server/server.go:4609.42,4610.36 1 0
lfr-tunnel/pkg/server/server.go:4610.36,4612.9 2 0
lfr-tunnel/pkg/server/server.go:4615.2,4618.64 3 1
lfr-tunnel/pkg/server/server.go:4618.64,4620.3 1 0
lfr-tunnel/pkg/server/server.go:4620.8,4620.71 1 1
lfr-tunnel/pkg/server/server.go:4620.71,4622.3 1 0
lfr-tunnel/pkg/server/server.go:4624.2,4624.49 1 1
lfr-tunnel/pkg/server/server.go:4624.49,4626.3 1 0
lfr-tunnel/pkg/server/server.go:4628.2,4628.85 1 1
lfr-tunnel/pkg/server/server.go:4628.85,4633.3 2 0
lfr-tunnel/pkg/server/server.go:4635.2,4636.45 2 1
lfr-tunnel/pkg/server/server.go:4636.45,4638.29 2 0
lfr-tunnel/pkg/server/server.go:4638.29,4639.65 1 0
lfr-tunnel/pkg/server/server.go:4639.65,4641.5 1 0
lfr-tunnel/pkg/server/server.go:4643.3,4643.35 1 0
lfr-tunnel/pkg/server/server.go:4646.2,4647.30 2 1
lfr-tunnel/pkg/server/server.go:4647.30,4649.3 1 1
lfr-tunnel/pkg/server/server.go:4651.2,4652.28 2 1
lfr-tunnel/pkg/server/server.go:4652.28,4654.3 1 1
lfr-tunnel/pkg/server/server.go:4656.2,4675.4 3 1
lfr-tunnel/pkg/server/server.go:4678.79,4680.21 2 1
lfr-tunnel/pkg/server/server.go:4680.21,4683.3 2 0
lfr-tunnel/pkg/server/server.go:4685.2,4689.39 4 1
lfr-tunnel/pkg/server/server.go:4689.39,4690.32 1 1
lfr-tunnel/pkg/server/server.go:4690.32,4692.9 2 1
lfr-tunnel/pkg/server/server.go:4696.2,4696.17 1 1
lfr-tunnel/pkg/server/server.go:4696.17,4699.3 2 0
lfr-tunnel/pkg/server/server.go:4701.2,4706.65 2 1
lfr-tunnel/pkg/server/server.go:4706.65,4709.3 2 0
lfr-tunnel/pkg/server/server.go:4711.2,4715.8 4 1
lfr-tunnel/pkg/server/server.go:4715.8,4717.28 2 0
lfr-tunnel/pkg/server/server.go:4717.28,4718.40 1 0
lfr-tunnel/pkg/server/server.go:4718.40,4720.5 1 0
lfr-tunnel/pkg/server/server.go:4722.3,4722.26 1 0
lfr-tunnel/pkg/server/server.go:4722.26,4724.4 1 0
lfr-tunnel/pkg/server/server.go:4724.9,4726.4 1 0
lfr-tunnel/pkg/server/server.go:4729.2,4729.30 1 1
lfr-tunnel/pkg/server/server.go:4732.104,4742.16 3 1
lfr-tunnel/pkg/server/server.go:4742.16,4744.3 1 0
lfr-tunnel/pkg/server/server.go:4746.2,4747.16 2 1
lfr-tunnel/pkg/server/server.go:4747.16,4749.3 1 0
lfr-tunnel/pkg/server/server.go:4750.2,4754.16 4 1
lfr-tunnel/pkg/server/server.go:4754.16,4757.3 2 0
lfr-tunnel/pkg/server/server.go:4758.2,4758.25 1 1
lfr-tunnel/pkg/server/server.go:4761.77,4763.21 2 1
lfr-tunnel/pkg/server/server.go:4763.21,4766.3 2 1
lfr-tunnel/pkg/server/server.go:4768.2,4772.39 4 0
lfr-tunnel/pkg/server/server.go:4772.39,4773.32 1 0
lfr-tunnel/pkg/server/server.go:4773.32,4775.9 2 0
lfr-tunnel/pkg/server/server.go:4779.2,4779.17 1 0
lfr-tunnel/pkg/server/server.go:4779.17,4782.3 2 0
lfr-tunnel/pkg/server/server.go:4784.2,4793.65 2 0
lfr-tunnel/pkg/server/server.go:4793.65,4796.3 2 0
lfr-tunnel/pkg/server/server.go:4798.2,4798.17 1 0
lfr-tunnel/pkg/server/server.go:4798.17,4807.53 2 0
lfr-tunnel/pkg/server/server.go:4807.53,4809.4 1 0
lfr-tunnel/pkg/server/server.go:4812.2,4812.30 1 0
lfr-tunnel/pkg/server/server.go:4815.76,4817.21 2 1
lfr-tunnel/pkg/server/server.go:4817.21,4820.3 2 0
lfr-tunnel/pkg/server/server.go:4822.2,4827.39 5 1
lfr-tunnel/pkg/server/server.go:4827.39,4828.32 1 1
lfr-tunnel/pkg/server/server.go:4828.32,4831.9 3 1
lfr-tunnel/pkg/server/server.go:4835.2,4835.17 1 1
lfr-tunnel/pkg/server/server.go:4835.17,4838.3 2 0
lfr-tunnel/pkg/server/server.go:4840.2,4841.69 2 1
lfr-tunnel/pkg/server/server.go:4841.69,4844.3 2 0
lfr-tunnel/pkg/server/server.go:4846.2,4846.17 1 1
lfr-tunnel/pkg/server/server.go:4846.17,4847.33 1 1
lfr-tunnel/pkg/server/server.go:4847.33,4849.54 2 1
lfr-tunnel/pkg/server/server.go:4849.54,4851.5 1 0
lfr-tunnel/pkg/server/server.go:4856.2,4857.32 2 1
lfr-tunnel/pkg/server/server.go:4857.32,4858.47 1 1
lfr-tunnel/pkg/server/server.go:4858.47,4859.32 1 1
lfr-tunnel/pkg/server/server.go:4859.32,4860.69 1 1
lfr-tunnel/pkg/server/server.go:4860.69,4863.6 2 1
lfr-tunnel/pkg/server/server.go:4867.2,4869.30 2 1
lfr-tunnel/pkg/server/server.go:4872.73,4877.21 3 1
lfr-tunnel/pkg/server/server.go:4877.21,4880.32 3 0
lfr-tunnel/pkg/server/server.go:4880.32,4882.4 1 0
lfr-tunnel/pkg/server/server.go:4883.8,4886.60 2 1
lfr-tunnel/pkg/server/server.go:4886.60,4888.4 1 0
lfr-tunnel/pkg/server/server.go:4891.2,4891.17 1 1
lfr-tunnel/pkg/server/server.go:4891.17,4894.3 2 1
lfr-tunnel/pkg/server/server.go:4896.2,4899.65 2 0
lfr-tunnel/pkg/server/server.go:4899.65,4902.3 2 0
lfr-tunnel/pkg/server/server.go:4904.2,4904.23 1 0
lfr-tunnel/pkg/server/server.go:4904.23,4906.12 2 0
lfr-tunnel/pkg/server/server.go:4906.12,4909.4 2 0
lfr-tunnel/pkg/server/server.go:4912.2,4912.84 1 0
lfr-tunnel/pkg/server/server.go:4916.51,4919.33 3 1
lfr-tunnel/pkg/server/server.go:4919.33,4921.17 2 1
lfr-tunnel/pkg/server/server.go:4921.17,4922.12 1 0
lfr-tunnel/pkg/server/server.go:4924.3,4925.17 2 1
lfr-tunnel/pkg/server/server.go:4925.17,4928.4 2 1
lfr-tunnel/pkg/server/server.go:4930.2,4930.14 1 0
lfr-tunnel/pkg/server/server.go:4933.38,4934.6 1 1
lfr-tunnel/pkg/server/server.go:4934.6,4940.40 5 1
lfr-tunnel/pkg/server/server.go:4940.40,4941.22 1 1
lfr-tunnel/pkg/server/server.go:4941.22,4942.13 1 0
lfr-tunnel/pkg/server/server.go:4945.4,4945.19 1 1
lfr-tunnel/pkg/server/server.go:4945.19,4947.13 2 0
lfr-tunnel/pkg/server/server.go:4950.4,4953.18 4 1
lfr-tunnel/pkg/server/server.go:4953.18,4955.13 2 0
lfr-tunnel/pkg/server/server.go:4958.4,4963.18 4 1
lfr-tunnel/pkg/server/server.go:4963.18,4965.13 2 1
lfr-tunnel/pkg/server/server.go:4968.4,4969.40 2 0
lfr-tunnel/pkg/server/server.go:4969.40,4973.68 2 0
lfr-tunnel/pkg/server/server.go:4973.68,4976.6 2 0
lfr-tunnel/pkg/server/server.go:4978.4,4980.40 2 0
lfr-tunnel/pkg/server/server.go:4980.40,4982.5 1 0
lfr-tunnel/pkg/server/server.go:4982.10,4984.5 1 0
lfr-tunnel/pkg/server/server.go:4986.3,4986.10 1 1
lfr-tunnel/pkg/server/server.go:4987.23,4988.10 1 1
lfr-tunnel/pkg/server/server.go:4989.39,4989.39 0 0
lfr-tunnel/pkg/server/server.go:4995.100,5000.39 4 1
lfr-tunnel/pkg/server/server.go:5000.39,5001.38 1 1
lfr-tunnel/pkg/server/server.go:5001.38,5002.49 1 1
lfr-tunnel/pkg/server/server.go:5002.49,5004.69 2 1
lfr-tunnel/pkg/server/server.go:5004.69,5006.6 1 1
lfr-tunnel/pkg/server/server.go:5008.4,5008.9 1 1
lfr-tunnel/pkg/server/server.go:5012.2,5019.3 1 1
lfr-tunnel/pkg/server/server.go:5022.75,5025.33 3 1
lfr-tunnel/pkg/server/server.go:5025.33,5027.3 1 1
lfr-tunnel/pkg/server/server.go:5028.2,5031.42 3 1
lfr-tunnel/pkg/server/server.go:5031.42,5033.14 2 1
lfr-tunnel/pkg/server/server.go:5033.14,5038.4 1 1
lfr-tunnel/pkg/server/server.go:5038.9,5041.4 2 0
lfr-tunnel/pkg/server/server.go:5042.3,5042.22 1 1
lfr-tunnel/pkg/server/server.go:5042.22,5044.4 1 1
lfr-tunnel/pkg/server/server.go:5045.3,5045.25 1 1
lfr-tunnel/pkg/server/server.go:5045.25,5047.4 1 1
lfr-tunnel/pkg/server/server.go:5048.3,5048.40 1 1
lfr-tunnel/pkg/server/server.go:5048.40,5049.58 1 0
lfr-tunnel/pkg/server/server.go:5049.58,5052.5 2 0
lfr-tunnel/pkg/server/server.go:5054.3,5054.20 1 1
lfr-tunnel/pkg/server/server.go:5056.2,5066.41 6 1
lfr-tunnel/pkg/server/server.go:5072.46,5074.42 2 1
lfr-tunnel/pkg/server/server.go:5074.42,5076.3 1 0
lfr-tunnel/pkg/server/server.go:5077.2,5077.46 1 1
lfr-tunnel/pkg/server/server.go:5081.51,5082.34 1 1
lfr-tunnel/pkg/server/server.go:5082.34,5083.50 1 1
lfr-tunnel/pkg/server/server.go:5083.50,5085.4 1 1
lfr-tunnel/pkg/server/server.go:5087.2,5087.13 1 1
lfr-tunnel/pkg/server/server.go:5091.61,5092.34 1 1
lfr-tunnel/pkg/server/server.go:5092.34,5094.3 1 0
lfr-tunnel/pkg/server/server.go:5095.2,5101.16 6 1
lfr-tunnel/pkg/server/server.go:5101.16,5103.3 1 0
lfr-tunnel/pkg/server/server.go:5103.8,5105.3 1 1
lfr-tunnel/pkg/server/server.go:5109.46,5110.63 1 1
lfr-tunnel/pkg/server/server.go:5110.63,5112.3 1 0
lfr-tunnel/pkg/server/server.go:5114.2,5119.16 4 1
lfr-tunnel/pkg/server/server.go:5119.16,5122.3 2 0
lfr-tunnel/pkg/server/server.go:5124.2,5124.31 1 1
lfr-tunnel/pkg/server/server.go:5124.31,5126.17 2 1
lfr-tunnel/pkg/server/server.go:5126.17,5128.12 2 0
lfr-tunnel/pkg/server/server.go:5131.3,5131.43 1 1
lfr-tunnel/pkg/server/server.go:5131.43,5132.12 1 1
lfr-tunnel/pkg/server/server.go:5135.3,5139.56 4 1
lfr-tunnel/pkg/server/server.go:5139.56,5151.18 4 1
lfr-tunnel/pkg/server/server.go:5151.18,5159.5 2 0
lfr-tunnel/pkg/server/server.go:5161.4,5165.21 3 1
lfr-tunnel/pkg/server/server.go:5165.21,5167.5 1 0
lfr-tunnel/pkg/server/server.go:5169.4,5169.94 1 1
lfr-tunnel/pkg/server/server.go:5169.94,5171.13 2 0
lfr-tunnel/pkg/server/server.go:5174.4,5175.63 2 1
lfr-tunnel/pkg/server/server.go:5175.63,5177.5 1 0
lfr-tunnel/pkg/server/server.go:5178.9,5178.34 1 1
lfr-tunnel/pkg/server/server.go:5178.34,5189.18 3 1
lfr-tunnel/pkg/server/server.go:5189.18,5197.5 2 0
lfr-tunnel/pkg/server/server.go:5199.4,5203.21 3 1
lfr-tunnel/pkg/server/server.go:5203.21,5205.5 1 0
lfr-tunnel/pkg/server/server.go:5207.4,5207.94 1 1
lfr-tunnel/pkg/server/server.go:5207.94,5209.13 2 0
lfr-tunnel/pkg/server/server.go:5212.4,5213.63 2 1
lfr-tunnel/pkg/server/server.go:5213.63,5215.5 1 0
lfr-tunnel/pkg/server/sso.go:21.35,25.2 3 1
lfr-tunnel/pkg/server/sso.go:27.149,29.40 2 1
lfr-tunnel/pkg/server/sso.go:29.40,30.28 1 0
lfr-tunnel/pkg/server/sso.go:30.28,32.9 2 0
lfr-tunnel/pkg/server/sso.go:35.2,35.14 1 1
lfr-tunnel/pkg/server/sso.go:35.14,37.3 1 1
lfr-tunnel/pkg/server/sso.go:39.2,41.16 3 0
lfr-tunnel/pkg/server/sso.go:41.16,43.3 1 0
lfr-tunnel/pkg/server/sso.go:45.2,46.66 2 0
lfr-tunnel/pkg/server/sso.go:46.66,48.3 1 0
lfr-tunnel/pkg/server/sso.go:49.2,58.39 3 0
lfr-tunnel/pkg/server/sso.go:61.73,63.22 2 1
lfr-tunnel/pkg/server/sso.go:63.22,66.3 2 1
lfr-tunnel/pkg/server/sso.go:68.2,69.16 2 1
lfr-tunnel/pkg/server/sso.go:69.16,73.3 3 1
lfr-tunnel/pkg/server/sso.go:75.2,88.44 4 0
lfr-tunnel/pkg/server/sso.go:91.76,93.22 2 1
lfr-tunnel/pkg/server/sso.go:93.22,96.3 2 1
lfr-tunnel/pkg/server/sso.go:98.2,99.61 2 0
lfr-tunnel/pkg/server/sso.go:99.61,102.3 2 0
lfr-tunnel/pkg/server/sso.go:104.2,105.16 2 0
lfr-tunnel/pkg/server/sso.go:105.16,108.3 2 0
lfr-tunnel/pkg/server/sso.go:110.2,112.16 3 0
lfr-tunnel/pkg/server/sso.go:112.16,115.3 2 0
lfr-tunnel/pkg/server/sso.go:117.2,118.9 2 0
lfr-tunnel/pkg/server/sso.go:118.9,121.3 2 0
lfr-tunnel/pkg/server/sso.go:123.2,129.16 4 0
lfr-tunnel/pkg/server/sso.go:129.16,132.3 2 0
lfr-tunnel/pkg/server/sso.go:134.2,141.48 2 0
lfr-tunnel/pkg/server/sso.go:141.48,144.3 2 0
lfr-tunnel/pkg/server/sso.go:146.2,147.17 2 0
lfr-tunnel/pkg/server/sso.go:147.17,150.3 2 0
lfr-tunnel/pkg/server/sso.go:153.2,154.46 2 0
lfr-tunnel/pkg/server/sso.go:154.46,155.38 1 0
lfr-tunnel/pkg/server/sso.go:155.38,157.9 2 0
lfr-tunnel/pkg/server/sso.go:160.2,160.52 1 0
lfr-tunnel/pkg/server/sso.go:160.52,163.3 2 0
lfr-tunnel/pkg/server/sso.go:166.2,167.41 2 0
lfr-tunnel/pkg/server/sso.go:167.41,170.3 2 0
lfr-tunnel/pkg/server/sso.go:171.2,171.27 1 0
lfr-tunnel/pkg/server/sso.go:171.27,184.39 2 0
lfr-tunnel/pkg/server/sso.go:184.39,186.4 1 0
lfr-tunnel/pkg/server/sso.go:187.3,187.47 1 0
lfr-tunnel/pkg/server/sso.go:187.47,191.4 3 0
lfr-tunnel/pkg/server/sso.go:192.8,192.38 1 0
lfr-tunnel/pkg/server/sso.go:192.38,194.47 2 0
lfr-tunnel/pkg/server/sso.go:194.47,196.4 1 0
lfr-tunnel/pkg/server/sso.go:200.2,202.54 3 0
lfr-tunnel/pkg/server/sso.go:202.54,204.45 2 0
lfr-tunnel/pkg/server/sso.go:204.45,206.39 2 0
lfr-tunnel/pkg/server/sso.go:206.39,209.5 2 0
lfr-tunnel/pkg/server/sso.go:211.3,211.14 1 0
lfr-tunnel/pkg/server/sso.go:214.2,241.44 4 0
lfr-tunnel/pkg/server/telemetry_ws.go:20.42,23.3 1 1
lfr-tunnel/pkg/server/telemetry_ws.go:35.31,36.15 1 1
lfr-tunnel/pkg/server/telemetry_ws.go:36.15,39.3 2 1
lfr-tunnel/pkg/server/telemetry_ws.go:40.2,42.43 3 1
lfr-tunnel/pkg/server/telemetry_ws.go:42.43,45.3 2 0
lfr-tunnel/pkg/server/telemetry_ws.go:46.2,46.6 1 1
lfr-tunnel/pkg/server/telemetry_ws.go:46.6,48.17 2 1
lfr-tunnel/pkg/server/telemetry_ws.go:48.17,49.9 1 1
lfr-tunnel/pkg/server/telemetry_ws.go:54.32,56.15 2 1
lfr-tunnel/pkg/server/telemetry_ws.go:56.15,59.3 2 1
lfr-tunnel/pkg/server/telemetry_ws.go:60.2,60.6 1 1
lfr-tunnel/pkg/server/telemetry_ws.go:60.6,61.10 1 1
lfr-tunnel/pkg/server/telemetry_ws.go:62.28,64.11 2 1
lfr-tunnel/pkg/server/telemetry_ws.go:64.11,67.5 2 1
lfr-tunnel/pkg/server/telemetry_ws.go:68.4,69.18 2 1
lfr-tunnel/pkg/server/telemetry_ws.go:69.18,71.5 1 0
lfr-tunnel/pkg/server/telemetry_ws.go:72.4,72.42 1 1
lfr-tunnel/pkg/server/telemetry_ws.go:72.42,74.5 1 0
lfr-tunnel/pkg/server/telemetry_ws.go:75.4,75.36 1 1
lfr-tunnel/pkg/server/telemetry_ws.go:75.36,77.5 1 0
lfr-tunnel/pkg/server/telemetry_ws.go:78.19,80.74 2 0
lfr-tunnel/pkg/server/telemetry_ws.go:80.74,82.5 1 0
lfr-tunnel/pkg/server/telemetry_ws.go:87.48,91.2 3 1
lfr-tunnel/pkg/server/telemetry_ws.go:93.50,95.33 2 1
lfr-tunnel/pkg/server/telemetry_ws.go:95.33,98.3 2 1
lfr-tunnel/pkg/server/telemetry_ws.go:99.2,99.20 1 1
lfr-tunnel/pkg/server/telemetry_ws.go:103.76,105.16 2 1
lfr-tunnel/pkg/server/telemetry_ws.go:105.16,108.3 2 1
lfr-tunnel/pkg/server/telemetry_ws.go:110.2,111.16 2 1
lfr-tunnel/pkg/server/telemetry_ws.go:111.16,114.3 2 0
lfr-tunnel/pkg/server/telemetry_ws.go:116.2,131.29 5 1
lfr-tunnel/pkg/server/telemetry_ws.go:134.98,136.23 2 1
lfr-tunnel/pkg/server/telemetry_ws.go:136.23,138.28 2 1
lfr-tunnel/pkg/server/telemetry_ws.go:138.28,139.75 1 0
lfr-tunnel/pkg/server/telemetry_ws.go:139.75,141.20 2 0
lfr-tunnel/pkg/server/telemetry_ws.go:141.20,143.25 2 0
lfr-tunnel/pkg/server/telemetry_ws.go:143.25,146.35 3 0
lfr-tunnel/pkg/server/telemetry_ws.go:146.35,150.8 3 0
lfr-tunnel/pkg/server/telemetry_ws.go:154.5,169.7 1 0
lfr-tunnel/pkg/server/telemetry_ws.go:174.2,175.51 2 1
lfr-tunnel/pkg/server/telemetry_ws.go:175.51,176.37 1 0
lfr-tunnel/pkg/server/telemetry_ws.go:176.37,177.73 1 0
lfr-tunnel/pkg/server/telemetry_ws.go:177.73,179.20 2 0
lfr-tunnel/pkg/server/telemetry_ws.go:179.20,181.25 2 0
lfr-tunnel/pkg/server/telemetry_ws.go:181.25,184.35 3 0
lfr-tunnel/pkg/server/telemetry_ws.go:184.35,188.8 3 0
lfr-tunnel/pkg/server/telemetry_ws.go:192.5,207.7 1 0
lfr-tunnel/pkg/server/telemetry_ws.go:211.2,233.24 3 1
lfr-tunnel/pkg/server/telemetry_ws.go:233.24,234.78 1 1
lfr-tunnel/pkg/server/telemetry_ws.go:234.78,235.61 1 1
lfr-tunnel/pkg/server/telemetry_ws.go:235.61,236.43 1 1
lfr-tunnel/pkg/server/telemetry_ws.go:236.43,238.6 1 0
lfr-tunnel/pkg/server/telemetry_ws.go:239.5,239.42 1 1
lfr-tunnel/pkg/server/telemetry_ws.go:239.42,244.6 3 0
lfr-tunnel/pkg/server/telemetry_ws.go:249.2,254.59 5 1
lfr-tunnel/pkg/server/telemetry_ws.go:254.59,256.3 1 1
lfr-tunnel/pkg/server/telemetry_ws.go:257.2,266.13 8 1
lfr-tunnel/pkg/server/telemetry_ws.go:266.13,268.3 1 0
lfr-tunnel/pkg/server/telemetry_ws.go:268.8,268.74 1 1
lfr-tunnel/pkg/server/telemetry_ws.go:268.74,271.3 2 0
lfr-tunnel/pkg/server/telemetry_ws.go:272.2,273.31 2 1
lfr-tunnel/pkg/server/telemetry_ws.go:273.31,275.3 1 0
lfr-tunnel/pkg/server/telemetry_ws.go:277.2,279.13 2 1
lfr-tunnel/pkg/server/telemetry_ws.go:282.49,285.17 3 1
lfr-tunnel/pkg/server/telemetry_ws.go:285.17,287.3 1 1
lfr-tunnel/pkg/server/telemetry_ws.go:288.2,288.28 1 1
lfr-tunnel/pkg/server/telemetry_ws.go:288.28,290.81 1 0
lfr-tunnel/pkg/server/telemetry_ws.go:290.81,297.4 1 0
lfr-tunnel/pkg/server/telemetry_ws.go:297.9,299.4 1 0
lfr-tunnel/pkg/server/telemetry_ws.go:302.2,309.16 4 1
lfr-tunnel/pkg/server/telemetry_ws.go:309.16,311.3 1 0
lfr-tunnel/pkg/server/telemetry_ws.go:313.2,313.9 1 1
lfr-tunnel/pkg/server/telemetry_ws.go:314.21,314.21 0 1
lfr-tunnel/pkg/server/telemetry_ws.go:315.10,317.21 1 0
lfr-tunnel/pkg/server/telemetry_ws.go:322.39,325.34 3 1
lfr-tunnel/pkg/server/telemetry_ws.go:325.34,327.3 1 1
lfr-tunnel/pkg/server/telemetry_ws.go:331.55,334.34 3 1
lfr-tunnel/pkg/server/telemetry_ws.go:334.34,335.30 1 1
lfr-tunnel/pkg/server/telemetry_ws.go:335.30,337.4 1 1
lfr-tunnel/pkg/server/telemetry_ws.go:342.41,343.12 1 1
lfr-tunnel/pkg/server/telemetry_ws.go:343.12,346.7 3 1
lfr-tunnel/pkg/server/telemetry_ws.go:346.7,347.11 1 1
lfr-tunnel/pkg/server/telemetry_ws.go:348.24,349.11 1 1
lfr-tunnel/pkg/server/telemetry_ws.go:350.20,351.27 1 0
lfr-tunnel/pkg/server/totp.go:15.43,17.40 2 1
lfr-tunnel/pkg/server/totp.go:17.40,19.3 1 0
lfr-tunnel/pkg/server/totp.go:21.2,21.80 1 1
lfr-tunnel/pkg/server/totp.go:26.52,28.18 2 1
lfr-tunnel/pkg/server/totp.go:28.18,30.3 1 1
lfr-tunnel/pkg/server/totp.go:33.2,34.24 2 1
lfr-tunnel/pkg/server/totp.go:34.24,36.3 1 1
lfr-tunnel/pkg/server/totp.go:38.2,39.16 2 1
lfr-tunnel/pkg/server/totp.go:39.16,41.3 1 1
lfr-tunnel/pkg/server/totp.go:43.2,44.20 2 1
lfr-tunnel/pkg/server/totp.go:44.20,46.3 1 1
lfr-tunnel/pkg/server/totp.go:48.2,52.54 3 1
lfr-tunnel/pkg/server/totp.go:52.54,54.42 2 1
lfr-tunnel/pkg/server/totp.go:54.42,56.4 1 1
lfr-tunnel/pkg/server/totp.go:59.2,59.14 1 1
lfr-tunnel/pkg/server/totp.go:63.55,78.2 10 1
lfr-tunnel/pkg/server/unsubscribe.go:16.64,28.2 7 1
lfr-tunnel/pkg/server/unsubscribe.go:31.71,33.16 2 1
lfr-tunnel/pkg/server/unsubscribe.go:33.16,35.3 1 0
lfr-tunnel/pkg/server/unsubscribe.go:37.2,38.21 2 1
lfr-tunnel/pkg/server/unsubscribe.go:38.21,40.3 1 0
lfr-tunnel/pkg/server/unsubscribe.go:42.2,48.16 5 1
lfr-tunnel/pkg/server/unsubscribe.go:48.16,50.3 1 0
lfr-tunnel/pkg/server/unsubscribe.go:52.2,52.32 1 1
lfr-tunnel/pkg/server/unsubscribe.go:52.32,54.3 1 0
lfr-tunnel/pkg/server/unsubscribe.go:57.2,62.63 5 1
lfr-tunnel/pkg/server/unsubscribe.go:62.63,64.3 1 0
lfr-tunnel/pkg/server/unsubscribe.go:66.2,66.19 1 1
lfr-tunnel/pkg/server/unsubscribe.go:70.76,72.17 2 1
lfr-tunnel/pkg/server/unsubscribe.go:72.17,75.3 2 0
lfr-tunnel/pkg/server/unsubscribe.go:77.2,78.16 2 1
lfr-tunnel/pkg/server/unsubscribe.go:78.16,82.19 4 0
lfr-tunnel/pkg/server/unsubscribe.go:82.19,85.4 2 0
lfr-tunnel/pkg/server/unsubscribe.go:87.3,89.9 3 0
lfr-tunnel/pkg/server/unsubscribe.go:92.2,92.17 1 1
lfr-tunnel/pkg/server/unsubscribe.go:92.17,94.32 2 1
lfr-tunnel/pkg/server/unsubscribe.go:94.32,98.4 3 1
lfr-tunnel/pkg/server/unsubscribe.go:101.2,104.18 4 1
lfr-tunnel/pkg/server/unsubscribe.go:104.18,107.3 2 0
lfr-tunnel/pkg/server/unsubscribe.go:108.2,108.27 1 1
lfr-tunnel/pkg/server/unsubscribe.go:111.34,117.2 5 1
lfr-tunnel/pkg/server/waf.go:25.65,27.50 1 1
lfr-tunnel/pkg/server/waf.go:27.50,29.3 1 1
lfr-tunnel/pkg/server/waf.go:30.2,30.40 1 1
lfr-tunnel/pkg/server/waf.go:30.40,32.3 1 0
lfr-tunnel/pkg/server/waf.go:33.2,33.40 1 1
lfr-tunnel/pkg/server/waf.go:33.40,35.3 1 0
lfr-tunnel/pkg/server/waf.go:38.2,38.41 1 1
lfr-tunnel/pkg/server/waf.go:38.41,39.30 1 1
lfr-tunnel/pkg/server/waf.go:39.30,41.18 2 1
lfr-tunnel/pkg/server/waf.go:41.18,43.5 1 0
lfr-tunnel/pkg/server/waf.go:44.4,44.51 1 1
lfr-tunnel/pkg/server/waf.go:44.51,46.5 1 0
lfr-tunnel/pkg/server/waf.go:47.4,47.41 1 1
lfr-tunnel/pkg/server/waf.go:47.41,49.5 1 1
lfr-tunnel/pkg/server/waf.go:50.4,50.41 1 1
lfr-tunnel/pkg/server/waf.go:50.41,52.5 1 1
lfr-tunnel/pkg/server/waf.go:53.4,53.50 1 1
lfr-tunnel/pkg/server/waf.go:53.50,55.5 1 1
lfr-tunnel/pkg/server/waf.go:60.2,60.43 1 1
lfr-tunnel/pkg/server/waf.go:60.43,62.3 1 1
lfr-tunnel/pkg/server/waf.go:63.2,63.43 1 1
lfr-tunnel/pkg/server/waf.go:63.43,65.3 1 0
lfr-tunnel/pkg/server/waf.go:66.2,66.52 1 1
lfr-tunnel/pkg/server/waf.go:66.52,68.3 1 1
lfr-tunnel/pkg/server/waf.go:70.2,70.37 1 1
lfr-tunnel/pkg/server/waf.go:70.37,71.43 1 1
lfr-tunnel/pkg/server/waf.go:71.43,73.4 1 1
lfr-tunnel/pkg/server/waf.go:74.3,74.43 1 0
lfr-tunnel/pkg/server/waf.go:74.43,76.4 1 0
lfr-tunnel/pkg/server/waf.go:80.2,87.54 3 1
lfr-tunnel/pkg/server/waf.go:87.54,89.17 2 1
lfr-tunnel/pkg/server/waf.go:89.17,94.75 3 1
lfr-tunnel/pkg/server/waf.go:94.75,95.65 1 1
lfr-tunnel/pkg/server/waf.go:95.65,97.6 1 1
lfr-tunnel/pkg/server/waf.go:100.4,100.49 1 1
lfr-tunnel/pkg/server/waf.go:100.49,102.5 1 0
lfr-tunnel/pkg/server/waf.go:103.4,103.39 1 1
lfr-tunnel/pkg/server/waf.go:103.39,105.5 1 1
lfr-tunnel/pkg/server/waf.go:106.4,106.39 1 1
lfr-tunnel/pkg/server/waf.go:106.39,108.5 1 1
lfr-tunnel/pkg/server/waf.go:109.4,109.48 1 1
lfr-tunnel/pkg/server/waf.go:109.48,111.5 1 0
lfr-tunnel/pkg/server/waf.go:115.2,115.22 1 1
